#
# There is insufficient memory for the Java Runtime Environment to continue.
# Native memory allocation (malloc) failed to allocate 1128176 bytes for Chunk::new
# Possible reasons:
#   The system is out of physical RAM or swap space
#   The process is running with CompressedOops enabled, and the Java Heap may be blocking the growth of the native heap
# Possible solutions:
#   Reduce memory load on the system
#   Increase physical memory or swap space
#   Check if swap backing store is full
#   Decrease Java heap size (-Xmx/-Xms)
#   Decrease number of Java threads
#   Decrease Java thread stack sizes (-Xss)
#   Set larger code cache with -XX:ReservedCodeCacheSize=
#   JVM is running with Unscaled Compressed Oops mode in which the Java heap is
#     placed in the first 4GB address space. The Java Heap base address is the
#     maximum limit for the native heap growth. Please use -XX:HeapBaseMinAddress
#     to set the Java Heap base and to place the Java Heap above 4GB virtual address.
# This output file may be truncated or incomplete.
#
#  Out of Memory Error (./src/hotspot/share/memory/arena.cpp:197), pid=17492, tid=18420
#
# JRE version: OpenJDK Runtime Environment Corretto-11.0.12.7.1 (11.0.12+7) (build 11.0.12+7-LTS)
# Java VM: OpenJDK 64-Bit Server VM Corretto-11.0.12.7.1 (11.0.12+7-LTS, mixed mode, tiered, compressed oops, g1 gc, windows-amd64)
# No core dump will be written. Minidumps are not enabled by default on client versions of Windows
#

---------------  S U M M A R Y ------------

Command Line: --add-opens=java.base/java.util=ALL-UNNAMED --add-opens=java.base/java.lang=ALL-UNNAMED --add-opens=java.base/java.lang.invoke=ALL-UNNAMED --add-opens=java.base/java.util=ALL-UNNAMED --add-opens=java.prefs/java.util.prefs=ALL-UNNAMED --add-opens=java.prefs/java.util.prefs=ALL-UNNAMED --add-opens=java.base/java.nio.charset=ALL-UNNAMED --add-opens=java.base/java.net=ALL-UNNAMED --add-opens=java.base/java.util.concurrent.atomic=ALL-UNNAMED -Xmx2048m -Dfile.encoding=UTF-8 -Duser.country=BR -Duser.language=pt -Duser.variant org.gradle.launcher.daemon.bootstrap.GradleDaemon 7.0.2

Host: Intel(R) Core(TM) i5-7600 CPU @ 3.50GHz, 4 cores, 15G,  Windows 10 , 64 bit Build 19041 (10.0.19041.1202)
Time: Thu Oct 28 16:49:17 2021 Hora Padrão Brasil Central elapsed time: 12.927363 seconds (0d 0h 0m 12s)

---------------  T H R E A D  ---------------

Current thread (0x000001c5dc331800):  JavaThread "C2 CompilerThread1" daemon [_thread_in_native, id=18420, stack(0x0000008196f00000,0x0000008197000000)]


Current CompileTask:
C2:  12927 10837   !   4       com.google.common.cache.LocalCache$Segment::lockedGetOrLoad (447 bytes)

Stack: [0x0000008196f00000,0x0000008197000000]
Native frames: (J=compiled Java code, j=interpreted, Vv=VM code, C=native code)
V  [jvm.dll+0x601d7a]
V  [jvm.dll+0x78b45e]
V  [jvm.dll+0x78cb2f]
V  [jvm.dll+0x78d1f3]
V  [jvm.dll+0x24bc58]
V  [jvm.dll+0xc219c]
V  [jvm.dll+0xc275c]
V  [jvm.dll+0x3548d7]
V  [jvm.dll+0x19dd11]
V  [jvm.dll+0x205642]
V  [jvm.dll+0x20471d]
V  [jvm.dll+0x18990c]
V  [jvm.dll+0x213b57]
V  [jvm.dll+0x211d1b]
V  [jvm.dll+0x74f509]
V  [jvm.dll+0x748574]
V  [jvm.dll+0x600c16]
C  [ucrtbase.dll+0x21bb2]
C  [KERNEL32.DLL+0x17034]
C  [ntdll.dll+0x52651]


---------------  P R O C E S S  ---------------

Threads class SMR info:
_java_thread_list=0x000001c5e3f3d160, length=51, elements={
0x000001c5b8f7e800, 0x000001c5d9f78000, 0x000001c5d9f79000, 0x000001c5d9fc1800,
0x000001c5d9fc3800, 0x000001c5d9fc4800, 0x000001c5d9fc7800, 0x000001c5d9fc9000,
0x000001c5d9fca000, 0x000001c5da138800, 0x000001c5dbb84800, 0x000001c5da22c800,
0x000001c5dc59d800, 0x000001c5dc293000, 0x000001c5dc70d800, 0x000001c5db103800,
0x000001c5dc96a800, 0x000001c5db03c800, 0x000001c5dc60a000, 0x000001c5dc396000,
0x000001c5dc395000, 0x000001c5dc397800, 0x000001c5dc398000, 0x000001c5dc394000,
0x000001c5dc396800, 0x000001c5dc39a800, 0x000001c5dc399000, 0x000001c5dc39a000,
0x000001c5e0001000, 0x000001c5e0000000, 0x000001c5dfffe800, 0x000001c5dffff000,
0x000001c5e0002800, 0x000001c5df1f2000, 0x000001c5df1f6000, 0x000001c5df1f3800,
0x000001c5df1f0800, 0x000001c5df1f1000, 0x000001c5df1f7000, 0x000001c5df1f8800,
0x000001c5df1f9800, 0x000001c5df1f5000, 0x000001c5df1fa000, 0x000001c5df1f4800,
0x000001c5df1fe000, 0x000001c5df1ff000, 0x000001c5df1fb000, 0x000001c5df1fb800,
0x000001c5df1fc800, 0x000001c5dc331800, 0x000001c5df1fd800
}

Java Threads: ( => current thread )
  0x000001c5b8f7e800 JavaThread "main" [_thread_blocked, id=9864, stack(0x0000008194e00000,0x0000008194f00000)]
  0x000001c5d9f78000 JavaThread "Reference Handler" daemon [_thread_blocked, id=13400, stack(0x0000008195500000,0x0000008195600000)]
  0x000001c5d9f79000 JavaThread "Finalizer" daemon [_thread_blocked, id=17704, stack(0x0000008195600000,0x0000008195700000)]
  0x000001c5d9fc1800 JavaThread "Signal Dispatcher" daemon [_thread_blocked, id=1104, stack(0x0000008195700000,0x0000008195800000)]
  0x000001c5d9fc3800 JavaThread "Attach Listener" daemon [_thread_blocked, id=4856, stack(0x0000008195800000,0x0000008195900000)]
  0x000001c5d9fc4800 JavaThread "Service Thread" daemon [_thread_blocked, id=10808, stack(0x0000008195900000,0x0000008195a00000)]
  0x000001c5d9fc7800 JavaThread "C2 CompilerThread0" daemon [_thread_in_native, id=6936, stack(0x0000008195a00000,0x0000008195b00000)]
  0x000001c5d9fc9000 JavaThread "C1 CompilerThread0" daemon [_thread_blocked, id=6724, stack(0x0000008195b00000,0x0000008195c00000)]
  0x000001c5d9fca000 JavaThread "Sweeper thread" daemon [_thread_blocked, id=9760, stack(0x0000008195c00000,0x0000008195d00000)]
  0x000001c5da138800 JavaThread "Common-Cleaner" daemon [_thread_blocked, id=14980, stack(0x0000008195d00000,0x0000008195e00000)]
  0x000001c5dbb84800 JavaThread "Daemon health stats" [_thread_blocked, id=18228, stack(0x0000008196300000,0x0000008196400000)]
  0x000001c5da22c800 JavaThread "Incoming local TCP Connector on port 64873" [_thread_in_native, id=11132, stack(0x0000008195f00000,0x0000008196000000)]
  0x000001c5dc59d800 JavaThread "Daemon periodic checks" [_thread_blocked, id=6208, stack(0x0000008196400000,0x0000008196500000)]
  0x000001c5dc293000 JavaThread "Daemon" [_thread_blocked, id=1612, stack(0x0000008196500000,0x0000008196600000)]
  0x000001c5dc70d800 JavaThread "Handler for socket connection from /127.0.0.1:64873 to /127.0.0.1:64874" [_thread_in_native, id=15936, stack(0x0000008196600000,0x0000008196700000)]
  0x000001c5db103800 JavaThread "Cancel handler" [_thread_blocked, id=17520, stack(0x0000008196700000,0x0000008196800000)]
  0x000001c5dc96a800 JavaThread "Daemon worker" [_thread_blocked, id=17600, stack(0x0000008196800000,0x0000008196900000)]
  0x000001c5db03c800 JavaThread "Asynchronous log dispatcher for DefaultDaemonConnection: socket connection from /127.0.0.1:64873 to /127.0.0.1:64874" [_thread_blocked, id=17084, stack(0x0000008196900000,0x0000008196a00000)]
  0x000001c5dc60a000 JavaThread "Stdin handler" [_thread_blocked, id=3052, stack(0x0000008196a00000,0x0000008196b00000)]
  0x000001c5dc396000 JavaThread "Daemon client event forwarder" [_thread_blocked, id=15768, stack(0x0000008196b00000,0x0000008196c00000)]
  0x000001c5dc395000 JavaThread "Cache worker for file hash cache (C:\Users\Usuario\.gradle\caches\7.0.2\fileHashes)" [_thread_blocked, id=17064, stack(0x0000008196c00000,0x0000008196d00000)]
  0x000001c5dc397800 JavaThread "File lock request listener" [_thread_in_native, id=12132, stack(0x0000008196d00000,0x0000008196e00000)]
  0x000001c5dc398000 JavaThread "Cache worker for journal cache (C:\Users\Usuario\.gradle\caches\journal-1)" [_thread_blocked, id=15804, stack(0x0000008196e00000,0x0000008196f00000)]
  0x000001c5dc394000 JavaThread "Cache worker for file hash cache (E:\Learning\Udemy\Marvel_App\.gradle\7.0.2\fileHashes)" [_thread_blocked, id=12648, stack(0x0000008197000000,0x0000008197100000)]
  0x000001c5dc396800 JavaThread "File watcher server" daemon [_thread_in_native, id=2036, stack(0x0000008197100000,0x0000008197200000)]
  0x000001c5dc39a800 JavaThread "File watcher consumer" daemon [_thread_blocked, id=17816, stack(0x0000008197200000,0x0000008197300000)]
  0x000001c5dc399000 JavaThread "Cache worker for checksums cache (E:\Learning\Udemy\Marvel_App\.gradle\checksums)" [_thread_blocked, id=12176, stack(0x0000008197300000,0x0000008197400000)]
  0x000001c5dc39a000 JavaThread "Cache worker for cache directory md-supplier (C:\Users\Usuario\.gradle\caches\7.0.2\md-supplier)" [_thread_blocked, id=17740, stack(0x0000008197400000,0x0000008197500000)]
  0x000001c5e0001000 JavaThread "Cache worker for cache directory md-rule (C:\Users\Usuario\.gradle\caches\7.0.2\md-rule)" [_thread_blocked, id=1000, stack(0x0000008197500000,0x0000008197600000)]
  0x000001c5e0000000 JavaThread "Cache worker for execution history cache (C:\Users\Usuario\.gradle\caches\7.0.2\executionHistory)" [_thread_blocked, id=2500, stack(0x0000008197600000,0x0000008197700000)]
  0x000001c5dfffe800 JavaThread "jar transforms" [_thread_blocked, id=1288, stack(0x0000008197700000,0x0000008197800000)]
  0x000001c5dffff000 JavaThread "jar transforms Thread 2" [_thread_blocked, id=11480, stack(0x0000008197800000,0x0000008197900000)]
  0x000001c5e0002800 JavaThread "Cache worker for file content cache (C:\Users\Usuario\.gradle\caches\7.0.2\fileContent)" [_thread_blocked, id=9680, stack(0x0000008197900000,0x0000008197a00000)]
  0x000001c5df1f2000 JavaThread "Cache worker for dependencies-accessors (E:\Learning\Udemy\Marvel_App\.gradle\7.0.2\dependencies-accessors)" [_thread_blocked, id=17280, stack(0x0000008197a00000,0x0000008197b00000)]
  0x000001c5df1f6000 JavaThread "jar transforms Thread 3" [_thread_blocked, id=3132, stack(0x0000008197b00000,0x0000008197c00000)]
  0x000001c5df1f3800 JavaThread "Cache worker for Build Output Cleanup Cache (E:\Learning\Udemy\Marvel_App\.gradle\buildOutputCleanup)" [_thread_blocked, id=9776, stack(0x0000008197c00000,0x0000008197d00000)]
  0x000001c5df1f0800 JavaThread "Build operations" [_thread_blocked, id=1812, stack(0x0000008197d00000,0x0000008197e00000)]
  0x000001c5df1f1000 JavaThread "Build operations Thread 2" [_thread_blocked, id=17968, stack(0x0000008197e00000,0x0000008197f00000)]
  0x000001c5df1f7000 JavaThread "Build operations Thread 3" [_thread_blocked, id=12444, stack(0x0000008197f00000,0x0000008198000000)]
  0x000001c5df1f8800 JavaThread "Build operations Thread 4" [_thread_blocked, id=12592, stack(0x0000008198000000,0x0000008198100000)]
  0x000001c5df1f9800 JavaThread "jar transforms Thread 4" [_thread_blocked, id=17108, stack(0x0000008198100000,0x0000008198200000)]
  0x000001c5df1f5000 JavaThread "Memory manager" [_thread_blocked, id=14812, stack(0x0000008198200000,0x0000008198300000)]
  0x000001c5df1fa000 JavaThread "build event listener" [_thread_blocked, id=11388, stack(0x0000008198300000,0x0000008198400000)]
  0x000001c5df1f4800 JavaThread "pool-3-thread-1" [_thread_blocked, id=14684, stack(0x0000008198400000,0x0000008198500000)]
  0x000001c5df1fe000 JavaThread "build event listener" [_thread_blocked, id=2900, stack(0x0000008198500000,0x0000008198600000)]
  0x000001c5df1ff000 JavaThread "Execution worker for ':'" [_thread_in_native, id=912, stack(0x0000008198600000,0x0000008198700000)]
  0x000001c5df1fb000 JavaThread "Execution worker for ':' Thread 2" [_thread_blocked, id=17648, stack(0x0000008198700000,0x0000008198800000)]
  0x000001c5df1fb800 JavaThread "Execution worker for ':' Thread 3" [_thread_blocked, id=18132, stack(0x0000008198800000,0x0000008198900000)]
  0x000001c5df1fc800 JavaThread "Cache worker for execution history cache (E:\Learning\Udemy\Marvel_App\.gradle\7.0.2\executionHistory)" [_thread_blocked, id=11552, stack(0x0000008198900000,0x0000008198a00000)]
=>0x000001c5dc331800 JavaThread "C2 CompilerThread1" daemon [_thread_in_native, id=18420, stack(0x0000008196f00000,0x0000008197000000)]
  0x000001c5df1fd800 JavaThread "WorkerExecutor Queue" [_thread_in_vm, id=8688, stack(0x0000008198a00000,0x0000008198b00000)]

Other Threads:
  0x000001c5d9f60800 VMThread "VM Thread" [stack: 0x0000008195400000,0x0000008195500000] [id=16032]
  0x000001c5da16c000 WatcherThread [stack: 0x0000008195e00000,0x0000008195f00000] [id=8344]
  0x000001c5b8f94800 GCTaskThread "GC Thread#0" [stack: 0x0000008194f00000,0x0000008195000000] [id=15172]
  0x000001c5da4c7000 GCTaskThread "GC Thread#1" [stack: 0x0000008196000000,0x0000008196100000] [id=1980]
  0x000001c5da852000 GCTaskThread "GC Thread#2" [stack: 0x0000008196100000,0x0000008196200000] [id=9096]
  0x000001c5da852800 GCTaskThread "GC Thread#3" [stack: 0x0000008196200000,0x0000008196300000] [id=4340]
  0x000001c5b8fc9000 ConcurrentGCThread "G1 Main Marker" [stack: 0x0000008195000000,0x0000008195100000] [id=12172]
  0x000001c5b8fca800 ConcurrentGCThread "G1 Conc#0" [stack: 0x0000008195100000,0x0000008195200000] [id=17672]
  0x000001c5d95aa800 ConcurrentGCThread "G1 Refine#0" [stack: 0x0000008195200000,0x0000008195300000] [id=16868]
  0x000001c5d95ab000 ConcurrentGCThread "G1 Young RemSet Sampling" [stack: 0x0000008195300000,0x0000008195400000] [id=10444]

Threads with active compile tasks:
C2 CompilerThread0  12953 10856       4       com.google.common.collect.CompactHashMap::put (220 bytes)
C2 CompilerThread1  12953 10837   !   4       com.google.common.cache.LocalCache$Segment::lockedGetOrLoad (447 bytes)

VM state:not at safepoint (normal execution)

VM Mutex/Monitor currently owned by a thread: None

Heap address: 0x0000000080000000, size: 2048 MB, Compressed Oops mode: 32-bit
Narrow klass base: 0x0000000000000000, Narrow klass shift: 3
Compressed class space size: 1073741824 Address: 0x0000000100000000

Heap:
 garbage-first heap   total 312320K, used 144384K [0x0000000080000000, 0x0000000100000000)
  region size 1024K, 67 young (68608K), 10 survivors (10240K)
 Metaspace       used 90377K, capacity 92647K, committed 92876K, reserved 1130496K
  class space    used 11552K, capacity 12394K, committed 12492K, reserved 1048576K
Heap Regions: E=young(eden), S=young(survivor), O=old, HS=humongous(starts), HC=humongous(continues), CS=collection set, F=free, A=archive, TAMS=top-at-mark-start (previous, next)
|   0|0x0000000080000000, 0x0000000080100000, 0x0000000080100000|100%| O|  |TAMS 0x0000000080100000, 0x0000000080000000| Untracked 
|   1|0x0000000080100000, 0x0000000080200000, 0x0000000080200000|100%| O|  |TAMS 0x0000000080200000, 0x0000000080100000| Untracked 
|   2|0x0000000080200000, 0x0000000080300000, 0x0000000080300000|100%| O|  |TAMS 0x0000000080300000, 0x0000000080200000| Untracked 
|   3|0x0000000080300000, 0x0000000080400000, 0x0000000080400000|100%|HS|  |TAMS 0x0000000080400000, 0x0000000080300000| Complete 
|   4|0x0000000080400000, 0x0000000080500000, 0x0000000080500000|100%|HC|  |TAMS 0x0000000080500000, 0x0000000080400000| Complete 
|   5|0x0000000080500000, 0x0000000080600000, 0x0000000080600000|100%|HC|  |TAMS 0x0000000080600000, 0x0000000080500000| Complete 
|   6|0x0000000080600000, 0x0000000080700000, 0x0000000080700000|100%| O|  |TAMS 0x0000000080700000, 0x0000000080600000| Untracked 
|   7|0x0000000080700000, 0x0000000080800000, 0x0000000080800000|100%| O|  |TAMS 0x0000000080800000, 0x0000000080700000| Untracked 
|   8|0x0000000080800000, 0x0000000080900000, 0x0000000080900000|100%| O|  |TAMS 0x0000000080900000, 0x0000000080800000| Untracked 
|   9|0x0000000080900000, 0x0000000080a00000, 0x0000000080a00000|100%| O|  |TAMS 0x0000000080a00000, 0x0000000080900000| Untracked 
|  10|0x0000000080a00000, 0x0000000080b00000, 0x0000000080b00000|100%| O|  |TAMS 0x0000000080b00000, 0x0000000080a00000| Untracked 
|  11|0x0000000080b00000, 0x0000000080c00000, 0x0000000080c00000|100%| O|  |TAMS 0x0000000080c00000, 0x0000000080b00000| Untracked 
|  12|0x0000000080c00000, 0x0000000080d00000, 0x0000000080d00000|100%| O|  |TAMS 0x0000000080d00000, 0x0000000080c00000| Untracked 
|  13|0x0000000080d00000, 0x0000000080e00000, 0x0000000080e00000|100%| O|  |TAMS 0x0000000080e00000, 0x0000000080d00000| Untracked 
|  14|0x0000000080e00000, 0x0000000080f00000, 0x0000000080f00000|100%| O|  |TAMS 0x0000000080f00000, 0x0000000080e00000| Untracked 
|  15|0x0000000080f00000, 0x0000000081000000, 0x0000000081000000|100%| O|  |TAMS 0x0000000081000000, 0x0000000080f00000| Untracked 
|  16|0x0000000081000000, 0x0000000081100000, 0x0000000081100000|100%|HS|  |TAMS 0x0000000081100000, 0x0000000081000000| Complete 
|  17|0x0000000081100000, 0x0000000081200000, 0x0000000081200000|100%|HS|  |TAMS 0x0000000081200000, 0x0000000081100000| Complete 
|  18|0x0000000081200000, 0x0000000081300000, 0x0000000081300000|100%|HS|  |TAMS 0x0000000081300000, 0x0000000081200000| Complete 
|  19|0x0000000081300000, 0x0000000081400000, 0x0000000081400000|100%|HS|  |TAMS 0x0000000081400000, 0x0000000081300000| Complete 
|  20|0x0000000081400000, 0x0000000081500000, 0x0000000081500000|100%|HC|  |TAMS 0x0000000081500000, 0x0000000081400000| Complete 
|  21|0x0000000081500000, 0x0000000081600000, 0x0000000081600000|100%|HC|  |TAMS 0x0000000081600000, 0x0000000081500000| Complete 
|  22|0x0000000081600000, 0x0000000081700000, 0x0000000081700000|100%|HS|  |TAMS 0x0000000081700000, 0x0000000081600000| Complete 
|  23|0x0000000081700000, 0x0000000081800000, 0x0000000081800000|100%|HC|  |TAMS 0x0000000081800000, 0x0000000081700000| Complete 
|  24|0x0000000081800000, 0x0000000081900000, 0x0000000081900000|100%| O|  |TAMS 0x0000000081900000, 0x0000000081800000| Untracked 
|  25|0x0000000081900000, 0x0000000081a00000, 0x0000000081a00000|100%| O|  |TAMS 0x0000000081a00000, 0x0000000081900000| Untracked 
|  26|0x0000000081a00000, 0x0000000081b00000, 0x0000000081b00000|100%| O|  |TAMS 0x0000000081b00000, 0x0000000081a00000| Untracked 
|  27|0x0000000081b00000, 0x0000000081c00000, 0x0000000081c00000|100%| O|  |TAMS 0x0000000081c00000, 0x0000000081b00000| Untracked 
|  28|0x0000000081c00000, 0x0000000081d00000, 0x0000000081d00000|100%| O|  |TAMS 0x0000000081d00000, 0x0000000081c00000| Untracked 
|  29|0x0000000081d00000, 0x0000000081e00000, 0x0000000081e00000|100%| O|  |TAMS 0x0000000081e00000, 0x0000000081d00000| Untracked 
|  30|0x0000000081e00000, 0x0000000081f00000, 0x0000000081f00000|100%| O|  |TAMS 0x0000000081f00000, 0x0000000081e00000| Untracked 
|  31|0x0000000081f00000, 0x0000000082000000, 0x0000000082000000|100%| O|  |TAMS 0x0000000082000000, 0x0000000081f00000| Untracked 
|  32|0x0000000082000000, 0x0000000082100000, 0x0000000082100000|100%| O|  |TAMS 0x0000000082100000, 0x0000000082000000| Untracked 
|  33|0x0000000082100000, 0x0000000082200000, 0x0000000082200000|100%| O|  |TAMS 0x0000000082200000, 0x0000000082100000| Untracked 
|  34|0x0000000082200000, 0x0000000082300000, 0x0000000082300000|100%| O|  |TAMS 0x0000000082300000, 0x0000000082200000| Untracked 
|  35|0x0000000082300000, 0x0000000082400000, 0x0000000082400000|100%| O|  |TAMS 0x0000000082400000, 0x0000000082300000| Untracked 
|  36|0x0000000082400000, 0x0000000082500000, 0x0000000082500000|100%| O|  |TAMS 0x0000000082500000, 0x0000000082400000| Untracked 
|  37|0x0000000082500000, 0x0000000082600000, 0x0000000082600000|100%| O|  |TAMS 0x0000000082600000, 0x0000000082500000| Untracked 
|  38|0x0000000082600000, 0x0000000082700000, 0x0000000082700000|100%| O|  |TAMS 0x0000000082700000, 0x0000000082600000| Untracked 
|  39|0x0000000082700000, 0x0000000082800000, 0x0000000082800000|100%| O|  |TAMS 0x0000000082800000, 0x0000000082700000| Untracked 
|  40|0x0000000082800000, 0x0000000082900000, 0x0000000082900000|100%| O|  |TAMS 0x0000000082900000, 0x0000000082800000| Untracked 
|  41|0x0000000082900000, 0x0000000082a00000, 0x0000000082a00000|100%| O|  |TAMS 0x0000000082a00000, 0x0000000082900000| Untracked 
|  42|0x0000000082a00000, 0x0000000082b00000, 0x0000000082b00000|100%| O|  |TAMS 0x0000000082b00000, 0x0000000082a00000| Untracked 
|  43|0x0000000082b00000, 0x0000000082c00000, 0x0000000082c00000|100%| O|  |TAMS 0x0000000082c00000, 0x0000000082b00000| Untracked 
|  44|0x0000000082c00000, 0x0000000082d00000, 0x0000000082d00000|100%| O|  |TAMS 0x0000000082d00000, 0x0000000082c00000| Untracked 
|  45|0x0000000082d00000, 0x0000000082e00000, 0x0000000082e00000|100%| O|  |TAMS 0x0000000082e00000, 0x0000000082d00000| Untracked 
|  46|0x0000000082e00000, 0x0000000082f00000, 0x0000000082f00000|100%| O|  |TAMS 0x0000000082f00000, 0x0000000082e00000| Untracked 
|  47|0x0000000082f00000, 0x0000000083000000, 0x0000000083000000|100%| O|  |TAMS 0x0000000083000000, 0x0000000082f00000| Untracked 
|  48|0x0000000083000000, 0x0000000083100000, 0x0000000083100000|100%| O|  |TAMS 0x00000000830ec200, 0x0000000083000000| Untracked 
|  49|0x0000000083100000, 0x0000000083200000, 0x0000000083200000|100%| O|  |TAMS 0x0000000083100000, 0x0000000083100000| Untracked 
|  50|0x0000000083200000, 0x0000000083300000, 0x0000000083300000|100%| O|  |TAMS 0x0000000083200000, 0x0000000083200000| Untracked 
|  51|0x0000000083300000, 0x0000000083400000, 0x0000000083400000|100%| O|  |TAMS 0x0000000083300000, 0x0000000083300000| Untracked 
|  52|0x0000000083400000, 0x0000000083500000, 0x0000000083500000|100%| O|  |TAMS 0x0000000083400000, 0x0000000083400000| Untracked 
|  53|0x0000000083500000, 0x0000000083600000, 0x0000000083600000|100%| O|  |TAMS 0x0000000083500000, 0x0000000083500000| Untracked 
|  54|0x0000000083600000, 0x0000000083700000, 0x0000000083700000|100%| O|  |TAMS 0x0000000083600000, 0x0000000083600000| Untracked 
|  55|0x0000000083700000, 0x0000000083800000, 0x0000000083800000|100%| O|  |TAMS 0x0000000083700000, 0x0000000083700000| Untracked 
|  56|0x0000000083800000, 0x0000000083900000, 0x0000000083900000|100%| O|  |TAMS 0x0000000083800000, 0x0000000083800000| Untracked 
|  57|0x0000000083900000, 0x0000000083a00000, 0x0000000083a00000|100%| O|  |TAMS 0x0000000083900000, 0x0000000083900000| Untracked 
|  58|0x0000000083a00000, 0x0000000083b00000, 0x0000000083b00000|100%| O|  |TAMS 0x0000000083a00000, 0x0000000083a00000| Untracked 
|  59|0x0000000083b00000, 0x0000000083c00000, 0x0000000083c00000|100%| O|  |TAMS 0x0000000083b00000, 0x0000000083b00000| Untracked 
|  60|0x0000000083c00000, 0x0000000083d00000, 0x0000000083d00000|100%| O|  |TAMS 0x0000000083c00000, 0x0000000083c00000| Untracked 
|  61|0x0000000083d00000, 0x0000000083e00000, 0x0000000083e00000|100%| O|  |TAMS 0x0000000083d00000, 0x0000000083d00000| Untracked 
|  62|0x0000000083e00000, 0x0000000083f00000, 0x0000000083f00000|100%| O|  |TAMS 0x0000000083e00000, 0x0000000083e00000| Untracked 
|  63|0x0000000083f00000, 0x0000000084000000, 0x0000000084000000|100%| O|  |TAMS 0x0000000083f00000, 0x0000000083f00000| Untracked 
|  64|0x0000000084000000, 0x0000000084100000, 0x0000000084100000|100%| O|  |TAMS 0x0000000084000000, 0x0000000084000000| Untracked 
|  65|0x0000000084100000, 0x0000000084200000, 0x0000000084200000|100%| O|  |TAMS 0x0000000084100000, 0x0000000084100000| Untracked 
|  66|0x0000000084200000, 0x0000000084300000, 0x0000000084300000|100%| O|  |TAMS 0x0000000084200000, 0x0000000084200000| Untracked 
|  67|0x0000000084300000, 0x0000000084400000, 0x0000000084400000|100%| O|  |TAMS 0x0000000084300000, 0x0000000084300000| Untracked 
|  68|0x0000000084400000, 0x0000000084500000, 0x0000000084500000|100%| O|  |TAMS 0x0000000084400000, 0x0000000084400000| Untracked 
|  69|0x0000000084500000, 0x0000000084600000, 0x0000000084600000|100%| O|  |TAMS 0x0000000084500000, 0x0000000084500000| Untracked 
|  70|0x0000000084600000, 0x0000000084700000, 0x0000000084700000|100%| O|  |TAMS 0x0000000084600000, 0x0000000084600000| Untracked 
|  71|0x0000000084700000, 0x0000000084800000, 0x0000000084800000|100%| O|  |TAMS 0x0000000084700000, 0x0000000084700000| Untracked 
|  72|0x0000000084800000, 0x0000000084900000, 0x0000000084900000|100%| O|  |TAMS 0x0000000084800000, 0x0000000084800000| Untracked 
|  73|0x0000000084900000, 0x0000000084a00000, 0x0000000084a00000|100%| O|  |TAMS 0x0000000084900000, 0x0000000084900000| Untracked 
|  74|0x0000000084a00000, 0x0000000084b00000, 0x0000000084b00000|100%| O|  |TAMS 0x0000000084a00000, 0x0000000084a00000| Untracked 
|  75|0x0000000084b00000, 0x0000000084b00000, 0x0000000084c00000|  0%| F|  |TAMS 0x0000000084b00000, 0x0000000084b00000| Untracked 
|  76|0x0000000084c00000, 0x0000000084c00000, 0x0000000084d00000|  0%| F|  |TAMS 0x0000000084c00000, 0x0000000084c00000| Untracked 
|  77|0x0000000084d00000, 0x0000000084d00000, 0x0000000084e00000|  0%| F|  |TAMS 0x0000000084d00000, 0x0000000084d00000| Untracked 
|  78|0x0000000084e00000, 0x0000000084e00000, 0x0000000084f00000|  0%| F|  |TAMS 0x0000000084e00000, 0x0000000084e00000| Untracked 
|  79|0x0000000084f00000, 0x0000000084f00000, 0x0000000085000000|  0%| F|  |TAMS 0x0000000084f00000, 0x0000000084f00000| Untracked 
|  80|0x0000000085000000, 0x0000000085000000, 0x0000000085100000|  0%| F|  |TAMS 0x0000000085000000, 0x0000000085000000| Untracked 
|  81|0x0000000085100000, 0x0000000085100000, 0x0000000085200000|  0%| F|  |TAMS 0x0000000085100000, 0x0000000085100000| Untracked 
|  82|0x0000000085200000, 0x0000000085200000, 0x0000000085300000|  0%| F|  |TAMS 0x0000000085200000, 0x0000000085200000| Untracked 
|  83|0x0000000085300000, 0x0000000085300000, 0x0000000085400000|  0%| F|  |TAMS 0x0000000085300000, 0x0000000085300000| Untracked 
|  84|0x0000000085400000, 0x0000000085400000, 0x0000000085500000|  0%| F|  |TAMS 0x0000000085400000, 0x0000000085400000| Untracked 
|  85|0x0000000085500000, 0x0000000085500000, 0x0000000085600000|  0%| F|  |TAMS 0x0000000085500000, 0x0000000085500000| Untracked 
|  86|0x0000000085600000, 0x0000000085600000, 0x0000000085700000|  0%| F|  |TAMS 0x0000000085600000, 0x0000000085600000| Untracked 
|  87|0x0000000085700000, 0x0000000085700000, 0x0000000085800000|  0%| F|  |TAMS 0x0000000085700000, 0x0000000085700000| Untracked 
|  88|0x0000000085800000, 0x0000000085800000, 0x0000000085900000|  0%| F|  |TAMS 0x0000000085800000, 0x0000000085800000| Untracked 
|  89|0x0000000085900000, 0x0000000085900000, 0x0000000085a00000|  0%| F|  |TAMS 0x0000000085900000, 0x0000000085900000| Untracked 
|  90|0x0000000085a00000, 0x0000000085a00000, 0x0000000085b00000|  0%| F|  |TAMS 0x0000000085a00000, 0x0000000085a00000| Untracked 
|  91|0x0000000085b00000, 0x0000000085b00000, 0x0000000085c00000|  0%| F|  |TAMS 0x0000000085b00000, 0x0000000085b00000| Untracked 
|  92|0x0000000085c00000, 0x0000000085c00000, 0x0000000085d00000|  0%| F|  |TAMS 0x0000000085c00000, 0x0000000085c00000| Untracked 
|  93|0x0000000085d00000, 0x0000000085d00000, 0x0000000085e00000|  0%| F|  |TAMS 0x0000000085d00000, 0x0000000085d00000| Untracked 
|  94|0x0000000085e00000, 0x0000000085e00000, 0x0000000085f00000|  0%| F|  |TAMS 0x0000000085e00000, 0x0000000085e00000| Untracked 
|  95|0x0000000085f00000, 0x0000000085f00000, 0x0000000086000000|  0%| F|  |TAMS 0x0000000085f00000, 0x0000000085f00000| Untracked 
|  96|0x0000000086000000, 0x0000000086000000, 0x0000000086100000|  0%| F|  |TAMS 0x0000000086000000, 0x0000000086000000| Untracked 
|  97|0x0000000086100000, 0x0000000086100000, 0x0000000086200000|  0%| F|  |TAMS 0x0000000086100000, 0x0000000086100000| Untracked 
|  98|0x0000000086200000, 0x0000000086200000, 0x0000000086300000|  0%| F|  |TAMS 0x0000000086200000, 0x0000000086200000| Untracked 
|  99|0x0000000086300000, 0x0000000086300000, 0x0000000086400000|  0%| F|  |TAMS 0x0000000086300000, 0x0000000086300000| Untracked 
| 100|0x0000000086400000, 0x0000000086400000, 0x0000000086500000|  0%| F|  |TAMS 0x0000000086400000, 0x0000000086400000| Untracked 
| 101|0x0000000086500000, 0x0000000086500000, 0x0000000086600000|  0%| F|  |TAMS 0x0000000086500000, 0x0000000086500000| Untracked 
| 102|0x0000000086600000, 0x0000000086600000, 0x0000000086700000|  0%| F|  |TAMS 0x0000000086600000, 0x0000000086600000| Untracked 
| 103|0x0000000086700000, 0x0000000086700000, 0x0000000086800000|  0%| F|  |TAMS 0x0000000086700000, 0x0000000086700000| Untracked 
| 104|0x0000000086800000, 0x0000000086800000, 0x0000000086900000|  0%| F|  |TAMS 0x0000000086800000, 0x0000000086800000| Untracked 
| 105|0x0000000086900000, 0x0000000086900000, 0x0000000086a00000|  0%| F|  |TAMS 0x0000000086900000, 0x0000000086900000| Untracked 
| 106|0x0000000086a00000, 0x0000000086a00000, 0x0000000086b00000|  0%| F|  |TAMS 0x0000000086a00000, 0x0000000086a00000| Untracked 
| 107|0x0000000086b00000, 0x0000000086b00000, 0x0000000086c00000|  0%| F|  |TAMS 0x0000000086b00000, 0x0000000086b00000| Untracked 
| 108|0x0000000086c00000, 0x0000000086c00000, 0x0000000086d00000|  0%| F|  |TAMS 0x0000000086c00000, 0x0000000086c00000| Untracked 
| 109|0x0000000086d00000, 0x0000000086d00000, 0x0000000086e00000|  0%| F|  |TAMS 0x0000000086d00000, 0x0000000086d00000| Untracked 
| 110|0x0000000086e00000, 0x0000000086e00000, 0x0000000086f00000|  0%| F|  |TAMS 0x0000000086e00000, 0x0000000086e00000| Untracked 
| 111|0x0000000086f00000, 0x0000000086f00000, 0x0000000087000000|  0%| F|  |TAMS 0x0000000086f00000, 0x0000000086f00000| Untracked 
| 112|0x0000000087000000, 0x0000000087000000, 0x0000000087100000|  0%| F|  |TAMS 0x0000000087000000, 0x0000000087000000| Untracked 
| 113|0x0000000087100000, 0x0000000087100000, 0x0000000087200000|  0%| F|  |TAMS 0x0000000087100000, 0x0000000087100000| Untracked 
| 114|0x0000000087200000, 0x0000000087200000, 0x0000000087300000|  0%| F|  |TAMS 0x0000000087200000, 0x0000000087200000| Untracked 
| 115|0x0000000087300000, 0x0000000087300000, 0x0000000087400000|  0%| F|  |TAMS 0x0000000087300000, 0x0000000087300000| Untracked 
| 116|0x0000000087400000, 0x0000000087400000, 0x0000000087500000|  0%| F|  |TAMS 0x0000000087400000, 0x0000000087400000| Untracked 
| 117|0x0000000087500000, 0x0000000087500000, 0x0000000087600000|  0%| F|  |TAMS 0x0000000087500000, 0x0000000087500000| Untracked 
| 118|0x0000000087600000, 0x0000000087600000, 0x0000000087700000|  0%| F|  |TAMS 0x0000000087600000, 0x0000000087600000| Untracked 
| 119|0x0000000087700000, 0x0000000087700000, 0x0000000087800000|  0%| F|  |TAMS 0x0000000087700000, 0x0000000087700000| Untracked 
| 120|0x0000000087800000, 0x0000000087800000, 0x0000000087900000|  0%| F|  |TAMS 0x0000000087800000, 0x0000000087800000| Untracked 
| 121|0x0000000087900000, 0x0000000087900000, 0x0000000087a00000|  0%| F|  |TAMS 0x0000000087900000, 0x0000000087900000| Untracked 
| 122|0x0000000087a00000, 0x0000000087a00000, 0x0000000087b00000|  0%| F|  |TAMS 0x0000000087a00000, 0x0000000087a00000| Untracked 
| 123|0x0000000087b00000, 0x0000000087b00000, 0x0000000087c00000|  0%| F|  |TAMS 0x0000000087b00000, 0x0000000087b00000| Untracked 
| 124|0x0000000087c00000, 0x0000000087c00000, 0x0000000087d00000|  0%| F|  |TAMS 0x0000000087c00000, 0x0000000087c00000| Untracked 
| 125|0x0000000087d00000, 0x0000000087d00000, 0x0000000087e00000|  0%| F|  |TAMS 0x0000000087d00000, 0x0000000087d00000| Untracked 
| 126|0x0000000087e00000, 0x0000000087e00000, 0x0000000087f00000|  0%| F|  |TAMS 0x0000000087e00000, 0x0000000087e00000| Untracked 
| 127|0x0000000087f00000, 0x0000000087f00000, 0x0000000088000000|  0%| F|  |TAMS 0x0000000087f00000, 0x0000000087f00000| Untracked 
| 128|0x0000000088000000, 0x0000000088000000, 0x0000000088100000|  0%| F|  |TAMS 0x0000000088000000, 0x0000000088000000| Untracked 
| 129|0x0000000088100000, 0x0000000088100000, 0x0000000088200000|  0%| F|  |TAMS 0x0000000088100000, 0x0000000088100000| Untracked 
| 130|0x0000000088200000, 0x0000000088200000, 0x0000000088300000|  0%| F|  |TAMS 0x0000000088200000, 0x0000000088200000| Untracked 
| 131|0x0000000088300000, 0x0000000088300000, 0x0000000088400000|  0%| F|  |TAMS 0x0000000088300000, 0x0000000088300000| Untracked 
| 132|0x0000000088400000, 0x0000000088400000, 0x0000000088500000|  0%| F|  |TAMS 0x0000000088400000, 0x0000000088400000| Untracked 
| 133|0x0000000088500000, 0x0000000088500000, 0x0000000088600000|  0%| F|  |TAMS 0x0000000088500000, 0x0000000088500000| Untracked 
| 134|0x0000000088600000, 0x0000000088600000, 0x0000000088700000|  0%| F|  |TAMS 0x0000000088600000, 0x0000000088600000| Untracked 
| 135|0x0000000088700000, 0x0000000088700000, 0x0000000088800000|  0%| F|  |TAMS 0x0000000088700000, 0x0000000088700000| Untracked 
| 136|0x0000000088800000, 0x0000000088800000, 0x0000000088900000|  0%| F|  |TAMS 0x0000000088800000, 0x0000000088800000| Untracked 
| 137|0x0000000088900000, 0x0000000088900000, 0x0000000088a00000|  0%| F|  |TAMS 0x0000000088900000, 0x0000000088900000| Untracked 
| 138|0x0000000088a00000, 0x0000000088a00000, 0x0000000088b00000|  0%| F|  |TAMS 0x0000000088a00000, 0x0000000088a00000| Untracked 
| 139|0x0000000088b00000, 0x0000000088b00000, 0x0000000088c00000|  0%| F|  |TAMS 0x0000000088b00000, 0x0000000088b00000| Untracked 
| 140|0x0000000088c00000, 0x0000000088c00000, 0x0000000088d00000|  0%| F|  |TAMS 0x0000000088c00000, 0x0000000088c00000| Untracked 
| 141|0x0000000088d00000, 0x0000000088d00000, 0x0000000088e00000|  0%| F|  |TAMS 0x0000000088d00000, 0x0000000088d00000| Untracked 
| 142|0x0000000088e00000, 0x0000000088e00000, 0x0000000088f00000|  0%| F|  |TAMS 0x0000000088e00000, 0x0000000088e00000| Untracked 
| 143|0x0000000088f00000, 0x0000000088f00000, 0x0000000089000000|  0%| F|  |TAMS 0x0000000088f00000, 0x0000000088f00000| Untracked 
| 144|0x0000000089000000, 0x0000000089000000, 0x0000000089100000|  0%| F|  |TAMS 0x0000000089000000, 0x0000000089000000| Untracked 
| 145|0x0000000089100000, 0x0000000089100000, 0x0000000089200000|  0%| F|  |TAMS 0x0000000089100000, 0x0000000089100000| Untracked 
| 146|0x0000000089200000, 0x0000000089200000, 0x0000000089300000|  0%| F|  |TAMS 0x0000000089200000, 0x0000000089200000| Untracked 
| 147|0x0000000089300000, 0x0000000089300000, 0x0000000089400000|  0%| F|  |TAMS 0x0000000089300000, 0x0000000089300000| Untracked 
| 148|0x0000000089400000, 0x0000000089400000, 0x0000000089500000|  0%| F|  |TAMS 0x0000000089400000, 0x0000000089400000| Untracked 
| 149|0x0000000089500000, 0x0000000089500000, 0x0000000089600000|  0%| F|  |TAMS 0x0000000089500000, 0x0000000089500000| Untracked 
| 150|0x0000000089600000, 0x0000000089600000, 0x0000000089700000|  0%| F|  |TAMS 0x0000000089600000, 0x0000000089600000| Untracked 
| 151|0x0000000089700000, 0x0000000089700000, 0x0000000089800000|  0%| F|  |TAMS 0x0000000089700000, 0x0000000089700000| Untracked 
| 152|0x0000000089800000, 0x0000000089800000, 0x0000000089900000|  0%| F|  |TAMS 0x0000000089800000, 0x0000000089800000| Untracked 
| 153|0x0000000089900000, 0x0000000089900000, 0x0000000089a00000|  0%| F|  |TAMS 0x0000000089900000, 0x0000000089900000| Untracked 
| 154|0x0000000089a00000, 0x0000000089a00000, 0x0000000089b00000|  0%| F|  |TAMS 0x0000000089a00000, 0x0000000089a00000| Untracked 
| 155|0x0000000089b00000, 0x0000000089b00000, 0x0000000089c00000|  0%| F|  |TAMS 0x0000000089b00000, 0x0000000089b00000| Untracked 
| 156|0x0000000089c00000, 0x0000000089c00000, 0x0000000089d00000|  0%| F|  |TAMS 0x0000000089c00000, 0x0000000089c00000| Untracked 
| 157|0x0000000089d00000, 0x0000000089d00000, 0x0000000089e00000|  0%| F|  |TAMS 0x0000000089d00000, 0x0000000089d00000| Untracked 
| 158|0x0000000089e00000, 0x0000000089e00000, 0x0000000089f00000|  0%| F|  |TAMS 0x0000000089e00000, 0x0000000089e00000| Untracked 
| 159|0x0000000089f00000, 0x0000000089f00000, 0x000000008a000000|  0%| F|  |TAMS 0x0000000089f00000, 0x0000000089f00000| Untracked 
| 160|0x000000008a000000, 0x000000008a000000, 0x000000008a100000|  0%| F|  |TAMS 0x000000008a000000, 0x000000008a000000| Untracked 
| 161|0x000000008a100000, 0x000000008a100000, 0x000000008a200000|  0%| F|  |TAMS 0x000000008a100000, 0x000000008a100000| Untracked 
| 162|0x000000008a200000, 0x000000008a200000, 0x000000008a300000|  0%| F|  |TAMS 0x000000008a200000, 0x000000008a200000| Untracked 
| 163|0x000000008a300000, 0x000000008a300000, 0x000000008a400000|  0%| F|  |TAMS 0x000000008a300000, 0x000000008a300000| Untracked 
| 164|0x000000008a400000, 0x000000008a400000, 0x000000008a500000|  0%| F|  |TAMS 0x000000008a400000, 0x000000008a400000| Untracked 
| 165|0x000000008a500000, 0x000000008a500000, 0x000000008a600000|  0%| F|  |TAMS 0x000000008a500000, 0x000000008a500000| Untracked 
| 166|0x000000008a600000, 0x000000008a600000, 0x000000008a700000|  0%| F|  |TAMS 0x000000008a600000, 0x000000008a600000| Untracked 
| 167|0x000000008a700000, 0x000000008a700000, 0x000000008a800000|  0%| F|  |TAMS 0x000000008a700000, 0x000000008a700000| Untracked 
| 168|0x000000008a800000, 0x000000008a900000, 0x000000008a900000|100%| S|CS|TAMS 0x000000008a800000, 0x000000008a800000| Complete 
| 169|0x000000008a900000, 0x000000008aa00000, 0x000000008aa00000|100%| S|CS|TAMS 0x000000008a900000, 0x000000008a900000| Complete 
| 170|0x000000008aa00000, 0x000000008ab00000, 0x000000008ab00000|100%| S|CS|TAMS 0x000000008aa00000, 0x000000008aa00000| Complete 
| 171|0x000000008ab00000, 0x000000008ac00000, 0x000000008ac00000|100%| S|CS|TAMS 0x000000008ab00000, 0x000000008ab00000| Complete 
| 172|0x000000008ac00000, 0x000000008ad00000, 0x000000008ad00000|100%| S|CS|TAMS 0x000000008ac00000, 0x000000008ac00000| Complete 
| 173|0x000000008ad00000, 0x000000008ae00000, 0x000000008ae00000|100%| S|CS|TAMS 0x000000008ad00000, 0x000000008ad00000| Complete 
| 174|0x000000008ae00000, 0x000000008af00000, 0x000000008af00000|100%| S|CS|TAMS 0x000000008ae00000, 0x000000008ae00000| Complete 
| 175|0x000000008af00000, 0x000000008b000000, 0x000000008b000000|100%| S|CS|TAMS 0x000000008af00000, 0x000000008af00000| Complete 
| 176|0x000000008b000000, 0x000000008b100000, 0x000000008b100000|100%| S|CS|TAMS 0x000000008b000000, 0x000000008b000000| Complete 
| 177|0x000000008b100000, 0x000000008b200000, 0x000000008b200000|100%| S|CS|TAMS 0x000000008b100000, 0x000000008b100000| Complete 
| 178|0x000000008b200000, 0x000000008b200000, 0x000000008b300000|  0%| F|  |TAMS 0x000000008b200000, 0x000000008b200000| Untracked 
| 179|0x000000008b300000, 0x000000008b300000, 0x000000008b400000|  0%| F|  |TAMS 0x000000008b300000, 0x000000008b300000| Untracked 
| 180|0x000000008b400000, 0x000000008b400000, 0x000000008b500000|  0%| F|  |TAMS 0x000000008b400000, 0x000000008b400000| Untracked 
| 181|0x000000008b500000, 0x000000008b500000, 0x000000008b600000|  0%| F|  |TAMS 0x000000008b500000, 0x000000008b500000| Untracked 
| 182|0x000000008b600000, 0x000000008b600000, 0x000000008b700000|  0%| F|  |TAMS 0x000000008b600000, 0x000000008b600000| Untracked 
| 183|0x000000008b700000, 0x000000008b700000, 0x000000008b800000|  0%| F|  |TAMS 0x000000008b700000, 0x000000008b700000| Untracked 
| 184|0x000000008b800000, 0x000000008b800000, 0x000000008b900000|  0%| F|  |TAMS 0x000000008b800000, 0x000000008b800000| Untracked 
| 185|0x000000008b900000, 0x000000008b900000, 0x000000008ba00000|  0%| F|  |TAMS 0x000000008b900000, 0x000000008b900000| Untracked 
| 186|0x000000008ba00000, 0x000000008ba00000, 0x000000008bb00000|  0%| F|  |TAMS 0x000000008ba00000, 0x000000008ba00000| Untracked 
| 187|0x000000008bb00000, 0x000000008bb00000, 0x000000008bc00000|  0%| F|  |TAMS 0x000000008bb00000, 0x000000008bb00000| Untracked 
| 188|0x000000008bc00000, 0x000000008bc00000, 0x000000008bd00000|  0%| F|  |TAMS 0x000000008bc00000, 0x000000008bc00000| Untracked 
| 189|0x000000008bd00000, 0x000000008bd00000, 0x000000008be00000|  0%| F|  |TAMS 0x000000008bd00000, 0x000000008bd00000| Untracked 
| 190|0x000000008be00000, 0x000000008be00000, 0x000000008bf00000|  0%| F|  |TAMS 0x000000008be00000, 0x000000008be00000| Untracked 
| 191|0x000000008bf00000, 0x000000008bf00000, 0x000000008c000000|  0%| F|  |TAMS 0x000000008bf00000, 0x000000008bf00000| Untracked 
| 192|0x000000008c000000, 0x000000008c000000, 0x000000008c100000|  0%| F|  |TAMS 0x000000008c000000, 0x000000008c000000| Untracked 
| 193|0x000000008c100000, 0x000000008c100000, 0x000000008c200000|  0%| F|  |TAMS 0x000000008c100000, 0x000000008c100000| Untracked 
| 194|0x000000008c200000, 0x000000008c200000, 0x000000008c300000|  0%| F|  |TAMS 0x000000008c200000, 0x000000008c200000| Untracked 
| 195|0x000000008c300000, 0x000000008c300000, 0x000000008c400000|  0%| F|  |TAMS 0x000000008c300000, 0x000000008c300000| Untracked 
| 196|0x000000008c400000, 0x000000008c400000, 0x000000008c500000|  0%| F|  |TAMS 0x000000008c400000, 0x000000008c400000| Untracked 
| 197|0x000000008c500000, 0x000000008c500000, 0x000000008c600000|  0%| F|  |TAMS 0x000000008c500000, 0x000000008c500000| Untracked 
| 198|0x000000008c600000, 0x000000008c600000, 0x000000008c700000|  0%| F|  |TAMS 0x000000008c600000, 0x000000008c600000| Untracked 
| 199|0x000000008c700000, 0x000000008c700000, 0x000000008c800000|  0%| F|  |TAMS 0x000000008c700000, 0x000000008c700000| Untracked 
| 200|0x000000008c800000, 0x000000008c800000, 0x000000008c900000|  0%| F|  |TAMS 0x000000008c800000, 0x000000008c800000| Untracked 
| 201|0x000000008c900000, 0x000000008c900000, 0x000000008ca00000|  0%| F|  |TAMS 0x000000008c900000, 0x000000008c900000| Untracked 
| 202|0x000000008ca00000, 0x000000008ca00000, 0x000000008cb00000|  0%| F|  |TAMS 0x000000008ca00000, 0x000000008ca00000| Untracked 
| 203|0x000000008cb00000, 0x000000008cb00000, 0x000000008cc00000|  0%| F|  |TAMS 0x000000008cb00000, 0x000000008cb00000| Untracked 
| 204|0x000000008cc00000, 0x000000008cc00000, 0x000000008cd00000|  0%| F|  |TAMS 0x000000008cc00000, 0x000000008cc00000| Untracked 
| 205|0x000000008cd00000, 0x000000008cd00000, 0x000000008ce00000|  0%| F|  |TAMS 0x000000008cd00000, 0x000000008cd00000| Untracked 
| 206|0x000000008ce00000, 0x000000008ce00000, 0x000000008cf00000|  0%| F|  |TAMS 0x000000008ce00000, 0x000000008ce00000| Untracked 
| 207|0x000000008cf00000, 0x000000008cf00000, 0x000000008d000000|  0%| F|  |TAMS 0x000000008cf00000, 0x000000008cf00000| Untracked 
| 208|0x000000008d000000, 0x000000008d000000, 0x000000008d100000|  0%| F|  |TAMS 0x000000008d000000, 0x000000008d000000| Untracked 
| 209|0x000000008d100000, 0x000000008d100000, 0x000000008d200000|  0%| F|  |TAMS 0x000000008d100000, 0x000000008d100000| Untracked 
| 210|0x000000008d200000, 0x000000008d200000, 0x000000008d300000|  0%| F|  |TAMS 0x000000008d200000, 0x000000008d200000| Untracked 
| 211|0x000000008d300000, 0x000000008d300000, 0x000000008d400000|  0%| F|  |TAMS 0x000000008d300000, 0x000000008d300000| Untracked 
| 212|0x000000008d400000, 0x000000008d400000, 0x000000008d500000|  0%| F|  |TAMS 0x000000008d400000, 0x000000008d400000| Untracked 
| 213|0x000000008d500000, 0x000000008d500000, 0x000000008d600000|  0%| F|  |TAMS 0x000000008d500000, 0x000000008d500000| Untracked 
| 214|0x000000008d600000, 0x000000008d600000, 0x000000008d700000|  0%| F|  |TAMS 0x000000008d600000, 0x000000008d600000| Untracked 
| 215|0x000000008d700000, 0x000000008d700000, 0x000000008d800000|  0%| F|  |TAMS 0x000000008d700000, 0x000000008d700000| Untracked 
| 216|0x000000008d800000, 0x000000008d800000, 0x000000008d900000|  0%| F|  |TAMS 0x000000008d800000, 0x000000008d800000| Untracked 
| 217|0x000000008d900000, 0x000000008d900000, 0x000000008da00000|  0%| F|  |TAMS 0x000000008d900000, 0x000000008d900000| Untracked 
| 218|0x000000008da00000, 0x000000008da00000, 0x000000008db00000|  0%| F|  |TAMS 0x000000008da00000, 0x000000008da00000| Untracked 
| 219|0x000000008db00000, 0x000000008db00000, 0x000000008dc00000|  0%| F|  |TAMS 0x000000008db00000, 0x000000008db00000| Untracked 
| 220|0x000000008dc00000, 0x000000008dc00000, 0x000000008dd00000|  0%| F|  |TAMS 0x000000008dc00000, 0x000000008dc00000| Untracked 
| 221|0x000000008dd00000, 0x000000008dd00000, 0x000000008de00000|  0%| F|  |TAMS 0x000000008dd00000, 0x000000008dd00000| Untracked 
| 222|0x000000008de00000, 0x000000008de00000, 0x000000008df00000|  0%| F|  |TAMS 0x000000008de00000, 0x000000008de00000| Untracked 
| 223|0x000000008df00000, 0x000000008df00000, 0x000000008e000000|  0%| F|  |TAMS 0x000000008df00000, 0x000000008df00000| Untracked 
| 224|0x000000008e000000, 0x000000008e000000, 0x000000008e100000|  0%| F|  |TAMS 0x000000008e000000, 0x000000008e000000| Untracked 
| 225|0x000000008e100000, 0x000000008e100000, 0x000000008e200000|  0%| F|  |TAMS 0x000000008e100000, 0x000000008e100000| Untracked 
| 226|0x000000008e200000, 0x000000008e200000, 0x000000008e300000|  0%| F|  |TAMS 0x000000008e200000, 0x000000008e200000| Untracked 
| 227|0x000000008e300000, 0x000000008e300000, 0x000000008e400000|  0%| F|  |TAMS 0x000000008e300000, 0x000000008e300000| Untracked 
| 228|0x000000008e400000, 0x000000008e400000, 0x000000008e500000|  0%| F|  |TAMS 0x000000008e400000, 0x000000008e400000| Untracked 
| 229|0x000000008e500000, 0x000000008e500000, 0x000000008e600000|  0%| F|  |TAMS 0x000000008e500000, 0x000000008e500000| Untracked 
| 230|0x000000008e600000, 0x000000008e600000, 0x000000008e700000|  0%| F|  |TAMS 0x000000008e600000, 0x000000008e600000| Untracked 
| 231|0x000000008e700000, 0x000000008e700000, 0x000000008e800000|  0%| F|  |TAMS 0x000000008e700000, 0x000000008e700000| Untracked 
| 232|0x000000008e800000, 0x000000008e800000, 0x000000008e900000|  0%| F|  |TAMS 0x000000008e800000, 0x000000008e800000| Untracked 
| 233|0x000000008e900000, 0x000000008e900000, 0x000000008ea00000|  0%| F|  |TAMS 0x000000008e900000, 0x000000008e900000| Untracked 
| 234|0x000000008ea00000, 0x000000008ea00000, 0x000000008eb00000|  0%| F|  |TAMS 0x000000008ea00000, 0x000000008ea00000| Untracked 
| 235|0x000000008eb00000, 0x000000008eb00000, 0x000000008ec00000|  0%| F|  |TAMS 0x000000008eb00000, 0x000000008eb00000| Untracked 
| 236|0x000000008ec00000, 0x000000008ec00000, 0x000000008ed00000|  0%| F|  |TAMS 0x000000008ec00000, 0x000000008ec00000| Untracked 
| 237|0x000000008ed00000, 0x000000008ed00000, 0x000000008ee00000|  0%| F|  |TAMS 0x000000008ed00000, 0x000000008ed00000| Untracked 
| 238|0x000000008ee00000, 0x000000008ee00000, 0x000000008ef00000|  0%| F|  |TAMS 0x000000008ee00000, 0x000000008ee00000| Untracked 
| 239|0x000000008ef00000, 0x000000008ef00000, 0x000000008f000000|  0%| F|  |TAMS 0x000000008ef00000, 0x000000008ef00000| Untracked 
| 240|0x000000008f000000, 0x000000008f000000, 0x000000008f100000|  0%| F|  |TAMS 0x000000008f000000, 0x000000008f000000| Untracked 
| 241|0x000000008f100000, 0x000000008f100000, 0x000000008f200000|  0%| F|  |TAMS 0x000000008f100000, 0x000000008f100000| Untracked 
| 242|0x000000008f200000, 0x000000008f200000, 0x000000008f300000|  0%| F|  |TAMS 0x000000008f200000, 0x000000008f200000| Untracked 
| 243|0x000000008f300000, 0x000000008f300000, 0x000000008f400000|  0%| F|  |TAMS 0x000000008f300000, 0x000000008f300000| Untracked 
| 244|0x000000008f400000, 0x000000008f400000, 0x000000008f500000|  0%| F|  |TAMS 0x000000008f400000, 0x000000008f400000| Untracked 
| 245|0x000000008f500000, 0x000000008f500000, 0x000000008f600000|  0%| F|  |TAMS 0x000000008f500000, 0x000000008f500000| Untracked 
| 246|0x000000008f600000, 0x000000008f600000, 0x000000008f700000|  0%| F|  |TAMS 0x000000008f600000, 0x000000008f600000| Untracked 
| 247|0x000000008f700000, 0x000000008f700000, 0x000000008f800000|  0%| F|  |TAMS 0x000000008f700000, 0x000000008f700000| Untracked 
| 248|0x000000008f800000, 0x000000008f900000, 0x000000008f900000|100%| E|  |TAMS 0x000000008f800000, 0x000000008f800000| Complete 
| 249|0x000000008f900000, 0x000000008fa00000, 0x000000008fa00000|100%| E|CS|TAMS 0x000000008f900000, 0x000000008f900000| Complete 
| 250|0x000000008fa00000, 0x000000008fb00000, 0x000000008fb00000|100%| E|CS|TAMS 0x000000008fa00000, 0x000000008fa00000| Complete 
| 251|0x000000008fb00000, 0x000000008fc00000, 0x000000008fc00000|100%| E|CS|TAMS 0x000000008fb00000, 0x000000008fb00000| Complete 
| 252|0x000000008fc00000, 0x000000008fd00000, 0x000000008fd00000|100%| E|CS|TAMS 0x000000008fc00000, 0x000000008fc00000| Complete 
| 253|0x000000008fd00000, 0x000000008fe00000, 0x000000008fe00000|100%| E|CS|TAMS 0x000000008fd00000, 0x000000008fd00000| Complete 
| 254|0x000000008fe00000, 0x000000008ff00000, 0x000000008ff00000|100%| E|CS|TAMS 0x000000008fe00000, 0x000000008fe00000| Complete 
| 255|0x000000008ff00000, 0x0000000090000000, 0x0000000090000000|100%| E|CS|TAMS 0x000000008ff00000, 0x000000008ff00000| Complete 
| 256|0x0000000090000000, 0x0000000090100000, 0x0000000090100000|100%| E|CS|TAMS 0x0000000090000000, 0x0000000090000000| Complete 
| 257|0x0000000090100000, 0x0000000090200000, 0x0000000090200000|100%| E|CS|TAMS 0x0000000090100000, 0x0000000090100000| Complete 
| 258|0x0000000090200000, 0x0000000090300000, 0x0000000090300000|100%| E|CS|TAMS 0x0000000090200000, 0x0000000090200000| Complete 
| 259|0x0000000090300000, 0x0000000090400000, 0x0000000090400000|100%| E|CS|TAMS 0x0000000090300000, 0x0000000090300000| Complete 
| 260|0x0000000090400000, 0x0000000090500000, 0x0000000090500000|100%| E|CS|TAMS 0x0000000090400000, 0x0000000090400000| Complete 
| 261|0x0000000090500000, 0x0000000090600000, 0x0000000090600000|100%| E|CS|TAMS 0x0000000090500000, 0x0000000090500000| Complete 
| 262|0x0000000090600000, 0x0000000090700000, 0x0000000090700000|100%| E|CS|TAMS 0x0000000090600000, 0x0000000090600000| Complete 
| 263|0x0000000090700000, 0x0000000090800000, 0x0000000090800000|100%| E|CS|TAMS 0x0000000090700000, 0x0000000090700000| Complete 
| 264|0x0000000090800000, 0x0000000090900000, 0x0000000090900000|100%| E|CS|TAMS 0x0000000090800000, 0x0000000090800000| Complete 
| 265|0x0000000090900000, 0x0000000090a00000, 0x0000000090a00000|100%| E|CS|TAMS 0x0000000090900000, 0x0000000090900000| Complete 
| 266|0x0000000090a00000, 0x0000000090b00000, 0x0000000090b00000|100%| E|CS|TAMS 0x0000000090a00000, 0x0000000090a00000| Complete 
| 267|0x0000000090b00000, 0x0000000090c00000, 0x0000000090c00000|100%| E|CS|TAMS 0x0000000090b00000, 0x0000000090b00000| Complete 
| 268|0x0000000090c00000, 0x0000000090d00000, 0x0000000090d00000|100%| E|CS|TAMS 0x0000000090c00000, 0x0000000090c00000| Complete 
| 269|0x0000000090d00000, 0x0000000090e00000, 0x0000000090e00000|100%| E|CS|TAMS 0x0000000090d00000, 0x0000000090d00000| Complete 
| 270|0x0000000090e00000, 0x0000000090f00000, 0x0000000090f00000|100%| E|CS|TAMS 0x0000000090e00000, 0x0000000090e00000| Complete 
| 271|0x0000000090f00000, 0x0000000091000000, 0x0000000091000000|100%| E|CS|TAMS 0x0000000090f00000, 0x0000000090f00000| Complete 
| 272|0x0000000091000000, 0x0000000091100000, 0x0000000091100000|100%| E|CS|TAMS 0x0000000091000000, 0x0000000091000000| Complete 
| 273|0x0000000091100000, 0x0000000091200000, 0x0000000091200000|100%| E|CS|TAMS 0x0000000091100000, 0x0000000091100000| Complete 
| 274|0x0000000091200000, 0x0000000091300000, 0x0000000091300000|100%| E|CS|TAMS 0x0000000091200000, 0x0000000091200000| Complete 
| 275|0x0000000091300000, 0x0000000091400000, 0x0000000091400000|100%| E|CS|TAMS 0x0000000091300000, 0x0000000091300000| Complete 
| 276|0x0000000091400000, 0x0000000091500000, 0x0000000091500000|100%| E|CS|TAMS 0x0000000091400000, 0x0000000091400000| Complete 
| 277|0x0000000091500000, 0x0000000091600000, 0x0000000091600000|100%| E|CS|TAMS 0x0000000091500000, 0x0000000091500000| Complete 
| 278|0x0000000091600000, 0x0000000091700000, 0x0000000091700000|100%| E|CS|TAMS 0x0000000091600000, 0x0000000091600000| Complete 
| 279|0x0000000091700000, 0x0000000091800000, 0x0000000091800000|100%| E|CS|TAMS 0x0000000091700000, 0x0000000091700000| Complete 
| 280|0x0000000091800000, 0x0000000091900000, 0x0000000091900000|100%| E|CS|TAMS 0x0000000091800000, 0x0000000091800000| Complete 
| 281|0x0000000091900000, 0x0000000091a00000, 0x0000000091a00000|100%| E|CS|TAMS 0x0000000091900000, 0x0000000091900000| Complete 
| 282|0x0000000091a00000, 0x0000000091b00000, 0x0000000091b00000|100%| E|CS|TAMS 0x0000000091a00000, 0x0000000091a00000| Complete 
| 283|0x0000000091b00000, 0x0000000091c00000, 0x0000000091c00000|100%| E|CS|TAMS 0x0000000091b00000, 0x0000000091b00000| Complete 
| 284|0x0000000091c00000, 0x0000000091d00000, 0x0000000091d00000|100%| E|CS|TAMS 0x0000000091c00000, 0x0000000091c00000| Complete 
| 285|0x0000000091d00000, 0x0000000091e00000, 0x0000000091e00000|100%| E|CS|TAMS 0x0000000091d00000, 0x0000000091d00000| Complete 
| 286|0x0000000091e00000, 0x0000000091f00000, 0x0000000091f00000|100%| E|CS|TAMS 0x0000000091e00000, 0x0000000091e00000| Complete 
| 287|0x0000000091f00000, 0x0000000092000000, 0x0000000092000000|100%| E|CS|TAMS 0x0000000091f00000, 0x0000000091f00000| Complete 
| 288|0x0000000092000000, 0x0000000092100000, 0x0000000092100000|100%| E|CS|TAMS 0x0000000092000000, 0x0000000092000000| Complete 
| 289|0x0000000092100000, 0x0000000092200000, 0x0000000092200000|100%| E|CS|TAMS 0x0000000092100000, 0x0000000092100000| Complete 
| 290|0x0000000092200000, 0x0000000092300000, 0x0000000092300000|100%| E|CS|TAMS 0x0000000092200000, 0x0000000092200000| Complete 
| 291|0x0000000092300000, 0x0000000092400000, 0x0000000092400000|100%| E|CS|TAMS 0x0000000092300000, 0x0000000092300000| Complete 
| 292|0x0000000092400000, 0x0000000092500000, 0x0000000092500000|100%| E|CS|TAMS 0x0000000092400000, 0x0000000092400000| Complete 
| 293|0x0000000092500000, 0x0000000092600000, 0x0000000092600000|100%| E|CS|TAMS 0x0000000092500000, 0x0000000092500000| Complete 
| 294|0x0000000092600000, 0x0000000092700000, 0x0000000092700000|100%| E|CS|TAMS 0x0000000092600000, 0x0000000092600000| Complete 
| 295|0x0000000092700000, 0x0000000092800000, 0x0000000092800000|100%| E|CS|TAMS 0x0000000092700000, 0x0000000092700000| Complete 
| 296|0x0000000092800000, 0x0000000092900000, 0x0000000092900000|100%| E|CS|TAMS 0x0000000092800000, 0x0000000092800000| Complete 
| 297|0x0000000092900000, 0x0000000092a00000, 0x0000000092a00000|100%| E|CS|TAMS 0x0000000092900000, 0x0000000092900000| Complete 
| 298|0x0000000092a00000, 0x0000000092b00000, 0x0000000092b00000|100%| E|CS|TAMS 0x0000000092a00000, 0x0000000092a00000| Complete 
| 299|0x0000000092b00000, 0x0000000092c00000, 0x0000000092c00000|100%| E|CS|TAMS 0x0000000092b00000, 0x0000000092b00000| Complete 
| 300|0x0000000092c00000, 0x0000000092d00000, 0x0000000092d00000|100%| E|CS|TAMS 0x0000000092c00000, 0x0000000092c00000| Complete 
| 301|0x0000000092d00000, 0x0000000092e00000, 0x0000000092e00000|100%| E|CS|TAMS 0x0000000092d00000, 0x0000000092d00000| Complete 
| 302|0x0000000092e00000, 0x0000000092f00000, 0x0000000092f00000|100%| E|CS|TAMS 0x0000000092e00000, 0x0000000092e00000| Complete 
| 303|0x0000000092f00000, 0x0000000093000000, 0x0000000093000000|100%| E|CS|TAMS 0x0000000092f00000, 0x0000000092f00000| Complete 
| 304|0x0000000093000000, 0x0000000093100000, 0x0000000093100000|100%| E|CS|TAMS 0x0000000093000000, 0x0000000093000000| Complete 

Card table byte_map: [0x000001c5d28b0000,0x000001c5d2cb0000] _byte_map_base: 0x000001c5d24b0000

Marking Bits (Prev, Next): (CMBitMap*) 0x000001c5b8fc0318, (CMBitMap*) 0x000001c5b8fc0350
 Prev Bits: [0x000001c5d30b0000, 0x000001c5d50b0000)
 Next Bits: [0x000001c5d50b0000, 0x000001c5d70b0000)

Polling page: 0x000001c5b9060000

Metaspace:

Usage:
  Non-class:     78.43 MB capacity,    77.05 MB ( 98%) used,     1.13 MB (  1%) free+waste,   255.06 KB ( <1%) overhead. 
      Class:     12.10 MB capacity,    11.29 MB ( 93%) used,   719.32 KB (  6%) free+waste,   114.19 KB ( <1%) overhead. 
       Both:     90.54 MB capacity,    88.34 MB ( 98%) used,     1.84 MB (  2%) free+waste,   369.25 KB ( <1%) overhead. 

Virtual space:
  Non-class space:       80.00 MB reserved,      78.50 MB ( 98%) committed 
      Class space:        1.00 GB reserved,      12.20 MB (  1%) committed 
             Both:        1.08 GB reserved,      90.70 MB (  8%) committed 

Chunk freelists:
   Non-Class:  3.00 KB
       Class:  22.00 KB
        Both:  25.00 KB

MaxMetaspaceSize: 17179869184.00 GB
CompressedClassSpaceSize: 1.00 GB
Initial GC threshold: 20.80 MB
Current GC threshold: 112.42 MB
CDS: off

CodeHeap 'non-profiled nmethods': size=120064Kb used=6825Kb max_used=6825Kb free=113239Kb
 bounds [0x000001c5ca950000, 0x000001c5cb000000, 0x000001c5d1e90000]
CodeHeap 'profiled nmethods': size=120000Kb used=23036Kb max_used=23036Kb free=96963Kb
 bounds [0x000001c5c3420000, 0x000001c5c4aa0000, 0x000001c5ca950000]
CodeHeap 'non-nmethods': size=5696Kb used=2367Kb max_used=2421Kb free=3328Kb
 bounds [0x000001c5c2e90000, 0x000001c5c3100000, 0x000001c5c3420000]
 total_blobs=11690 nmethods=10810 adapters=792
 compilation: enabled
              stopped_count=0, restarted_count=0
 full_count=0

Compilation events (20 events):
Event: 12.812 Thread 0x000001c5d9fc9000 10843       1       org.gradle.internal.fingerprint.impl.NameOnlyFingerprintingStrategy::access$000 (5 bytes)
Event: 12.812 Thread 0x000001c5d9fc9000 nmethod 10843 0x000001c5cafe9b90 code [0x000001c5cafe9d40, 0x000001c5cafe9dd8]
Event: 12.821 Thread 0x000001c5d9fc9000 10844       3       org.gradle.internal.resource.cached.AbstractCachedIndex::lookup (55 bytes)
Event: 12.821 Thread 0x000001c5d9fc9000 nmethod 10844 0x000001c5c4a9ae90 code [0x000001c5c4a9b100, 0x000001c5c4a9bc48]
Event: 12.824 Thread 0x000001c5d9fc9000 10846       3       org.gradle.api.internal.artifacts.ivyservice.modulecache.artifacts.DefaultModuleArtifactCache::lookup (14 bytes)
Event: 12.825 Thread 0x000001c5d9fc9000 nmethod 10846 0x000001c5c4a9c010 code [0x000001c5c4a9c200, 0x000001c5c4a9c618]
Event: 12.832 Thread 0x000001c5d9fc9000 10847       3       org.gradle.api.internal.artifacts.transform.CacheableInvocation$$Lambda$879/0x0000000100b72c40::get (12 bytes)
Event: 12.833 Thread 0x000001c5d9fc9000 nmethod 10847 0x000001c5c4a9c790 code [0x000001c5c4a9c9c0, 0x000001c5c4a9d198]
Event: 12.833 Thread 0x000001c5d9fc9000 10848       3       org.gradle.api.internal.artifacts.transform.CacheableInvocation::lambda$flatMap$3 (16 bytes)
Event: 12.833 Thread 0x000001c5d9fc9000 nmethod 10848 0x000001c5c4a9d410 code [0x000001c5c4a9d620, 0x000001c5c4a9dd58]
Event: 12.833 Thread 0x000001c5d9fc7800 nmethod 10835 0x000001c5cafe9e90 code [0x000001c5cafea2e0, 0x000001c5cafedbd0]
Event: 12.833 Thread 0x000001c5d9fc7800 10839   !   4       java.util.concurrent.ConcurrentHashMap::transfer (828 bytes)
Event: 12.834 Thread 0x000001c5d9fc9000 10851       3       org.gradle.internal.Try$Success::flatMap (14 bytes)
Event: 12.834 Thread 0x000001c5d9fc9000 nmethod 10851 0x000001c5c4a9df90 code [0x000001c5c4a9e160, 0x000001c5c4a9e408]
Event: 12.834 Thread 0x000001c5d9fc9000 10852       3       org.gradle.api.internal.artifacts.transform.CacheableInvocation$$Lambda$976/0x0000000100b9b840::apply (9 bytes)
Event: 12.834 Thread 0x000001c5d9fc9000 nmethod 10852 0x000001c5c4a9e510 code [0x000001c5c4a9e700, 0x000001c5c4a9ead8]
Event: 12.858 Thread 0x000001c5d9fc7800 nmethod 10839 0x000001c5cafefb90 code [0x000001c5cafefd60, 0x000001c5caff1358]
Event: 12.858 Thread 0x000001c5d9fc7800 10849       4       com.google.common.collect.ImmutableSortedMap$Builder::build (229 bytes)
Event: 12.924 Thread 0x000001c5d9fc9000 10853       3       org.gradle.internal.snapshot.RootTrackingFileSystemSnapshotHierarchyVisitor::visitEntry (18 bytes)
Event: 12.924 Thread 0x000001c5d9fc9000 nmethod 10853 0x000001c5c4a9ec10 code [0x000001c5c4a9edc0, 0x000001c5c4a9efe8]

GC Heap History (20 events):
Event: 2.125 GC heap before
{Heap before GC invocations=4 (full 0):
 garbage-first heap   total 260096K, used 36526K [0x0000000080000000, 0x0000000100000000)
  region size 1024K, 27 young (27648K), 6 survivors (6144K)
 Metaspace       used 20536K, capacity 21089K, committed 21248K, reserved 1067008K
  class space    used 2506K, capacity 2689K, committed 2816K, reserved 1048576K
}
Event: 2.128 GC heap after
{Heap after GC invocations=5 (full 0):
 garbage-first heap   total 260096K, used 16676K [0x0000000080000000, 0x0000000100000000)
  region size 1024K, 7 young (7168K), 7 survivors (7168K)
 Metaspace       used 20536K, capacity 21089K, committed 21248K, reserved 1067008K
  class space    used 2506K, capacity 2689K, committed 2816K, reserved 1048576K
}
Event: 2.608 GC heap before
{Heap before GC invocations=6 (full 0):
 garbage-first heap   total 260096K, used 75044K [0x0000000080000000, 0x0000000100000000)
  region size 1024K, 64 young (65536K), 7 survivors (7168K)
 Metaspace       used 26306K, capacity 27005K, committed 27008K, reserved 1073152K
  class space    used 3456K, capacity 3710K, committed 3712K, reserved 1048576K
}
Event: 2.616 GC heap after
{Heap after GC invocations=7 (full 0):
 garbage-first heap   total 260096K, used 18974K [0x0000000080000000, 0x0000000100000000)
  region size 1024K, 3 young (3072K), 3 survivors (3072K)
 Metaspace       used 26306K, capacity 27005K, committed 27008K, reserved 1073152K
  class space    used 3456K, capacity 3710K, committed 3712K, reserved 1048576K
}
Event: 3.142 GC heap before
{Heap before GC invocations=7 (full 0):
 garbage-first heap   total 260096K, used 71198K [0x0000000080000000, 0x0000000100000000)
  region size 1024K, 55 young (56320K), 3 survivors (3072K)
 Metaspace       used 34950K, capacity 35701K, committed 35840K, reserved 1081344K
  class space    used 4547K, capacity 4865K, committed 4992K, reserved 1048576K
}
Event: 3.147 GC heap after
{Heap after GC invocations=8 (full 0):
 garbage-first heap   total 260096K, used 22261K [0x0000000080000000, 0x0000000100000000)
  region size 1024K, 7 young (7168K), 7 survivors (7168K)
 Metaspace       used 34950K, capacity 35701K, committed 35840K, reserved 1081344K
  class space    used 4547K, capacity 4865K, committed 4992K, reserved 1048576K
}
Event: 3.969 GC heap before
{Heap before GC invocations=9 (full 0):
 garbage-first heap   total 260096K, used 130805K [0x0000000080000000, 0x0000000100000000)
  region size 1024K, 110 young (112640K), 7 survivors (7168K)
 Metaspace       used 43457K, capacity 44499K, committed 44544K, reserved 1087488K
  class space    used 5529K, capacity 5887K, committed 5888K, reserved 1048576K
}
Event: 3.978 GC heap after
{Heap after GC invocations=10 (full 0):
 garbage-first heap   total 260096K, used 28725K [0x0000000080000000, 0x0000000100000000)
  region size 1024K, 13 young (13312K), 13 survivors (13312K)
 Metaspace       used 43457K, capacity 44499K, committed 44544K, reserved 1087488K
  class space    used 5529K, capacity 5887K, committed 5888K, reserved 1048576K
}
Event: 5.299 GC heap before
{Heap before GC invocations=10 (full 0):
 garbage-first heap   total 260096K, used 178229K [0x0000000080000000, 0x0000000100000000)
  region size 1024K, 152 young (155648K), 13 survivors (13312K)
 Metaspace       used 55390K, capacity 56876K, committed 56960K, reserved 1099776K
  class space    used 6997K, capacity 7519K, committed 7552K, reserved 1048576K
}
Event: 5.314 GC heap after
{Heap after GC invocations=11 (full 0):
 garbage-first heap   total 260096K, used 50143K [0x0000000080000000, 0x0000000100000000)
  region size 1024K, 19 young (19456K), 19 survivors (19456K)
 Metaspace       used 55390K, capacity 56876K, committed 56960K, reserved 1099776K
  class space    used 6997K, capacity 7519K, committed 7552K, reserved 1048576K
}
Event: 5.524 GC heap before
{Heap before GC invocations=11 (full 0):
 garbage-first heap   total 260096K, used 70623K [0x0000000080000000, 0x0000000100000000)
  region size 1024K, 40 young (40960K), 19 survivors (19456K)
 Metaspace       used 58713K, capacity 60140K, committed 60160K, reserved 1101824K
  class space    used 7386K, capacity 7921K, committed 7936K, reserved 1048576K
}
Event: 5.537 GC heap after
{Heap after GC invocations=12 (full 0):
 garbage-first heap   total 260096K, used 52656K [0x0000000080000000, 0x0000000100000000)
  region size 1024K, 3 young (3072K), 3 survivors (3072K)
 Metaspace       used 58713K, capacity 60140K, committed 60160K, reserved 1101824K
  class space    used 7386K, capacity 7921K, committed 7936K, reserved 1048576K
}
Event: 6.453 GC heap before
{Heap before GC invocations=13 (full 0):
 garbage-first heap   total 260096K, used 143792K [0x0000000080000000, 0x0000000100000000)
  region size 1024K, 92 young (94208K), 3 survivors (3072K)
 Metaspace       used 67101K, capacity 68716K, committed 69068K, reserved 1110016K
  class space    used 8459K, capacity 9034K, committed 9164K, reserved 1048576K
}
Event: 6.461 GC heap after
{Heap after GC invocations=14 (full 0):
 garbage-first heap   total 312320K, used 57726K [0x0000000080000000, 0x0000000100000000)
  region size 1024K, 8 young (8192K), 8 survivors (8192K)
 Metaspace       used 67101K, capacity 68716K, committed 69068K, reserved 1110016K
  class space    used 8459K, capacity 9034K, committed 9164K, reserved 1048576K
}
Event: 8.778 GC heap before
{Heap before GC invocations=15 (full 0):
 garbage-first heap   total 312320K, used 182654K [0x0000000080000000, 0x0000000100000000)
  region size 1024K, 130 young (133120K), 8 survivors (8192K)
 Metaspace       used 77938K, capacity 79700K, committed 79820K, reserved 1118208K
  class space    used 10011K, capacity 10649K, committed 10700K, reserved 1048576K
}
Event: 8.790 GC heap after
{Heap after GC invocations=16 (full 0):
 garbage-first heap   total 312320K, used 66818K [0x0000000080000000, 0x0000000100000000)
  region size 1024K, 17 young (17408K), 17 survivors (17408K)
 Metaspace       used 77938K, capacity 79700K, committed 79820K, reserved 1118208K
  class space    used 10011K, capacity 10649K, committed 10700K, reserved 1048576K
}
Event: 10.638 GC heap before
{Heap before GC invocations=16 (full 0):
 garbage-first heap   total 312320K, used 203010K [0x0000000080000000, 0x0000000100000000)
  region size 1024K, 143 young (146432K), 17 survivors (17408K)
 Metaspace       used 86821K, capacity 88972K, committed 89292K, reserved 1126400K
  class space    used 11123K, capacity 11897K, committed 11980K, reserved 1048576K
}
Event: 10.657 GC heap after
{Heap after GC invocations=17 (full 0):
 garbage-first heap   total 312320K, used 77824K [0x0000000080000000, 0x0000000100000000)
  region size 1024K, 18 young (18432K), 18 survivors (18432K)
 Metaspace       used 86821K, capacity 88972K, committed 89292K, reserved 1126400K
  class space    used 11123K, capacity 11897K, committed 11980K, reserved 1048576K
}
Event: 12.176 GC heap before
{Heap before GC invocations=17 (full 0):
 garbage-first heap   total 312320K, used 206848K [0x0000000080000000, 0x0000000100000000)
  region size 1024K, 145 young (148480K), 18 survivors (18432K)
 Metaspace       used 89140K, capacity 91396K, committed 91724K, reserved 1128448K
  class space    used 11381K, capacity 12234K, committed 12364K, reserved 1048576K
}
Event: 12.196 GC heap after
{Heap after GC invocations=18 (full 0):
 garbage-first heap   total 312320K, used 87040K [0x0000000080000000, 0x0000000100000000)
  region size 1024K, 10 young (10240K), 10 survivors (10240K)
 Metaspace       used 89140K, capacity 91396K, committed 91724K, reserved 1128448K
  class space    used 11381K, capacity 12234K, committed 12364K, reserved 1048576K
}

Deoptimization events (20 events):
Event: 12.004 Thread 0x000001c5dc39a800 DEOPT PACKING pc=0x000001c5caf0e830 sp=0x00000081972ff070
Event: 12.004 Thread 0x000001c5dc39a800 DEOPT UNPACKING pc=0x000001c5c2eda1af sp=0x00000081972ff010 mode 2
Event: 12.042 Thread 0x000001c5df1fd800 DEOPT PACKING pc=0x000001c5c485dff6 sp=0x0000008198afd490
Event: 12.042 Thread 0x000001c5df1fd800 DEOPT UNPACKING pc=0x000001c5c2eda95e sp=0x0000008198afc9b0 mode 0
Event: 12.046 Thread 0x000001c5df1ff000 Uncommon trap: trap_request=0xffffffde fr.pc=0x000001c5caf5e75c relative=0x000000000000029c
Event: 12.046 Thread 0x000001c5df1ff000 Uncommon trap: reason=class_check action=maybe_recompile pc=0x000001c5caf5e75c method=java.util.Collections.binarySearch(Ljava/util/List;Ljava/lang/Object;Ljava/util/Comparator;)I @ 11 c2
Event: 12.046 Thread 0x000001c5df1ff000 DEOPT PACKING pc=0x000001c5caf5e75c sp=0x00000081986fbc20
Event: 12.046 Thread 0x000001c5df1ff000 DEOPT UNPACKING pc=0x000001c5c2eda1af sp=0x00000081986fbbf0 mode 2
Event: 12.052 Thread 0x000001c5df1fd800 DEOPT PACKING pc=0x000001c5c485dfd5 sp=0x0000008198afd0f0
Event: 12.052 Thread 0x000001c5df1fd800 DEOPT UNPACKING pc=0x000001c5c2eda95e sp=0x0000008198afc610 mode 0
Event: 12.061 Thread 0x000001c5df1ff000 DEOPT PACKING pc=0x000001c5c485dff6 sp=0x00000081986fb0f0
Event: 12.061 Thread 0x000001c5df1ff000 DEOPT UNPACKING pc=0x000001c5c2eda95e sp=0x00000081986fa610 mode 0
Event: 12.068 Thread 0x000001c5df1ff000 Uncommon trap: trap_request=0xffffffde fr.pc=0x000001c5caf5e75c relative=0x000000000000029c
Event: 12.068 Thread 0x000001c5df1ff000 Uncommon trap: reason=class_check action=maybe_recompile pc=0x000001c5caf5e75c method=java.util.Collections.binarySearch(Ljava/util/List;Ljava/lang/Object;Ljava/util/Comparator;)I @ 11 c2
Event: 12.068 Thread 0x000001c5df1ff000 DEOPT PACKING pc=0x000001c5caf5e75c sp=0x00000081986fbbc0
Event: 12.068 Thread 0x000001c5df1ff000 DEOPT UNPACKING pc=0x000001c5c2eda1af sp=0x00000081986fbb90 mode 2
Event: 12.460 Thread 0x000001c5df1ff000 DEOPT PACKING pc=0x000001c5c485dfd5 sp=0x00000081986fc5c0
Event: 12.460 Thread 0x000001c5df1ff000 DEOPT UNPACKING pc=0x000001c5c2eda95e sp=0x00000081986fbae0 mode 0
Event: 12.787 Thread 0x000001c5df1f8800 DEOPT PACKING pc=0x000001c5c485dff6 sp=0x00000081980fdd20
Event: 12.787 Thread 0x000001c5df1f8800 DEOPT UNPACKING pc=0x000001c5c2eda95e sp=0x00000081980fd240 mode 0

Classes redefined (0 events):
No events

Internal exceptions (20 events):
Event: 11.319 Thread 0x000001c5df1fb800 Exception <a 'java/lang/ClassNotFoundException'{0x000000008fa11600}: groovy/util/slurpersupport/AttributesBeanInfo> (0x000000008fa11600) thrown at [./src/hotspot/share/classfile/systemDictionary.cpp, line 231]
Event: 11.320 Thread 0x000001c5df1fb800 Exception <a 'java/lang/ClassNotFoundException'{0x000000008fa270d0}: groovy/util/slurpersupport/NodeChildrenBeanInfo> (0x000000008fa270d0) thrown at [./src/hotspot/share/classfile/systemDictionary.cpp, line 231]
Event: 11.320 Thread 0x000001c5df1fb800 Exception <a 'java/lang/ClassNotFoundException'{0x000000008fa3c918}: groovy/util/slurpersupport/NodeChildrenCustomizer> (0x000000008fa3c918) thrown at [./src/hotspot/share/classfile/systemDictionary.cpp, line 231]
Event: 11.321 Thread 0x000001c5df1fb800 Exception <a 'java/lang/ClassNotFoundException'{0x000000008fa59500}: groovy/util/slurpersupport/AttributesCustomizer> (0x000000008fa59500) thrown at [./src/hotspot/share/classfile/systemDictionary.cpp, line 231]
Event: 11.324 Thread 0x000001c5df1fb800 Exception <a 'java/lang/ClassNotFoundException'{0x000000008f93b0a8}: groovy/util/slurpersupport/AttributeBeanInfo> (0x000000008f93b0a8) thrown at [./src/hotspot/share/classfile/systemDictionary.cpp, line 231]
Event: 11.324 Thread 0x000001c5df1fb800 Exception <a 'java/lang/ClassNotFoundException'{0x000000008f950538}: groovy/util/slurpersupport/AttributeCustomizer> (0x000000008f950538) thrown at [./src/hotspot/share/classfile/systemDictionary.cpp, line 231]
Event: 11.961 Thread 0x000001c5df1fb800 Exception <a 'java/lang/NoSuchMethodError'{0x000000008c3d8058}: <clinit>> (0x000000008c3d8058) thrown at [./src/hotspot/share/prims/jni.cpp, line 1365]
Event: 11.961 Thread 0x000001c5df1fb800 Exception <a 'java/lang/NoSuchMethodError'{0x000000008c3d9390}: <clinit>> (0x000000008c3d9390) thrown at [./src/hotspot/share/prims/jni.cpp, line 1365]
Event: 11.961 Thread 0x000001c5df1fb800 Exception <a 'java/lang/NoSuchMethodError'{0x000000008c3dbaf0}: <clinit>> (0x000000008c3dbaf0) thrown at [./src/hotspot/share/prims/jni.cpp, line 1365]
Event: 11.962 Thread 0x000001c5df1fb800 Exception <a 'java/lang/NoSuchMethodError'{0x000000008c3f4130}: <clinit>> (0x000000008c3f4130) thrown at [./src/hotspot/share/prims/jni.cpp, line 1365]
Event: 11.962 Thread 0x000001c5df1fb800 Exception <a 'java/lang/NoSuchMethodError'{0x000000008c3f5610}: <clinit>> (0x000000008c3f5610) thrown at [./src/hotspot/share/prims/jni.cpp, line 1365]
Event: 11.991 Thread 0x000001c5df1fb800 Exception <a 'java/lang/NoSuchMethodError'{0x000000008c2d2d20}: 'void java.lang.invoke.DirectMethodHandle$Holder.invokeVirtual(java.lang.Object, java.lang.Object)'> (0x000000008c2d2d20) thrown at [./src/hotspot/share/interpreter/linkResolver.cpp, line 773]
Event: 12.003 Thread 0x000001c5df1fb800 Exception <a 'sun/nio/fs/WindowsException'{0x000000008c1b8648}> (0x000000008c1b8648) thrown at [./src/hotspot/share/prims/jni.cpp, line 615]
Event: 12.003 Thread 0x000001c5df1fb800 Exception <a 'sun/nio/fs/WindowsException'{0x000000008c1b94e0}> (0x000000008c1b94e0) thrown at [./src/hotspot/share/prims/jni.cpp, line 615]
Event: 12.004 Thread 0x000001c5df1fb800 Exception <a 'sun/nio/fs/WindowsException'{0x000000008c1ba350}> (0x000000008c1ba350) thrown at [./src/hotspot/share/prims/jni.cpp, line 615]
Event: 12.004 Thread 0x000001c5df1fb800 Exception <a 'sun/nio/fs/WindowsException'{0x000000008c1bb1e0}> (0x000000008c1bb1e0) thrown at [./src/hotspot/share/prims/jni.cpp, line 615]
Event: 12.016 Thread 0x000001c5df1fb800 Exception <a 'java/lang/NoSuchMethodError'{0x000000008bf42870}: <clinit>> (0x000000008bf42870) thrown at [./src/hotspot/share/prims/jni.cpp, line 1365]
Event: 12.018 Thread 0x000001c5df1fb800 Exception <a 'java/lang/NoSuchMethodError'{0x000000008bf78f18}: <clinit>> (0x000000008bf78f18) thrown at [./src/hotspot/share/prims/jni.cpp, line 1365]
Event: 12.019 Thread 0x000001c5df1fb800 Exception <a 'java/lang/NoSuchMethodError'{0x000000008bfab378}: <clinit>> (0x000000008bfab378) thrown at [./src/hotspot/share/prims/jni.cpp, line 1365]
Event: 12.021 Thread 0x000001c5df1fb800 Exception <a 'java/lang/NoSuchMethodError'{0x000000008bfbded0}: <clinit>> (0x000000008bfbded0) thrown at [./src/hotspot/share/prims/jni.cpp, line 1365]

Events (20 events):
Event: 12.754 loading class kotlin/reflect/jvm/internal/impl/protobuf/GeneratedMessageLite
Event: 12.754 loading class kotlin/reflect/jvm/internal/impl/protobuf/GeneratedMessageLite done
Event: 12.923 loading class kotlin/reflect/jvm/internal/impl/protobuf/AbstractMessageLite
Event: 12.923 loading class kotlin/reflect/jvm/internal/impl/protobuf/AbstractMessageLite done
Event: 12.923 loading class kotlin/reflect/jvm/internal/impl/protobuf/FieldSet$FieldDescriptorLite
Event: 12.923 loading class kotlin/reflect/jvm/internal/impl/protobuf/FieldSet$FieldDescriptorLite done
Event: 12.924 loading class kotlin/reflect/jvm/internal/impl/protobuf/ByteString$Output
Event: 12.924 loading class kotlin/reflect/jvm/internal/impl/protobuf/ByteString$Output done
Event: 12.924 loading class kotlin/reflect/jvm/internal/impl/protobuf/Parser
Event: 12.924 loading class kotlin/reflect/jvm/internal/impl/protobuf/Parser done
Event: 12.924 loading class kotlin/reflect/jvm/internal/impl/protobuf/MessageLite$Builder
Event: 12.924 loading class kotlin/reflect/jvm/internal/impl/protobuf/MessageLite$Builder done
Event: 12.924 loading class kotlin/reflect/jvm/internal/impl/metadata/ProtoBuf$Constructor$1
Event: 12.924 loading class kotlin/reflect/jvm/internal/impl/metadata/ProtoBuf$Constructor$1 done
Event: 12.925 loading class kotlin/reflect/jvm/internal/impl/protobuf/AbstractParser
Event: 12.925 loading class kotlin/reflect/jvm/internal/impl/protobuf/AbstractParser done
Event: 12.925 loading class kotlin/reflect/jvm/internal/impl/protobuf/AbstractMessageLite$Builder$LimitedInputStream
Event: 12.925 loading class kotlin/reflect/jvm/internal/impl/protobuf/AbstractMessageLite$Builder$LimitedInputStream done
Event: 12.926 loading class kotlin/reflect/jvm/internal/impl/protobuf/FieldSet
Event: 12.926 loading class kotlin/reflect/jvm/internal/impl/protobuf/FieldSet done


Dynamic libraries:
0x00007ff63be40000 - 0x00007ff63be4d000 	C:\Users\Usuario\.jdks\corretto-11.0.12\bin\java.exe
0x00007ffafb6b0000 - 0x00007ffafb8a5000 	C:\WINDOWS\SYSTEM32\ntdll.dll
0x00007ffaf9f00000 - 0x00007ffaf9fbe000 	C:\WINDOWS\System32\KERNEL32.DLL
0x00007ffaf8f50000 - 0x00007ffaf9219000 	C:\WINDOWS\System32\KERNELBASE.dll
0x00007ffaf93f0000 - 0x00007ffaf94f0000 	C:\WINDOWS\System32\ucrtbase.dll
0x00007ffae5a70000 - 0x00007ffae5a87000 	C:\Users\Usuario\.jdks\corretto-11.0.12\bin\jli.dll
0x00007ffae5a40000 - 0x00007ffae5a59000 	C:\Users\Usuario\.jdks\corretto-11.0.12\bin\VCRUNTIME140.dll
0x00007ffaf9ca0000 - 0x00007ffaf9e41000 	C:\WINDOWS\System32\USER32.dll
0x00007ffaddf90000 - 0x00007ffade22a000 	C:\WINDOWS\WinSxS\amd64_microsoft.windows.common-controls_6595b64144ccf1df_6.0.19041.1110_none_60b5254171f9507e\COMCTL32.dll
0x00007ffaf8dd0000 - 0x00007ffaf8df2000 	C:\WINDOWS\System32\win32u.dll
0x00007ffafa100000 - 0x00007ffafa12b000 	C:\WINDOWS\System32\GDI32.dll
0x00007ffaf97f0000 - 0x00007ffaf988e000 	C:\WINDOWS\System32\msvcrt.dll
0x00007ffaf92e0000 - 0x00007ffaf93eb000 	C:\WINDOWS\System32\gdi32full.dll
0x00007ffaf8eb0000 - 0x00007ffaf8f4d000 	C:\WINDOWS\System32\msvcp_win.dll
0x00007ffafb640000 - 0x00007ffafb670000 	C:\WINDOWS\System32\IMM32.DLL
0x00007ffac6510000 - 0x00007ffac65ab000 	C:\Users\Usuario\.jdks\corretto-11.0.12\bin\msvcp140.dll
0x00007ffaa1d20000 - 0x00007ffaa287a000 	C:\Users\Usuario\.jdks\corretto-11.0.12\bin\server\jvm.dll
0x00007ffaf99f0000 - 0x00007ffaf9a9c000 	C:\WINDOWS\System32\ADVAPI32.dll
0x00007ffafa930000 - 0x00007ffafa9cb000 	C:\WINDOWS\System32\sechost.dll
0x00007ffafb090000 - 0x00007ffafb1ba000 	C:\WINDOWS\System32\RPCRT4.dll
0x00007ffafa9d0000 - 0x00007ffafa9d8000 	C:\WINDOWS\System32\PSAPI.DLL
0x00007ffade560000 - 0x00007ffade569000 	C:\WINDOWS\SYSTEM32\WSOCK32.dll
0x00007ffaefce0000 - 0x00007ffaefcea000 	C:\WINDOWS\SYSTEM32\VERSION.dll
0x00007ffae5c00000 - 0x00007ffae5c27000 	C:\WINDOWS\SYSTEM32\WINMM.dll
0x00007ffaf98f0000 - 0x00007ffaf995b000 	C:\WINDOWS\System32\WS2_32.dll
0x00007ffaf76a0000 - 0x00007ffaf76b2000 	C:\WINDOWS\SYSTEM32\kernel.appcore.dll
0x00007ffae5d50000 - 0x00007ffae5d60000 	C:\Users\Usuario\.jdks\corretto-11.0.12\bin\verify.dll
0x00007ffae8070000 - 0x00007ffae8254000 	C:\WINDOWS\SYSTEM32\DBGHELP.DLL
0x00007ffae6ec0000 - 0x00007ffae6eec000 	C:\WINDOWS\SYSTEM32\dbgcore.DLL
0x00007ffaf9250000 - 0x00007ffaf92d3000 	C:\WINDOWS\System32\bcryptPrimitives.dll
0x00007ffad49b0000 - 0x00007ffad49d8000 	C:\Users\Usuario\.jdks\corretto-11.0.12\bin\java.dll
0x00007ffade860000 - 0x00007ffade86a000 	C:\Users\Usuario\.jdks\corretto-11.0.12\bin\jimage.dll
0x00007ffaddbb0000 - 0x00007ffaddbc7000 	C:\Users\Usuario\.jdks\corretto-11.0.12\bin\zip.dll
0x00007ffafa1f0000 - 0x00007ffafa92f000 	C:\WINDOWS\System32\SHELL32.dll
0x00007ffaf6ed0000 - 0x00007ffaf7660000 	C:\WINDOWS\SYSTEM32\windows.storage.dll
0x00007ffafab80000 - 0x00007ffafaed5000 	C:\WINDOWS\System32\combase.dll
0x00007ffaf8820000 - 0x00007ffaf884c000 	C:\WINDOWS\SYSTEM32\Wldp.dll
0x00007ffafa9e0000 - 0x00007ffafaa8d000 	C:\WINDOWS\System32\SHCORE.dll
0x00007ffafa130000 - 0x00007ffafa185000 	C:\WINDOWS\System32\shlwapi.dll
0x00007ffaf8d10000 - 0x00007ffaf8d2f000 	C:\WINDOWS\SYSTEM32\profapi.dll
0x00007ffadda80000 - 0x00007ffadda99000 	C:\Users\Usuario\.jdks\corretto-11.0.12\bin\net.dll
0x00007ffaf2280000 - 0x00007ffaf2388000 	C:\WINDOWS\SYSTEM32\WINHTTP.dll
0x00007ffaf84b0000 - 0x00007ffaf851a000 	C:\WINDOWS\system32\mswsock.dll
0x00007ffadd020000 - 0x00007ffadd032000 	C:\Users\Usuario\.jdks\corretto-11.0.12\bin\nio.dll
0x00007ffad4ee0000 - 0x00007ffad4f07000 	C:\Users\Usuario\.gradle\native\8bec1ad78214c89d9ad589b4d07fe93259594b29d510b10fafb7a158f7737e5d\windows-amd64\native-platform.dll
0x00007ffab7420000 - 0x00007ffab755d000 	C:\Users\Usuario\.gradle\native\53dbd7edfb1c66fb8903c78663c9afc45aea4f116125fa6feffd364cf09443e8\windows-amd64\native-platform-file-events.dll
0x00007ffade690000 - 0x00007ffade699000 	C:\Users\Usuario\.jdks\corretto-11.0.12\bin\management.dll
0x00007ffadde80000 - 0x00007ffadde8b000 	C:\Users\Usuario\.jdks\corretto-11.0.12\bin\management_ext.dll
0x00007ffaf8700000 - 0x00007ffaf8718000 	C:\WINDOWS\SYSTEM32\CRYPTSP.dll
0x00007ffaf7e30000 - 0x00007ffaf7e64000 	C:\WINDOWS\system32\rsaenh.dll
0x00007ffaf9220000 - 0x00007ffaf9247000 	C:\WINDOWS\System32\bcrypt.dll
0x00007ffaf8cd0000 - 0x00007ffaf8cfe000 	C:\WINDOWS\SYSTEM32\USERENV.dll
0x00007ffaf8720000 - 0x00007ffaf872c000 	C:\WINDOWS\SYSTEM32\CRYPTBASE.dll
0x00007ffaf81a0000 - 0x00007ffaf81db000 	C:\WINDOWS\SYSTEM32\IPHLPAPI.DLL
0x00007ffaf9700000 - 0x00007ffaf9708000 	C:\WINDOWS\System32\NSI.dll
0x00007ffaf2c90000 - 0x00007ffaf2ca7000 	C:\WINDOWS\SYSTEM32\dhcpcsvc6.DLL
0x00007ffaf2c70000 - 0x00007ffaf2c8d000 	C:\WINDOWS\SYSTEM32\dhcpcsvc.DLL
0x00007ffaf81e0000 - 0x00007ffaf82ac000 	C:\WINDOWS\SYSTEM32\DNSAPI.dll

dbghelp: loaded successfully - version: 4.0.5 - missing functions: none
symbol engine: initialized successfully - sym options: 0x614 - pdb path: .;C:\Users\Usuario\.jdks\corretto-11.0.12\bin;C:\WINDOWS\SYSTEM32;C:\WINDOWS\WinSxS\amd64_microsoft.windows.common-controls_6595b64144ccf1df_6.0.19041.1110_none_60b5254171f9507e;C:\Users\Usuario\.jdks\corretto-11.0.12\bin\server;C:\Users\Usuario\.gradle\native\8bec1ad78214c89d9ad589b4d07fe93259594b29d510b10fafb7a158f7737e5d\windows-amd64;C:\Users\Usuario\.gradle\native\53dbd7edfb1c66fb8903c78663c9afc45aea4f116125fa6feffd364cf09443e8\windows-amd64

VM Arguments:
jvm_args: --add-opens=java.base/java.util=ALL-UNNAMED --add-opens=java.base/java.lang=ALL-UNNAMED --add-opens=java.base/java.lang.invoke=ALL-UNNAMED --add-opens=java.base/java.util=ALL-UNNAMED --add-opens=java.prefs/java.util.prefs=ALL-UNNAMED --add-opens=java.prefs/java.util.prefs=ALL-UNNAMED --add-opens=java.base/java.nio.charset=ALL-UNNAMED --add-opens=java.base/java.net=ALL-UNNAMED --add-opens=java.base/java.util.concurrent.atomic=ALL-UNNAMED -Xmx2048m -Dfile.encoding=UTF-8 -Duser.country=BR -Duser.language=pt -Duser.variant 
java_command: org.gradle.launcher.daemon.bootstrap.GradleDaemon 7.0.2
java_class_path (initial): C:\Users\Usuario\.gradle\wrapper\dists\gradle-7.0.2-bin\857tjihv64xamwrf0h14cai3r\gradle-7.0.2\lib\gradle-launcher-7.0.2.jar
Launcher Type: SUN_STANDARD

[Global flags]
     intx CICompilerCount                          = 3                                         {product} {ergonomic}
     uint ConcGCThreads                            = 1                                         {product} {ergonomic}
     uint G1ConcRefinementThreads                  = 4                                         {product} {ergonomic}
   size_t G1HeapRegionSize                         = 1048576                                   {product} {ergonomic}
    uintx GCDrainStackTargetSize                   = 64                                        {product} {ergonomic}
   size_t InitialHeapSize                          = 266338304                                 {product} {ergonomic}
   size_t MarkStackSize                            = 4194304                                   {product} {ergonomic}
   size_t MaxHeapSize                              = 2147483648                                {product} {command line}
   size_t MaxNewSize                               = 1287651328                                {product} {ergonomic}
   size_t MinHeapDeltaBytes                        = 1048576                                   {product} {ergonomic}
    uintx NonNMethodCodeHeapSize                   = 5830732                                {pd product} {ergonomic}
    uintx NonProfiledCodeHeapSize                  = 122913754                              {pd product} {ergonomic}
    uintx ProfiledCodeHeapSize                     = 122913754                              {pd product} {ergonomic}
    uintx ReservedCodeCacheSize                    = 251658240                              {pd product} {ergonomic}
     bool SegmentedCodeCache                       = true                                      {product} {ergonomic}
     bool UseCompressedClassPointers               = true                                 {lp64_product} {ergonomic}
     bool UseCompressedOops                        = true                                 {lp64_product} {ergonomic}
     bool UseG1GC                                  = true                                      {product} {ergonomic}
     bool UseLargePagesIndividualAllocation        = false                                  {pd product} {ergonomic}

Logging:
Log output configuration:
 #0: stdout all=warning uptime,level,tags
 #1: stderr all=off uptime,level,tags

Environment Variables:
JAVA_HOME=C:\Program Files\OpenJDK\openjdk-8u302-b08
PATH=C:\Python27\;C:\Python27\Scripts;C:\Python39\Scripts\;C:\Python39\;C:\Program Files (x86)\Python38-32\Scripts\;C:\Program Files (x86)\Python38-32\;C:\Program Files\Python36\Scripts\;C:\Program Files\Python36\;C:\Program Files (x86)\Common Files\Intel\Shared Files\cpp\bin\Intel64;C:\ProgramData\Oracle\Java\javapath;C:\WINDOWS\system32;C:\WINDOWS;C:\WINDOWS\System32\Wbem;C:\WINDOWS\System32\WindowsPowerShell\v1.0\;%M2_MAVEN%\bin;C:\Program Files\Microsoft SQL Server\130\Tools\Binn\;C:\Program Files\dotnet\;C:\Program Files\Microsoft SQL Server\Client SDK\ODBC\110\Tools\Binn\;C:\Program Files (x86)\Microsoft SQL Server\120\Tools\Binn\;C:\Program Files\Microsoft SQL Server\120\Tools\Binn\;C:\Program Files\Microsoft SQL Server\120\DTS\Binn\;C:\Program Files (x86)\MySQL\MySQL Utilities 1.6\;C:\WINDOWS\System32\OpenSSH\;C:\Program Files\Microsoft VS Code\bin;C:\Program Files\Microsoft\Web Platform Installer\;C:\Program Files\Microsoft SQL Server\Client SDK\ODBC\170\Tools\Binn\;C:\Program Files\LOVE\;C:\Program Files;C:\Users\Usuario\AppData\Local\Microsoft\WindowsApps;C:\Program Files\Microsoft VS Code\bin;C:\Users\Usuario\AppData\Local\Programs\Python\Python36\Scripts;C:\Program Files\Amazon\AWSCLI\bin;C:\Program Files\JetBrains\IntelliJ IDEA Community Edition 2021.1.3\bin;;C:\Program Files\Graphviz\bin;%MVN_HOME%\bin;C:\flutter\bin;C:\Users\Usuario\AppData\Roaming\npm;C:\Users\Usuario\AppData\Local\Yarn\bin
USERNAME=Usuario
OS=Windows_NT
PROCESSOR_IDENTIFIER=Intel64 Family 6 Model 158 Stepping 9, GenuineIntel



---------------  S Y S T E M  ---------------

OS: Windows 10 , 64 bit Build 19041 (10.0.19041.1202)
OS uptime: 1 days 1:36 hours

CPU:total 4 (initial active 4) (4 cores per cpu, 1 threads per core) family 6 model 158 stepping 9 microcode 0xb4, cmov, cx8, fxsr, mmx, sse, sse2, sse3, ssse3, sse4.1, sse4.2, popcnt, avx, avx2, aes, clmul, erms, rtm, 3dnowpref, lzcnt, tsc, tscinvbit, bmi1, bmi2, adx, fma

Memory: 4k page, system-wide physical 16246M (1571M free)
TotalPageFile size 19172M (AvailPageFile size 7M)
current process WorkingSet (physical memory assigned to process): 547M, peak: 552M
current process commit charge ("private bytes"): 593M, peak: 596M

vm_info: OpenJDK 64-Bit Server VM (11.0.12+7-LTS) for windows-amd64 JRE (11.0.12+7-LTS), built on Jul 13 2021 17:58:36 by "Administrator" with unknown MS VC++:1916

END.
