#
# There is insufficient memory for the Java Runtime Environment to continue.
# Native memory allocation (mmap) failed to map 113246208 bytes for Failed to commit area from 0x000000008fe00000 to 0x0000000096a00000 of length 113246208.
# Possible reasons:
#   The system is out of physical RAM or swap space
#   The process is running with CompressedOops enabled, and the Java Heap may be blocking the growth of the native heap
# Possible solutions:
#   Reduce memory load on the system
#   Increase physical memory or swap space
#   Check if swap backing store is full
#   Decrease Java heap size (-Xmx/-Xms)
#   Decrease number of Java threads
#   Decrease Java thread stack sizes (-Xss)
#   Set larger code cache with -XX:ReservedCodeCacheSize=
#   JVM is running with Unscaled Compressed Oops mode in which the Java heap is
#     placed in the first 4GB address space. The Java Heap base address is the
#     maximum limit for the native heap growth. Please use -XX:HeapBaseMinAddress
#     to set the Java Heap base and to place the Java Heap above 4GB virtual address.
# This output file may be truncated or incomplete.
#
#  Out of Memory Error (./src/hotspot/os/windows/os_windows.cpp:3311), pid=13756, tid=1588
#
# JRE version: OpenJDK Runtime Environment Corretto-11.0.12.7.1 (11.0.12+7) (build 11.0.12+7-LTS)
# Java VM: OpenJDK 64-Bit Server VM Corretto-11.0.12.7.1 (11.0.12+7-LTS, mixed mode, tiered, compressed oops, g1 gc, windows-amd64)
# No core dump will be written. Minidumps are not enabled by default on client versions of Windows
#

---------------  S U M M A R Y ------------

Command Line: --add-opens=java.base/java.util=ALL-UNNAMED --add-opens=java.base/java.lang=ALL-UNNAMED --add-opens=java.base/java.lang.invoke=ALL-UNNAMED --add-opens=java.base/java.util=ALL-UNNAMED --add-opens=java.prefs/java.util.prefs=ALL-UNNAMED --add-opens=java.prefs/java.util.prefs=ALL-UNNAMED --add-opens=java.base/java.nio.charset=ALL-UNNAMED --add-opens=java.base/java.net=ALL-UNNAMED --add-opens=java.base/java.util.concurrent.atomic=ALL-UNNAMED -Xmx2048m -Dfile.encoding=UTF-8 -Duser.country=BR -Duser.language=pt -Duser.variant org.gradle.launcher.daemon.bootstrap.GradleDaemon 7.0.2

Host: Intel(R) Core(TM) i5-7600 CPU @ 3.50GHz, 4 cores, 15G,  Windows 10 , 64 bit Build 19041 (10.0.19041.1202)
Time: Thu Oct 28 16:48:45 2021 Hora Padrão Brasil Central elapsed time: 38.398307 seconds (0d 0h 0m 38s)

---------------  T H R E A D  ---------------

Current thread (0x0000028ca8ea3800):  VMThread "VM Thread" [stack: 0x000000997a700000,0x000000997a800000] [id=1588]

Stack: [0x000000997a700000,0x000000997a800000]
[error occurred during error reporting (printing stack bounds), id 0xc0000005, EXCEPTION_ACCESS_VIOLATION (0xc0000005) at pc=0x0000028c9255112d]

Native frames: (J=compiled Java code, j=interpreted, Vv=VM code, C=native code)
V  [jvm.dll+0x601d7a]
V  [jvm.dll+0x78b45e]
V  [jvm.dll+0x78cb2f]
V  [jvm.dll+0x78d155]
V  [jvm.dll+0x78d10b]
V  [jvm.dll+0x601263]
V  [jvm.dll+0x601978]
C  [ntdll.dll+0xa20cf]
C  [ntdll.dll+0x51454]
C  [ntdll.dll+0xa0bfe]
C  0x0000028c9255112d

VM_Operation (0x000000997e0fd190): G1CollectForAllocation, mode: safepoint, requested by thread 0x0000028cb09bf800


---------------  P R O C E S S  ---------------

Threads class SMR info:
_java_thread_list=0x0000028cb083d710, length=61, elements={
0x0000028c89e2f000, 0x0000028ca8ea8000, 0x0000028ca8eab000, 0x0000028ca8f01800,
0x0000028ca8f03000, 0x0000028ca8f04000, 0x0000028ca8f05800, 0x0000028ca8f08800,
0x0000028ca8f0b800, 0x0000028ca9085800, 0x0000028cab90a000, 0x0000028ca9d60800,
0x0000028cac097800, 0x0000028cab671000, 0x0000028cab672000, 0x0000028cabd42800,
0x0000028caa793800, 0x0000028cab18b000, 0x0000028ca95fa800, 0x0000028cac87f800,
0x0000028cac87e800, 0x0000028cac884800, 0x0000028cac885000, 0x0000028cac880800,
0x0000028cac881000, 0x0000028cac882800, 0x0000028cac883800, 0x0000028cac882000,
0x0000028cabe93000, 0x0000028cabe95000, 0x0000028cabe94800, 0x0000028cabe90800,
0x0000028cabe96000, 0x0000028cabe91000, 0x0000028cabe9c000, 0x0000028cabe99800,
0x0000028cabe9b000, 0x0000028cabe9c800, 0x0000028cabe9a000, 0x0000028cabe97800,
0x0000028cabe9e000, 0x0000028cabe98800, 0x0000028cb039e000, 0x0000028cb03a1800,
0x0000028cb03a2800, 0x0000028cb03a3000, 0x0000028cb03a4000, 0x0000028cb03a4800,
0x0000028cb039f000, 0x0000028cb09c1000, 0x0000028cb09be800, 0x0000028cb09c2800,
0x0000028cb09bf800, 0x0000028cb09c4000, 0x0000028cb09c5000, 0x0000028cb09c7800,
0x0000028cb09c6800, 0x0000028cb09c2000, 0x0000028cb09cb000, 0x0000028cb09c6000,
0x0000028cb09bd800
}

Java Threads: ( => current thread )
  0x0000028c89e2f000 JavaThread "main" [_thread_blocked, id=14296, stack(0x000000997a100000,0x000000997a200000)]
  0x0000028ca8ea8000 JavaThread "Reference Handler" daemon [_thread_blocked, id=10144, stack(0x000000997a800000,0x000000997a900000)]
  0x0000028ca8eab000 JavaThread "Finalizer" daemon [_thread_blocked, id=15124, stack(0x000000997a900000,0x000000997aa00000)]
  0x0000028ca8f01800 JavaThread "Signal Dispatcher" daemon [_thread_blocked, id=11764, stack(0x000000997aa00000,0x000000997ab00000)]
  0x0000028ca8f03000 JavaThread "Attach Listener" daemon [_thread_blocked, id=18040, stack(0x000000997ab00000,0x000000997ac00000)]
  0x0000028ca8f04000 JavaThread "Service Thread" daemon [_thread_blocked, id=6140, stack(0x000000997ac00000,0x000000997ad00000)]
  0x0000028ca8f05800 JavaThread "C2 CompilerThread0" daemon [_thread_blocked, id=12508, stack(0x000000997ad00000,0x000000997ae00000)]
  0x0000028ca8f08800 JavaThread "C1 CompilerThread0" daemon [_thread_blocked, id=11388, stack(0x000000997ae00000,0x000000997af00000)]
  0x0000028ca8f0b800 JavaThread "Sweeper thread" daemon [_thread_blocked, id=14684, stack(0x000000997af00000,0x000000997b000000)]
  0x0000028ca9085800 JavaThread "Common-Cleaner" daemon [_thread_blocked, id=2900, stack(0x000000997b000000,0x000000997b100000)]
  0x0000028cab90a000 JavaThread "Daemon health stats" [_thread_blocked, id=18420, stack(0x000000997b600000,0x000000997b700000)]
  0x0000028ca9d60800 JavaThread "Incoming local TCP Connector on port 52015" [_thread_in_native, id=8236, stack(0x000000997b500000,0x000000997b600000)]
  0x0000028cac097800 JavaThread "Daemon periodic checks" [_thread_blocked, id=4288, stack(0x000000997b700000,0x000000997b800000)]
  0x0000028cab671000 JavaThread "Daemon" [_thread_blocked, id=8196, stack(0x000000997b800000,0x000000997b900000)]
  0x0000028cab672000 JavaThread "Handler for socket connection from /127.0.0.1:52015 to /127.0.0.1:52016" [_thread_in_native, id=11088, stack(0x000000997b900000,0x000000997ba00000)]
  0x0000028cabd42800 JavaThread "Cancel handler" [_thread_blocked, id=13340, stack(0x000000997ba00000,0x000000997bb00000)]
  0x0000028caa793800 JavaThread "Daemon worker" [_thread_blocked, id=17444, stack(0x000000997bb00000,0x000000997bc00000)]
  0x0000028cab18b000 JavaThread "Asynchronous log dispatcher for DefaultDaemonConnection: socket connection from /127.0.0.1:52015 to /127.0.0.1:52016" [_thread_blocked, id=11968, stack(0x000000997bc00000,0x000000997bd00000)]
  0x0000028ca95fa800 JavaThread "Stdin handler" [_thread_blocked, id=13436, stack(0x000000997bd00000,0x000000997be00000)]
  0x0000028cac87f800 JavaThread "Daemon client event forwarder" [_thread_blocked, id=10612, stack(0x000000997be00000,0x000000997bf00000)]
  0x0000028cac87e800 JavaThread "Cache worker for file hash cache (C:\Users\Usuario\.gradle\caches\7.0.2\fileHashes)" [_thread_blocked, id=16176, stack(0x000000997bf00000,0x000000997c000000)]
  0x0000028cac884800 JavaThread "File lock request listener" [_thread_in_native, id=13336, stack(0x000000997c000000,0x000000997c100000)]
  0x0000028cac885000 JavaThread "Cache worker for journal cache (C:\Users\Usuario\.gradle\caches\journal-1)" [_thread_blocked, id=8688, stack(0x000000997c100000,0x000000997c200000)]
  0x0000028cac880800 JavaThread "Cache worker for file hash cache (E:\Learning\Udemy\Marvel_App\.gradle\7.0.2\fileHashes)" [_thread_blocked, id=5264, stack(0x000000997c200000,0x000000997c300000)]
  0x0000028cac881000 JavaThread "File watcher server" daemon [_thread_blocked, id=5408, stack(0x000000997c300000,0x000000997c400000)]
  0x0000028cac882800 JavaThread "File watcher consumer" daemon [_thread_blocked, id=8868, stack(0x000000997c400000,0x000000997c500000)]
  0x0000028cac883800 JavaThread "Cache worker for checksums cache (E:\Learning\Udemy\Marvel_App\.gradle\checksums)" [_thread_blocked, id=16520, stack(0x000000997c500000,0x000000997c600000)]
  0x0000028cac882000 JavaThread "Cache worker for cache directory md-supplier (C:\Users\Usuario\.gradle\caches\7.0.2\md-supplier)" [_thread_blocked, id=17184, stack(0x000000997c600000,0x000000997c700000)]
  0x0000028cabe93000 JavaThread "Cache worker for cache directory md-rule (C:\Users\Usuario\.gradle\caches\7.0.2\md-rule)" [_thread_blocked, id=1244, stack(0x000000997c800000,0x000000997c900000)]
  0x0000028cabe95000 JavaThread "Cache worker for execution history cache (C:\Users\Usuario\.gradle\caches\7.0.2\executionHistory)" [_thread_blocked, id=3164, stack(0x000000997c900000,0x000000997ca00000)]
  0x0000028cabe94800 JavaThread "jar transforms" [_thread_blocked, id=17588, stack(0x000000997ca00000,0x000000997cb00000)]
  0x0000028cabe90800 JavaThread "jar transforms Thread 2" [_thread_blocked, id=9424, stack(0x000000997cb00000,0x000000997cc00000)]
  0x0000028cabe96000 JavaThread "Cache worker for file content cache (C:\Users\Usuario\.gradle\caches\7.0.2\fileContent)" [_thread_blocked, id=7600, stack(0x000000997cc00000,0x000000997cd00000)]
  0x0000028cabe91000 JavaThread "Cache worker for dependencies-accessors (E:\Learning\Udemy\Marvel_App\.gradle\7.0.2\dependencies-accessors)" [_thread_blocked, id=5040, stack(0x000000997cd00000,0x000000997ce00000)]
  0x0000028cabe9c000 JavaThread "jar transforms Thread 3" [_thread_blocked, id=10364, stack(0x000000997ce00000,0x000000997cf00000)]
  0x0000028cabe99800 JavaThread "Cache worker for Build Output Cleanup Cache (E:\Learning\Udemy\Marvel_App\.gradle\buildOutputCleanup)" [_thread_blocked, id=9768, stack(0x000000997cf00000,0x000000997d000000)]
  0x0000028cabe9b000 JavaThread "Build operations" [_thread_blocked, id=18328, stack(0x000000997c700000,0x000000997c800000)]
  0x0000028cabe9c800 JavaThread "Build operations Thread 2" [_thread_blocked, id=14340, stack(0x000000997d000000,0x000000997d100000)]
  0x0000028cabe9a000 JavaThread "Build operations Thread 3" [_thread_blocked, id=9408, stack(0x000000997d100000,0x000000997d200000)]
  0x0000028cabe97800 JavaThread "Build operations Thread 4" [_thread_blocked, id=7668, stack(0x000000997d200000,0x000000997d300000)]
  0x0000028cabe9e000 JavaThread "jar transforms Thread 4" [_thread_blocked, id=17472, stack(0x000000997d400000,0x000000997d500000)]
  0x0000028cabe98800 JavaThread "Memory manager" [_thread_blocked, id=12968, stack(0x000000997d500000,0x000000997d600000)]
  0x0000028cb039e000 JavaThread "build event listener" [_thread_blocked, id=15468, stack(0x000000997d600000,0x000000997d700000)]
  0x0000028cb03a1800 JavaThread "pool-3-thread-1" [_thread_blocked, id=18372, stack(0x000000997d700000,0x000000997d800000)]
  0x0000028cb03a2800 JavaThread "build event listener" [_thread_blocked, id=264, stack(0x000000997d800000,0x000000997d900000)]
  0x0000028cb03a3000 JavaThread "Execution worker for ':'" [_thread_blocked, id=13556, stack(0x000000997d900000,0x000000997da00000)]
  0x0000028cb03a4000 JavaThread "Execution worker for ':' Thread 2" [_thread_blocked, id=13828, stack(0x000000997da00000,0x000000997db00000)]
  0x0000028cb03a4800 JavaThread "Execution worker for ':' Thread 3" [_thread_blocked, id=16952, stack(0x000000997db00000,0x000000997dc00000)]
  0x0000028cb039f000 JavaThread "Cache worker for execution history cache (E:\Learning\Udemy\Marvel_App\.gradle\7.0.2\executionHistory)" [_thread_blocked, id=13432, stack(0x000000997dc00000,0x000000997dd00000)]
  0x0000028cb09c1000 JavaThread "WorkerExecutor Queue" [_thread_blocked, id=16152, stack(0x000000997dd00000,0x000000997de00000)]
  0x0000028cb09be800 JavaThread "WorkerExecutor Queue Thread 2" [_thread_blocked, id=9604, stack(0x000000997de00000,0x000000997df00000)]
  0x0000028cb09c2800 JavaThread "WorkerExecutor Queue Thread 3" [_thread_blocked, id=7884, stack(0x000000997df00000,0x000000997e000000)]
  0x0000028cb09bf800 JavaThread "WorkerExecutor Queue Thread 4" [_thread_blocked, id=17044, stack(0x000000997e000000,0x000000997e100000)]
  0x0000028cb09c4000 JavaThread "pool-4-thread-1" [_thread_blocked, id=940, stack(0x000000997e100000,0x000000997e200000)]
  0x0000028cb09c5000 JavaThread "stderr" [_thread_in_native, id=7056, stack(0x000000997e200000,0x000000997e300000)]
  0x0000028cb09c7800 JavaThread "stdout" [_thread_in_native, id=4112, stack(0x000000997e300000,0x000000997e400000)]
  0x0000028cb09c6800 JavaThread "ForkJoinPool-1-worker-3" daemon [_thread_blocked, id=13528, stack(0x000000997e400000,0x000000997e500000)]
  0x0000028cb09c2000 JavaThread "ForkJoinPool-1-worker-5" daemon [_thread_blocked, id=15332, stack(0x000000997e500000,0x000000997e600000)]
  0x0000028cb09cb000 JavaThread "ForkJoinPool-1-worker-7" daemon [_thread_blocked, id=15276, stack(0x000000997e600000,0x000000997e700000)]
  0x0000028cb09c6000 JavaThread "ForkJoinPool-1-worker-1" daemon [_thread_blocked, id=11172, stack(0x000000997e700000,0x000000997e800000)]
  0x0000028cb09bd800 JavaThread "C2 CompilerThread1" daemon [_thread_blocked, id=2112, stack(0x000000997d300000,0x000000997d400000)]

Other Threads:
=>0x0000028ca8ea3800 VMThread "VM Thread" [stack: 0x000000997a700000,0x000000997a800000] [id=1588]
  0x0000028ca90ab800 WatcherThread [stack: 0x000000997b100000,0x000000997b200000] [id=912]
  0x0000028c89e47000 GCTaskThread "GC Thread#0" [stack: 0x000000997a200000,0x000000997a300000] [id=17948]
  0x0000028ca9536800 GCTaskThread "GC Thread#1" [stack: 0x000000997b200000,0x000000997b300000] [id=17648]
  0x0000028ca973e800 GCTaskThread "GC Thread#2" [stack: 0x000000997b300000,0x000000997b400000] [id=18132]
  0x0000028ca973f800 GCTaskThread "GC Thread#3" [stack: 0x000000997b400000,0x000000997b500000] [id=11552]
  0x0000028c89e7a800 ConcurrentGCThread "G1 Main Marker" [stack: 0x000000997a300000,0x000000997a400000] [id=17628]
  0x0000028c89e7c800 ConcurrentGCThread "G1 Conc#0" [stack: 0x000000997a400000,0x000000997a500000] [id=17664]
  0x0000028ca84ea800 ConcurrentGCThread "G1 Refine#0" [stack: 0x000000997a500000,0x000000997a600000] [id=18340]
  0x0000028cb3289800 ConcurrentGCThread "G1 Refine#1" [stack: 0x000000997e800000,0x000000997e900000] [id=2004]
  0x0000028cac260800 ConcurrentGCThread "G1 Refine#2" [stack: 0x000000997e900000,0x000000997ea00000] [id=10388]
  0x0000028cb45a6800 ConcurrentGCThread "G1 Refine#3" [stack: 0x000000997ea00000,0x000000997eb00000] [id=17796]
  0x0000028ca84eb000 ConcurrentGCThread "G1 Young RemSet Sampling" [stack: 0x000000997a600000,0x000000997a700000] [id=8104]

Threads with active compile tasks:
C2 CompilerThread0  38421 13634       4       com.android.tools.r8.graph.v0$j::a (169 bytes)
C2 CompilerThread1  38421 13609       4       com.android.tools.r8.graph.Z$$Lambda$1341/0x0000000100dcf040::accept (20 bytes)

VM state:at safepoint (normal execution)

VM Mutex/Monitor currently owned by a thread:  ([mutex/lock_event])
[0x0000028c89e29b80] Threads_lock - owner thread: 0x0000028ca8ea3800
[0x0000028c89e29d30] Heap_lock - owner thread: 0x0000028cb09bf800

Heap address: 0x0000000080000000, size: 2048 MB, Compressed Oops mode: 32-bit
Narrow klass base: 0x0000000000000000, Narrow klass shift: 3
Compressed class space size: 1073741824 Address: 0x0000000100000000

Heap:
 garbage-first heap   total 370688K, used 199803K [0x0000000080000000, 0x0000000100000000)
  region size 1024K, 3 young (3072K), 3 survivors (3072K)
 Metaspace       used 102318K, capacity 104751K, committed 104904K, reserved 1140736K
  class space    used 13238K, capacity 14170K, committed 14208K, reserved 1048576K
Heap Regions: E=young(eden), S=young(survivor), O=old, HS=humongous(starts), HC=humongous(continues), CS=collection set, F=free, A=archive, TAMS=top-at-mark-start (previous, next)
|   0|0x0000000080000000, 0x0000000080100000, 0x0000000080100000|100%| O|  |TAMS 0x0000000080100000, 0x0000000080000000| Updating 
|   1|0x0000000080100000, 0x0000000080200000, 0x0000000080200000|100%| O|  |TAMS 0x0000000080200000, 0x0000000080100000| Updating 
|   2|0x0000000080200000, 0x0000000080300000, 0x0000000080300000|100%| O|  |TAMS 0x0000000080300000, 0x0000000080200000| Updating 
|   3|0x0000000080300000, 0x0000000080400000, 0x0000000080400000|100%|HS|  |TAMS 0x0000000080400000, 0x0000000080300000| Complete 
|   4|0x0000000080400000, 0x0000000080500000, 0x0000000080500000|100%|HC|  |TAMS 0x0000000080500000, 0x0000000080400000| Complete 
|   5|0x0000000080500000, 0x0000000080600000, 0x0000000080600000|100%|HC|  |TAMS 0x0000000080600000, 0x0000000080500000| Complete 
|   6|0x0000000080600000, 0x0000000080700000, 0x0000000080700000|100%| O|  |TAMS 0x0000000080700000, 0x0000000080600000| Updating 
|   7|0x0000000080700000, 0x0000000080800000, 0x0000000080800000|100%| O|  |TAMS 0x0000000080800000, 0x0000000080700000| Updating 
|   8|0x0000000080800000, 0x0000000080900000, 0x0000000080900000|100%| O|  |TAMS 0x0000000080900000, 0x0000000080800000| Updating 
|   9|0x0000000080900000, 0x0000000080a00000, 0x0000000080a00000|100%| O|  |TAMS 0x0000000080a00000, 0x0000000080900000| Updating 
|  10|0x0000000080a00000, 0x0000000080b00000, 0x0000000080b00000|100%| O|  |TAMS 0x0000000080b00000, 0x0000000080a00000| Updating 
|  11|0x0000000080b00000, 0x0000000080c00000, 0x0000000080c00000|100%| O|  |TAMS 0x0000000080c00000, 0x0000000080b00000| Updating 
|  12|0x0000000080c00000, 0x0000000080d00000, 0x0000000080d00000|100%| O|  |TAMS 0x0000000080d00000, 0x0000000080c00000| Updating 
|  13|0x0000000080d00000, 0x0000000080e00000, 0x0000000080e00000|100%| O|  |TAMS 0x0000000080e00000, 0x0000000080d00000| Updating 
|  14|0x0000000080e00000, 0x0000000080f00000, 0x0000000080f00000|100%| O|  |TAMS 0x0000000080f00000, 0x0000000080e00000| Updating 
|  15|0x0000000080f00000, 0x0000000081000000, 0x0000000081000000|100%| O|  |TAMS 0x0000000081000000, 0x0000000080f00000| Updating 
|  16|0x0000000081000000, 0x0000000081100000, 0x0000000081100000|100%| O|  |TAMS 0x0000000081100000, 0x0000000081000000| Updating 
|  17|0x0000000081100000, 0x0000000081200000, 0x0000000081200000|100%|HS|  |TAMS 0x0000000081200000, 0x0000000081100000| Complete 
|  18|0x0000000081200000, 0x0000000081300000, 0x0000000081300000|100%| O|  |TAMS 0x0000000081300000, 0x0000000081200000| Updating 
|  19|0x0000000081300000, 0x0000000081400000, 0x0000000081400000|100%| O|  |TAMS 0x0000000081400000, 0x0000000081300000| Updating 
|  20|0x0000000081400000, 0x0000000081500000, 0x0000000081500000|100%| O|  |TAMS 0x0000000081500000, 0x0000000081400000| Updating 
|  21|0x0000000081500000, 0x0000000081600000, 0x0000000081600000|100%| O|  |TAMS 0x0000000081600000, 0x0000000081500000| Updating 
|  22|0x0000000081600000, 0x0000000081700000, 0x0000000081700000|100%| O|  |TAMS 0x0000000081700000, 0x0000000081600000| Updating 
|  23|0x0000000081700000, 0x0000000081800000, 0x0000000081800000|100%|HS|  |TAMS 0x0000000081800000, 0x0000000081700000| Complete 
|  24|0x0000000081800000, 0x0000000081900000, 0x0000000081900000|100%|HS|  |TAMS 0x0000000081900000, 0x0000000081800000| Complete 
|  25|0x0000000081900000, 0x0000000081a00000, 0x0000000081a00000|100%|HS|  |TAMS 0x0000000081a00000, 0x0000000081900000| Complete 
|  26|0x0000000081a00000, 0x0000000081b00000, 0x0000000081b00000|100%|HC|  |TAMS 0x0000000081b00000, 0x0000000081a00000| Complete 
|  27|0x0000000081b00000, 0x0000000081c00000, 0x0000000081c00000|100%|HC|  |TAMS 0x0000000081c00000, 0x0000000081b00000| Complete 
|  28|0x0000000081c00000, 0x0000000081d00000, 0x0000000081d00000|100%|HS|  |TAMS 0x0000000081d00000, 0x0000000081c00000| Complete 
|  29|0x0000000081d00000, 0x0000000081e00000, 0x0000000081e00000|100%|HC|  |TAMS 0x0000000081e00000, 0x0000000081d00000| Complete 
|  30|0x0000000081e00000, 0x0000000081f00000, 0x0000000081f00000|100%| O|  |TAMS 0x0000000081f00000, 0x0000000081e00000| Updating 
|  31|0x0000000081f00000, 0x0000000082000000, 0x0000000082000000|100%| O|  |TAMS 0x0000000082000000, 0x0000000081f00000| Updating 
|  32|0x0000000082000000, 0x0000000082100000, 0x0000000082100000|100%| O|  |TAMS 0x0000000082100000, 0x0000000082000000| Updating 
|  33|0x0000000082100000, 0x0000000082200000, 0x0000000082200000|100%| O|  |TAMS 0x0000000082200000, 0x0000000082100000| Updating 
|  34|0x0000000082200000, 0x0000000082300000, 0x0000000082300000|100%| O|  |TAMS 0x0000000082300000, 0x0000000082200000| Updating 
|  35|0x0000000082300000, 0x0000000082400000, 0x0000000082400000|100%| O|  |TAMS 0x0000000082400000, 0x0000000082300000| Updating 
|  36|0x0000000082400000, 0x0000000082500000, 0x0000000082500000|100%| O|  |TAMS 0x0000000082500000, 0x0000000082400000| Updating 
|  37|0x0000000082500000, 0x0000000082600000, 0x0000000082600000|100%| O|  |TAMS 0x0000000082600000, 0x0000000082500000| Updating 
|  38|0x0000000082600000, 0x0000000082700000, 0x0000000082700000|100%| O|  |TAMS 0x0000000082700000, 0x0000000082600000| Updating 
|  39|0x0000000082700000, 0x0000000082800000, 0x0000000082800000|100%| O|  |TAMS 0x0000000082800000, 0x0000000082700000| Updating 
|  40|0x0000000082800000, 0x0000000082900000, 0x0000000082900000|100%| O|  |TAMS 0x0000000082900000, 0x0000000082800000| Updating 
|  41|0x0000000082900000, 0x0000000082a00000, 0x0000000082a00000|100%| O|  |TAMS 0x0000000082a00000, 0x0000000082900000| Updating 
|  42|0x0000000082a00000, 0x0000000082b00000, 0x0000000082b00000|100%| O|  |TAMS 0x0000000082b00000, 0x0000000082a00000| Updating 
|  43|0x0000000082b00000, 0x0000000082c00000, 0x0000000082c00000|100%| O|  |TAMS 0x0000000082c00000, 0x0000000082b00000| Updating 
|  44|0x0000000082c00000, 0x0000000082d00000, 0x0000000082d00000|100%| O|  |TAMS 0x0000000082d00000, 0x0000000082c00000| Updating 
|  45|0x0000000082d00000, 0x0000000082e00000, 0x0000000082e00000|100%| O|  |TAMS 0x0000000082e00000, 0x0000000082d00000| Updating 
|  46|0x0000000082e00000, 0x0000000082f00000, 0x0000000082f00000|100%| O|  |TAMS 0x0000000082f00000, 0x0000000082e00000| Updating 
|  47|0x0000000082f00000, 0x0000000083000000, 0x0000000083000000|100%| O|  |TAMS 0x0000000083000000, 0x0000000082f00000| Updating 
|  48|0x0000000083000000, 0x000000008303fc00, 0x0000000083100000| 24%| O|  |TAMS 0x000000008303fc00, 0x0000000083000000| Updating 
|  49|0x0000000083100000, 0x0000000083200000, 0x0000000083200000|100%|HS|  |TAMS 0x0000000083100000, 0x0000000083100000| Complete 
|  50|0x0000000083200000, 0x0000000083300000, 0x0000000083300000|100%| O|  |TAMS 0x0000000083300000, 0x0000000083200000| Updating 
|  51|0x0000000083300000, 0x0000000083400000, 0x0000000083400000|100%| O|  |TAMS 0x0000000083400000, 0x0000000083300000| Updating 
|  52|0x0000000083400000, 0x0000000083500000, 0x0000000083500000|100%| O|  |TAMS 0x0000000083500000, 0x0000000083400000| Updating 
|  53|0x0000000083500000, 0x0000000083600000, 0x0000000083600000|100%| O|  |TAMS 0x0000000083600000, 0x0000000083500000| Updating 
|  54|0x0000000083600000, 0x0000000083700000, 0x0000000083700000|100%| O|  |TAMS 0x0000000083700000, 0x0000000083600000| Updating 
|  55|0x0000000083700000, 0x0000000083800000, 0x0000000083800000|100%| O|  |TAMS 0x0000000083800000, 0x0000000083700000| Updating 
|  56|0x0000000083800000, 0x0000000083900000, 0x0000000083900000|100%| O|  |TAMS 0x0000000083900000, 0x0000000083800000| Updating 
|  57|0x0000000083900000, 0x0000000083a00000, 0x0000000083a00000|100%| O|  |TAMS 0x0000000083a00000, 0x0000000083900000| Updating 
|  58|0x0000000083a00000, 0x0000000083b00000, 0x0000000083b00000|100%| O|  |TAMS 0x0000000083b00000, 0x0000000083a00000| Updating 
|  59|0x0000000083b00000, 0x0000000083c00000, 0x0000000083c00000|100%| O|  |TAMS 0x0000000083c00000, 0x0000000083b00000| Updating 
|  60|0x0000000083c00000, 0x0000000083d00000, 0x0000000083d00000|100%| O|  |TAMS 0x0000000083d00000, 0x0000000083c00000| Updating 
|  61|0x0000000083d00000, 0x0000000083e00000, 0x0000000083e00000|100%| O|  |TAMS 0x0000000083e00000, 0x0000000083d00000| Updating 
|  62|0x0000000083e00000, 0x0000000083f00000, 0x0000000083f00000|100%| O|  |TAMS 0x0000000083f00000, 0x0000000083e00000| Updating 
|  63|0x0000000083f00000, 0x0000000084000000, 0x0000000084000000|100%| O|  |TAMS 0x0000000084000000, 0x0000000083f00000| Updating 
|  64|0x0000000084000000, 0x0000000084100000, 0x0000000084100000|100%| O|  |TAMS 0x0000000084100000, 0x0000000084000000| Updating 
|  65|0x0000000084100000, 0x0000000084200000, 0x0000000084200000|100%| O|  |TAMS 0x0000000084200000, 0x0000000084100000| Updating 
|  66|0x0000000084200000, 0x0000000084300000, 0x0000000084300000|100%| O|  |TAMS 0x0000000084300000, 0x0000000084200000| Updating 
|  67|0x0000000084300000, 0x0000000084400000, 0x0000000084400000|100%| O|  |TAMS 0x0000000084400000, 0x0000000084300000| Updating 
|  68|0x0000000084400000, 0x0000000084500000, 0x0000000084500000|100%| O|  |TAMS 0x0000000084500000, 0x0000000084400000| Updating 
|  69|0x0000000084500000, 0x0000000084600000, 0x0000000084600000|100%| O|  |TAMS 0x0000000084600000, 0x0000000084500000| Updating 
|  70|0x0000000084600000, 0x0000000084700000, 0x0000000084700000|100%| O|  |TAMS 0x0000000084700000, 0x0000000084600000| Updating 
|  71|0x0000000084700000, 0x0000000084800000, 0x0000000084800000|100%| O|  |TAMS 0x0000000084800000, 0x0000000084700000| Updating 
|  72|0x0000000084800000, 0x0000000084900000, 0x0000000084900000|100%| O|  |TAMS 0x0000000084900000, 0x0000000084800000| Updating 
|  73|0x0000000084900000, 0x0000000084a00000, 0x0000000084a00000|100%| O|  |TAMS 0x0000000084a00000, 0x0000000084900000| Updating 
|  74|0x0000000084a00000, 0x0000000084b00000, 0x0000000084b00000|100%| O|  |TAMS 0x0000000084b00000, 0x0000000084a00000| Updating 
|  75|0x0000000084b00000, 0x0000000084c00000, 0x0000000084c00000|100%| O|  |TAMS 0x0000000084c00000, 0x0000000084b00000| Updating 
|  76|0x0000000084c00000, 0x0000000084d00000, 0x0000000084d00000|100%| O|  |TAMS 0x0000000084d00000, 0x0000000084c00000| Updating 
|  77|0x0000000084d00000, 0x0000000084e00000, 0x0000000084e00000|100%| O|  |TAMS 0x0000000084e00000, 0x0000000084d00000| Updating 
|  78|0x0000000084e00000, 0x0000000084f00000, 0x0000000084f00000|100%|HS|  |TAMS 0x0000000084e00000, 0x0000000084e00000| Complete 
|  79|0x0000000084f00000, 0x0000000085000000, 0x0000000085000000|100%| O|  |TAMS 0x0000000085000000, 0x0000000084f00000| Updating 
|  80|0x0000000085000000, 0x0000000085100000, 0x0000000085100000|100%|HS|  |TAMS 0x0000000085100000, 0x0000000085000000| Complete 
|  81|0x0000000085100000, 0x0000000085200000, 0x0000000085200000|100%|HC|  |TAMS 0x0000000085200000, 0x0000000085100000| Complete 
|  82|0x0000000085200000, 0x0000000085300000, 0x0000000085300000|100%|HS|  |TAMS 0x0000000085300000, 0x0000000085200000| Complete 
|  83|0x0000000085300000, 0x0000000085400000, 0x0000000085400000|100%|HC|  |TAMS 0x0000000085400000, 0x0000000085300000| Complete 
|  84|0x0000000085400000, 0x0000000085500000, 0x0000000085500000|100%|HS|  |TAMS 0x0000000085500000, 0x0000000085400000| Complete 
|  85|0x0000000085500000, 0x0000000085600000, 0x0000000085600000|100%|HS|  |TAMS 0x0000000085600000, 0x0000000085500000| Complete 
|  86|0x0000000085600000, 0x0000000085700000, 0x0000000085700000|100%|HS|  |TAMS 0x0000000085700000, 0x0000000085600000| Complete 
|  87|0x0000000085700000, 0x0000000085800000, 0x0000000085800000|100%|HS|  |TAMS 0x0000000085800000, 0x0000000085700000| Complete 
|  88|0x0000000085800000, 0x0000000085900000, 0x0000000085900000|100%|HS|  |TAMS 0x0000000085900000, 0x0000000085800000| Complete 
|  89|0x0000000085900000, 0x0000000085a00000, 0x0000000085a00000|100%|HC|  |TAMS 0x0000000085a00000, 0x0000000085900000| Complete 
|  90|0x0000000085a00000, 0x0000000085b00000, 0x0000000085b00000|100%|HC|  |TAMS 0x0000000085b00000, 0x0000000085a00000| Complete 
|  91|0x0000000085b00000, 0x0000000085c00000, 0x0000000085c00000|100%|HS|  |TAMS 0x0000000085c00000, 0x0000000085b00000| Complete 
|  92|0x0000000085c00000, 0x0000000085d00000, 0x0000000085d00000|100%| O|  |TAMS 0x0000000085d00000, 0x0000000085c00000| Updating 
|  93|0x0000000085d00000, 0x0000000085e00000, 0x0000000085e00000|100%| O|  |TAMS 0x0000000085e00000, 0x0000000085d00000| Updating 
|  94|0x0000000085e00000, 0x0000000085f00000, 0x0000000085f00000|100%| O|  |TAMS 0x0000000085f00000, 0x0000000085e00000| Updating 
|  95|0x0000000085f00000, 0x0000000086000000, 0x0000000086000000|100%| O|  |TAMS 0x0000000086000000, 0x0000000085f00000| Updating 
|  96|0x0000000086000000, 0x0000000086100000, 0x0000000086100000|100%| O|  |TAMS 0x0000000086100000, 0x0000000086000000| Updating 
|  97|0x0000000086100000, 0x0000000086200000, 0x0000000086200000|100%| O|  |TAMS 0x0000000086200000, 0x0000000086100000| Updating 
|  98|0x0000000086200000, 0x0000000086300000, 0x0000000086300000|100%| O|  |TAMS 0x0000000086300000, 0x0000000086200000| Updating 
|  99|0x0000000086300000, 0x0000000086400000, 0x0000000086400000|100%| O|  |TAMS 0x0000000086400000, 0x0000000086300000| Updating 
| 100|0x0000000086400000, 0x0000000086500000, 0x0000000086500000|100%| O|  |TAMS 0x0000000086500000, 0x0000000086400000| Updating 
| 101|0x0000000086500000, 0x0000000086600000, 0x0000000086600000|100%| O|  |TAMS 0x0000000086600000, 0x0000000086500000| Updating 
| 102|0x0000000086600000, 0x0000000086700000, 0x0000000086700000|100%| O|  |TAMS 0x0000000086700000, 0x0000000086600000| Updating 
| 103|0x0000000086700000, 0x0000000086800000, 0x0000000086800000|100%| O|  |TAMS 0x0000000086800000, 0x0000000086700000| Updating 
| 104|0x0000000086800000, 0x0000000086900000, 0x0000000086900000|100%| O|  |TAMS 0x0000000086900000, 0x0000000086800000| Updating 
| 105|0x0000000086900000, 0x0000000086900000, 0x0000000086a00000|  0%| F|  |TAMS 0x0000000086900000, 0x0000000086900000| Untracked 
| 106|0x0000000086a00000, 0x0000000086b00000, 0x0000000086b00000|100%| O|  |TAMS 0x0000000086b00000, 0x0000000086a00000| Updating 
| 107|0x0000000086b00000, 0x0000000086b00000, 0x0000000086c00000|  0%| F|  |TAMS 0x0000000086b00000, 0x0000000086b00000| Untracked 
| 108|0x0000000086c00000, 0x0000000086c00000, 0x0000000086d00000|  0%| F|  |TAMS 0x0000000086c00000, 0x0000000086c00000| Untracked 
| 109|0x0000000086d00000, 0x0000000086d00000, 0x0000000086e00000|  0%| F|  |TAMS 0x0000000086d00000, 0x0000000086d00000| Untracked 
| 110|0x0000000086e00000, 0x0000000086f00000, 0x0000000086f00000|100%| O|  |TAMS 0x0000000086f00000, 0x0000000086e00000| Updating 
| 111|0x0000000086f00000, 0x0000000087000000, 0x0000000087000000|100%| O|  |TAMS 0x0000000087000000, 0x0000000086f00000| Updating 
| 112|0x0000000087000000, 0x0000000087000000, 0x0000000087100000|  0%| F|  |TAMS 0x0000000087000000, 0x0000000087000000| Untracked 
| 113|0x0000000087100000, 0x0000000087200000, 0x0000000087200000|100%| O|  |TAMS 0x0000000087200000, 0x0000000087100000| Updating 
| 114|0x0000000087200000, 0x0000000087300000, 0x0000000087300000|100%| O|  |TAMS 0x0000000087300000, 0x0000000087200000| Updating 
| 115|0x0000000087300000, 0x0000000087400000, 0x0000000087400000|100%| O|  |TAMS 0x0000000087400000, 0x0000000087300000| Updating 
| 116|0x0000000087400000, 0x0000000087500000, 0x0000000087500000|100%| O|  |TAMS 0x0000000087500000, 0x0000000087400000| Updating 
| 117|0x0000000087500000, 0x0000000087600000, 0x0000000087600000|100%| O|  |TAMS 0x0000000087600000, 0x0000000087500000| Updating 
| 118|0x0000000087600000, 0x0000000087700000, 0x0000000087700000|100%| O|  |TAMS 0x0000000087700000, 0x0000000087600000| Updating 
| 119|0x0000000087700000, 0x0000000087800000, 0x0000000087800000|100%| O|  |TAMS 0x0000000087800000, 0x0000000087700000| Updating 
| 120|0x0000000087800000, 0x0000000087900000, 0x0000000087900000|100%| O|  |TAMS 0x0000000087900000, 0x0000000087800000| Updating 
| 121|0x0000000087900000, 0x0000000087a00000, 0x0000000087a00000|100%| O|  |TAMS 0x0000000087a00000, 0x0000000087900000| Updating 
| 122|0x0000000087a00000, 0x0000000087b00000, 0x0000000087b00000|100%| O|  |TAMS 0x0000000087b00000, 0x0000000087a00000| Updating 
| 123|0x0000000087b00000, 0x0000000087c00000, 0x0000000087c00000|100%| O|  |TAMS 0x0000000087c00000, 0x0000000087b00000| Updating 
| 124|0x0000000087c00000, 0x0000000087c00000, 0x0000000087d00000|  0%| F|  |TAMS 0x0000000087c00000, 0x0000000087c00000| Untracked 
| 125|0x0000000087d00000, 0x0000000087e00000, 0x0000000087e00000|100%| O|  |TAMS 0x0000000087e00000, 0x0000000087d00000| Updating 
| 126|0x0000000087e00000, 0x0000000087f00000, 0x0000000087f00000|100%| O|  |TAMS 0x0000000087f00000, 0x0000000087e00000| Updating 
| 127|0x0000000087f00000, 0x0000000088000000, 0x0000000088000000|100%| O|  |TAMS 0x0000000088000000, 0x0000000087f00000| Updating 
| 128|0x0000000088000000, 0x0000000088100000, 0x0000000088100000|100%| O|  |TAMS 0x0000000088100000, 0x0000000088000000| Updating 
| 129|0x0000000088100000, 0x0000000088200000, 0x0000000088200000|100%| O|  |TAMS 0x0000000088200000, 0x0000000088100000| Updating 
| 130|0x0000000088200000, 0x0000000088300000, 0x0000000088300000|100%| O|  |TAMS 0x0000000088300000, 0x0000000088200000| Updating 
| 131|0x0000000088300000, 0x0000000088400000, 0x0000000088400000|100%| O|  |TAMS 0x0000000088400000, 0x0000000088300000| Updating 
| 132|0x0000000088400000, 0x0000000088500000, 0x0000000088500000|100%|HS|  |TAMS 0x0000000088500000, 0x0000000088400000| Complete 
| 133|0x0000000088500000, 0x0000000088600000, 0x0000000088600000|100%| O|  |TAMS 0x0000000088600000, 0x0000000088500000| Updating 
| 134|0x0000000088600000, 0x0000000088700000, 0x0000000088700000|100%| O|  |TAMS 0x0000000088700000, 0x0000000088600000| Updating 
| 135|0x0000000088700000, 0x0000000088800000, 0x0000000088800000|100%| O|  |TAMS 0x0000000088800000, 0x0000000088700000| Updating 
| 136|0x0000000088800000, 0x0000000088900000, 0x0000000088900000|100%| O|  |TAMS 0x0000000088900000, 0x0000000088800000| Updating 
| 137|0x0000000088900000, 0x0000000088a00000, 0x0000000088a00000|100%| O|  |TAMS 0x0000000088a00000, 0x0000000088900000| Updating 
| 138|0x0000000088a00000, 0x0000000088b00000, 0x0000000088b00000|100%| O|  |TAMS 0x0000000088b00000, 0x0000000088a00000| Updating 
| 139|0x0000000088b00000, 0x0000000088c00000, 0x0000000088c00000|100%| O|  |TAMS 0x0000000088c00000, 0x0000000088b00000| Updating 
| 140|0x0000000088c00000, 0x0000000088d00000, 0x0000000088d00000|100%| O|  |TAMS 0x0000000088d00000, 0x0000000088c00000| Updating 
| 141|0x0000000088d00000, 0x0000000088e00000, 0x0000000088e00000|100%| O|  |TAMS 0x0000000088e00000, 0x0000000088d00000| Updating 
| 142|0x0000000088e00000, 0x0000000088f00000, 0x0000000088f00000|100%| O|  |TAMS 0x0000000088f00000, 0x0000000088e00000| Updating 
| 143|0x0000000088f00000, 0x0000000089000000, 0x0000000089000000|100%| O|  |TAMS 0x0000000089000000, 0x0000000088f00000| Updating 
| 144|0x0000000089000000, 0x0000000089100000, 0x0000000089100000|100%| O|  |TAMS 0x0000000089100000, 0x0000000089000000| Updating 
| 145|0x0000000089100000, 0x0000000089200000, 0x0000000089200000|100%| O|  |TAMS 0x0000000089200000, 0x0000000089100000| Updating 
| 146|0x0000000089200000, 0x0000000089300000, 0x0000000089300000|100%| O|  |TAMS 0x0000000089300000, 0x0000000089200000| Updating 
| 147|0x0000000089300000, 0x0000000089400000, 0x0000000089400000|100%| O|  |TAMS 0x0000000089400000, 0x0000000089300000| Updating 
| 148|0x0000000089400000, 0x0000000089500000, 0x0000000089500000|100%| O|  |TAMS 0x0000000089500000, 0x0000000089400000| Updating 
| 149|0x0000000089500000, 0x0000000089600000, 0x0000000089600000|100%| O|  |TAMS 0x0000000089600000, 0x0000000089500000| Updating 
| 150|0x0000000089600000, 0x0000000089700000, 0x0000000089700000|100%| O|  |TAMS 0x0000000089700000, 0x0000000089600000| Updating 
| 151|0x0000000089700000, 0x0000000089800000, 0x0000000089800000|100%| O|  |TAMS 0x0000000089800000, 0x0000000089700000| Updating 
| 152|0x0000000089800000, 0x0000000089900000, 0x0000000089900000|100%| O|  |TAMS 0x0000000089900000, 0x0000000089800000| Updating 
| 153|0x0000000089900000, 0x0000000089a00000, 0x0000000089a00000|100%| O|  |TAMS 0x0000000089a00000, 0x0000000089900000| Updating 
| 154|0x0000000089a00000, 0x0000000089b00000, 0x0000000089b00000|100%| O|  |TAMS 0x0000000089b00000, 0x0000000089a00000| Updating 
| 155|0x0000000089b00000, 0x0000000089c00000, 0x0000000089c00000|100%| O|  |TAMS 0x0000000089c00000, 0x0000000089b00000| Updating 
| 156|0x0000000089c00000, 0x0000000089c00000, 0x0000000089d00000|  0%| F|  |TAMS 0x0000000089c00000, 0x0000000089c00000| Untracked 
| 157|0x0000000089d00000, 0x0000000089e00000, 0x0000000089e00000|100%| O|  |TAMS 0x0000000089e00000, 0x0000000089d00000| Updating 
| 158|0x0000000089e00000, 0x0000000089f00000, 0x0000000089f00000|100%| O|  |TAMS 0x0000000089f00000, 0x0000000089e00000| Updating 
| 159|0x0000000089f00000, 0x000000008a000000, 0x000000008a000000|100%| O|  |TAMS 0x000000008a000000, 0x0000000089f00000| Updating 
| 160|0x000000008a000000, 0x000000008a100000, 0x000000008a100000|100%| O|  |TAMS 0x000000008a100000, 0x000000008a000000| Updating 
| 161|0x000000008a100000, 0x000000008a200000, 0x000000008a200000|100%| O|  |TAMS 0x000000008a200000, 0x000000008a100000| Updating 
| 162|0x000000008a200000, 0x000000008a300000, 0x000000008a300000|100%| O|  |TAMS 0x000000008a300000, 0x000000008a200000| Updating 
| 163|0x000000008a300000, 0x000000008a400000, 0x000000008a400000|100%| O|  |TAMS 0x000000008a400000, 0x000000008a300000| Updating 
| 164|0x000000008a400000, 0x000000008a500000, 0x000000008a500000|100%| O|  |TAMS 0x000000008a500000, 0x000000008a400000| Updating 
| 165|0x000000008a500000, 0x000000008a600000, 0x000000008a600000|100%| O|  |TAMS 0x000000008a600000, 0x000000008a500000| Updating 
| 166|0x000000008a600000, 0x000000008a700000, 0x000000008a700000|100%| O|  |TAMS 0x000000008a700000, 0x000000008a600000| Updating 
| 167|0x000000008a700000, 0x000000008a800000, 0x000000008a800000|100%| O|  |TAMS 0x000000008a800000, 0x000000008a700000| Updating 
| 168|0x000000008a800000, 0x000000008a900000, 0x000000008a900000|100%| O|  |TAMS 0x000000008a900000, 0x000000008a800000| Updating 
| 169|0x000000008a900000, 0x000000008aa00000, 0x000000008aa00000|100%| O|  |TAMS 0x000000008aa00000, 0x000000008a900000| Updating 
| 170|0x000000008aa00000, 0x000000008ab00000, 0x000000008ab00000|100%| O|  |TAMS 0x000000008ab00000, 0x000000008aa00000| Updating 
| 171|0x000000008ab00000, 0x000000008ac00000, 0x000000008ac00000|100%| O|  |TAMS 0x000000008ac00000, 0x000000008ab00000| Updating 
| 172|0x000000008ac00000, 0x000000008ad00000, 0x000000008ad00000|100%| O|  |TAMS 0x000000008ad00000, 0x000000008ac00000| Updating 
| 173|0x000000008ad00000, 0x000000008ae00000, 0x000000008ae00000|100%| O|  |TAMS 0x000000008ae00000, 0x000000008ad00000| Updating 
| 174|0x000000008ae00000, 0x000000008af00000, 0x000000008af00000|100%| O|  |TAMS 0x000000008af00000, 0x000000008ae00000| Updating 
| 175|0x000000008af00000, 0x000000008b000000, 0x000000008b000000|100%| O|  |TAMS 0x000000008b000000, 0x000000008af00000| Updating 
| 176|0x000000008b000000, 0x000000008b000000, 0x000000008b100000|  0%| F|  |TAMS 0x000000008b000000, 0x000000008b000000| Untracked 
| 177|0x000000008b100000, 0x000000008b200000, 0x000000008b200000|100%| O|  |TAMS 0x000000008b200000, 0x000000008b100000| Updating 
| 178|0x000000008b200000, 0x000000008b300000, 0x000000008b300000|100%| O|  |TAMS 0x000000008b300000, 0x000000008b200000| Updating 
| 179|0x000000008b300000, 0x000000008b400000, 0x000000008b400000|100%| O|  |TAMS 0x000000008b400000, 0x000000008b300000| Updating 
| 180|0x000000008b400000, 0x000000008b500000, 0x000000008b500000|100%| O|  |TAMS 0x000000008b500000, 0x000000008b400000| Updating 
| 181|0x000000008b500000, 0x000000008b600000, 0x000000008b600000|100%| O|  |TAMS 0x000000008b600000, 0x000000008b500000| Updating 
| 182|0x000000008b600000, 0x000000008b700000, 0x000000008b700000|100%| O|  |TAMS 0x000000008b700000, 0x000000008b600000| Updating 
| 183|0x000000008b700000, 0x000000008b800000, 0x000000008b800000|100%| O|  |TAMS 0x000000008b800000, 0x000000008b700000| Updating 
| 184|0x000000008b800000, 0x000000008b900000, 0x000000008b900000|100%| O|  |TAMS 0x000000008b900000, 0x000000008b800000| Updating 
| 185|0x000000008b900000, 0x000000008ba00000, 0x000000008ba00000|100%| O|  |TAMS 0x000000008ba00000, 0x000000008b900000| Updating 
| 186|0x000000008ba00000, 0x000000008bb00000, 0x000000008bb00000|100%| O|  |TAMS 0x000000008bb00000, 0x000000008ba00000| Updating 
| 187|0x000000008bb00000, 0x000000008bc00000, 0x000000008bc00000|100%| O|  |TAMS 0x000000008bc00000, 0x000000008bb00000| Updating 
| 188|0x000000008bc00000, 0x000000008bd00000, 0x000000008bd00000|100%| O|  |TAMS 0x000000008bd00000, 0x000000008bc00000| Updating 
| 189|0x000000008bd00000, 0x000000008bd00000, 0x000000008be00000|  0%| F|  |TAMS 0x000000008bd00000, 0x000000008bd00000| Untracked 
| 190|0x000000008be00000, 0x000000008bf00000, 0x000000008bf00000|100%| O|  |TAMS 0x000000008bf00000, 0x000000008be00000| Updating 
| 191|0x000000008bf00000, 0x000000008c000000, 0x000000008c000000|100%| O|  |TAMS 0x000000008c000000, 0x000000008bf00000| Updating 
| 192|0x000000008c000000, 0x000000008c100000, 0x000000008c100000|100%| O|  |TAMS 0x000000008c100000, 0x000000008c000000| Updating 
| 193|0x000000008c100000, 0x000000008c200000, 0x000000008c200000|100%| O|  |TAMS 0x000000008c200000, 0x000000008c100000| Updating 
| 194|0x000000008c200000, 0x000000008c300000, 0x000000008c300000|100%| O|  |TAMS 0x000000008c300000, 0x000000008c200000| Updating 
| 195|0x000000008c300000, 0x000000008c400000, 0x000000008c400000|100%| O|  |TAMS 0x000000008c400000, 0x000000008c300000| Updating 
| 196|0x000000008c400000, 0x000000008c500000, 0x000000008c500000|100%| O|  |TAMS 0x000000008c500000, 0x000000008c400000| Updating 
| 197|0x000000008c500000, 0x000000008c600000, 0x000000008c600000|100%| O|  |TAMS 0x000000008c600000, 0x000000008c500000| Updating 
| 198|0x000000008c600000, 0x000000008c600000, 0x000000008c700000|  0%| F|  |TAMS 0x000000008c600000, 0x000000008c600000| Untracked 
| 199|0x000000008c700000, 0x000000008c700000, 0x000000008c800000|  0%| F|  |TAMS 0x000000008c700000, 0x000000008c700000| Untracked 
| 200|0x000000008c800000, 0x000000008c900000, 0x000000008c900000|100%| O|  |TAMS 0x000000008c900000, 0x000000008c800000| Updating 
| 201|0x000000008c900000, 0x000000008ca00000, 0x000000008ca00000|100%| O|  |TAMS 0x000000008ca00000, 0x000000008c900000| Updating 
| 202|0x000000008ca00000, 0x000000008ca00000, 0x000000008cb00000|  0%| F|  |TAMS 0x000000008ca00000, 0x000000008ca00000| Untracked 
| 203|0x000000008cb00000, 0x000000008cb00000, 0x000000008cc00000|  0%| F|  |TAMS 0x000000008cb00000, 0x000000008cb00000| Untracked 
| 204|0x000000008cc00000, 0x000000008cd00000, 0x000000008cd00000|100%| O|  |TAMS 0x000000008cd00000, 0x000000008cc00000| Updating 
| 205|0x000000008cd00000, 0x000000008ce00000, 0x000000008ce00000|100%| O|  |TAMS 0x000000008ce00000, 0x000000008cd00000| Updating 
| 206|0x000000008ce00000, 0x000000008ce00000, 0x000000008cf00000|  0%| F|  |TAMS 0x000000008ce00000, 0x000000008ce00000| Untracked 
| 207|0x000000008cf00000, 0x000000008cf00000, 0x000000008d000000|  0%| F|  |TAMS 0x000000008cf00000, 0x000000008cf00000| Untracked 
| 208|0x000000008d000000, 0x000000008d000000, 0x000000008d100000|  0%| F|  |TAMS 0x000000008d000000, 0x000000008d000000| Untracked 
| 209|0x000000008d100000, 0x000000008d100000, 0x000000008d200000|  0%| F|  |TAMS 0x000000008d100000, 0x000000008d100000| Untracked 
| 210|0x000000008d200000, 0x000000008d200000, 0x000000008d300000|  0%| F|  |TAMS 0x000000008d200000, 0x000000008d200000| Untracked 
| 211|0x000000008d300000, 0x000000008d300000, 0x000000008d400000|  0%| F|  |TAMS 0x000000008d300000, 0x000000008d300000| Untracked 
| 212|0x000000008d400000, 0x000000008d400000, 0x000000008d500000|  0%| F|  |TAMS 0x000000008d400000, 0x000000008d400000| Untracked 
| 213|0x000000008d500000, 0x000000008d500000, 0x000000008d600000|  0%| F|  |TAMS 0x000000008d500000, 0x000000008d500000| Untracked 
| 214|0x000000008d600000, 0x000000008d600000, 0x000000008d700000|  0%| F|  |TAMS 0x000000008d600000, 0x000000008d600000| Untracked 
| 215|0x000000008d700000, 0x000000008d700000, 0x000000008d800000|  0%| F|  |TAMS 0x000000008d700000, 0x000000008d700000| Untracked 
| 216|0x000000008d800000, 0x000000008d800000, 0x000000008d900000|  0%| F|  |TAMS 0x000000008d800000, 0x000000008d800000| Untracked 
| 217|0x000000008d900000, 0x000000008d900000, 0x000000008da00000|  0%| F|  |TAMS 0x000000008d900000, 0x000000008d900000| Untracked 
| 218|0x000000008da00000, 0x000000008da00000, 0x000000008db00000|  0%| F|  |TAMS 0x000000008da00000, 0x000000008da00000| Untracked 
| 219|0x000000008db00000, 0x000000008db00000, 0x000000008dc00000|  0%| F|  |TAMS 0x000000008db00000, 0x000000008db00000| Untracked 
| 220|0x000000008dc00000, 0x000000008dc00000, 0x000000008dd00000|  0%| F|  |TAMS 0x000000008dc00000, 0x000000008dc00000| Untracked 
| 221|0x000000008dd00000, 0x000000008dd00000, 0x000000008de00000|  0%| F|  |TAMS 0x000000008dd00000, 0x000000008dd00000| Untracked 
| 222|0x000000008de00000, 0x000000008de00000, 0x000000008df00000|  0%| F|  |TAMS 0x000000008de00000, 0x000000008de00000| Untracked 
| 223|0x000000008df00000, 0x000000008df00000, 0x000000008e000000|  0%| F|  |TAMS 0x000000008df00000, 0x000000008df00000| Untracked 
| 224|0x000000008e000000, 0x000000008e000000, 0x000000008e100000|  0%| F|  |TAMS 0x000000008e000000, 0x000000008e000000| Untracked 
| 225|0x000000008e100000, 0x000000008e100000, 0x000000008e200000|  0%| F|  |TAMS 0x000000008e100000, 0x000000008e100000| Untracked 
| 226|0x000000008e200000, 0x000000008e200000, 0x000000008e300000|  0%| F|  |TAMS 0x000000008e200000, 0x000000008e200000| Untracked 
| 227|0x000000008e300000, 0x000000008e300000, 0x000000008e400000|  0%| F|  |TAMS 0x000000008e300000, 0x000000008e300000| Untracked 
| 228|0x000000008e400000, 0x000000008e400000, 0x000000008e500000|  0%| F|  |TAMS 0x000000008e400000, 0x000000008e400000| Untracked 
| 229|0x000000008e500000, 0x000000008e500000, 0x000000008e600000|  0%| F|  |TAMS 0x000000008e500000, 0x000000008e500000| Untracked 
| 230|0x000000008e600000, 0x000000008e6df2f0, 0x000000008e700000| 87%| S|CS|TAMS 0x000000008e600000, 0x000000008e600000| Complete 
| 231|0x000000008e700000, 0x000000008e800000, 0x000000008e800000|100%| S|CS|TAMS 0x000000008e700000, 0x000000008e700000| Complete 
| 232|0x000000008e800000, 0x000000008e800000, 0x000000008e900000|  0%| F|  |TAMS 0x000000008e800000, 0x000000008e800000| Untracked 
| 233|0x000000008e900000, 0x000000008e900000, 0x000000008ea00000|  0%| F|  |TAMS 0x000000008e900000, 0x000000008e900000| Untracked 
| 234|0x000000008ea00000, 0x000000008eb00000, 0x000000008eb00000|100%| S|CS|TAMS 0x000000008ea00000, 0x000000008ea00000| Complete 
| 235|0x000000008eb00000, 0x000000008eb00000, 0x000000008ec00000|  0%| F|  |TAMS 0x000000008eb00000, 0x000000008eb00000| Untracked 
| 236|0x000000008ec00000, 0x000000008ec00000, 0x000000008ed00000|  0%| F|  |TAMS 0x000000008ec00000, 0x000000008ec00000| Untracked 
| 237|0x000000008ed00000, 0x000000008ed00000, 0x000000008ee00000|  0%| F|  |TAMS 0x000000008ed00000, 0x000000008ed00000| Untracked 
| 238|0x000000008ee00000, 0x000000008ee00000, 0x000000008ef00000|  0%| F|  |TAMS 0x000000008ee00000, 0x000000008ee00000| Untracked 
| 239|0x000000008ef00000, 0x000000008ef00000, 0x000000008f000000|  0%| F|  |TAMS 0x000000008ef00000, 0x000000008ef00000| Untracked 
| 240|0x000000008f000000, 0x000000008f000000, 0x000000008f100000|  0%| F|  |TAMS 0x000000008f000000, 0x000000008f000000| Untracked 
| 241|0x000000008f100000, 0x000000008f100000, 0x000000008f200000|  0%| F|  |TAMS 0x000000008f100000, 0x000000008f100000| Untracked 
| 242|0x000000008f200000, 0x000000008f200000, 0x000000008f300000|  0%| F|  |TAMS 0x000000008f200000, 0x000000008f200000| Untracked 
| 243|0x000000008f300000, 0x000000008f300000, 0x000000008f400000|  0%| F|  |TAMS 0x000000008f300000, 0x000000008f300000| Untracked 
| 244|0x000000008f400000, 0x000000008f400000, 0x000000008f500000|  0%| F|  |TAMS 0x000000008f400000, 0x000000008f400000| Untracked 
| 245|0x000000008f500000, 0x000000008f500000, 0x000000008f600000|  0%| F|  |TAMS 0x000000008f500000, 0x000000008f500000| Untracked 
| 246|0x000000008f600000, 0x000000008f600000, 0x000000008f700000|  0%| F|  |TAMS 0x000000008f600000, 0x000000008f600000| Untracked 
| 247|0x000000008f700000, 0x000000008f700000, 0x000000008f800000|  0%| F|  |TAMS 0x000000008f700000, 0x000000008f700000| Untracked 
| 248|0x000000008f800000, 0x000000008f800000, 0x000000008f900000|  0%| F|  |TAMS 0x000000008f800000, 0x000000008f800000| Untracked 
| 249|0x000000008f900000, 0x000000008f900000, 0x000000008fa00000|  0%| F|  |TAMS 0x000000008f900000, 0x000000008f900000| Untracked 
| 250|0x000000008fa00000, 0x000000008fa00000, 0x000000008fb00000|  0%| F|  |TAMS 0x000000008fa00000, 0x000000008fa00000| Untracked 
| 251|0x000000008fb00000, 0x000000008fb00000, 0x000000008fc00000|  0%| F|  |TAMS 0x000000008fb00000, 0x000000008fb00000| Untracked 
| 252|0x000000008fc00000, 0x000000008fc00000, 0x000000008fd00000|  0%| F|  |TAMS 0x000000008fc00000, 0x000000008fc00000| Untracked 
| 253|0x000000008fd00000, 0x000000008fd00000, 0x000000008fe00000|  0%| F|  |TAMS 0x000000008fd00000, 0x000000008fd00000| Untracked 

Card table byte_map: [0x0000028ca1950000,0x0000028ca1d50000] _byte_map_base: 0x0000028ca1550000

Marking Bits (Prev, Next): (CMBitMap*) 0x0000028c89e71968, (CMBitMap*) 0x0000028c89e719a0
 Prev Bits: [0x0000028ca2150000, 0x0000028ca4150000)
 Next Bits: [0x0000028ca4150000, 0x0000028ca6150000)

Polling page: 0x0000028c87d00000

Metaspace:

Usage:
  Non-class:     88.46 MB capacity,    86.99 MB ( 98%) used,     1.17 MB (  1%) free+waste,   299.19 KB ( <1%) overhead. 
      Class:     13.84 MB capacity,    12.93 MB ( 93%) used,   798.84 KB (  6%) free+waste,   132.19 KB ( <1%) overhead. 
       Both:    102.30 MB capacity,    99.92 MB ( 98%) used,     1.95 MB (  2%) free+waste,   431.38 KB ( <1%) overhead. 

Virtual space:
  Non-class space:       90.00 MB reserved,      88.57 MB ( 98%) committed 
      Class space:        1.00 GB reserved,      13.88 MB (  1%) committed 
             Both:        1.09 GB reserved,     102.45 MB (  9%) committed 

Chunk freelists:
   Non-Class:  51.00 KB
       Class:  10.00 KB
        Both:  61.00 KB

MaxMetaspaceSize: 17179869184.00 GB
CompressedClassSpaceSize: 1.00 GB
Initial GC threshold: 20.80 MB
Current GC threshold: 170.74 MB
CDS: off

CodeHeap 'non-profiled nmethods': size=120064Kb used=9685Kb max_used=9685Kb free=110378Kb
 bounds [0x0000028c9a010000, 0x0000028c9a990000, 0x0000028ca1550000]
CodeHeap 'profiled nmethods': size=120000Kb used=28843Kb max_used=28843Kb free=91156Kb
 bounds [0x0000028c92ae0000, 0x0000028c94710000, 0x0000028c9a010000]
CodeHeap 'non-nmethods': size=5696Kb used=2398Kb max_used=2465Kb free=3297Kb
 bounds [0x0000028c92550000, 0x0000028c927c0000, 0x0000028c92ae0000]
 total_blobs=14489 nmethods=13574 adapters=827
 compilation: enabled
              stopped_count=0, restarted_count=0
 full_count=0

Compilation events (20 events):
Event: 38.302 Thread 0x0000028ca8f08800 13627       2       com.android.tools.r8.code.O1::H (4 bytes)
Event: 38.302 Thread 0x0000028ca8f08800 nmethod 13627 0x0000028c94709490 code [0x0000028c94709640, 0x0000028c94709738]
Event: 38.305 Thread 0x0000028ca8f08800 13628       2       com.android.tools.r8.code.G1::H (4 bytes)
Event: 38.305 Thread 0x0000028ca8f08800 nmethod 13628 0x0000028c94709810 code [0x0000028c947099c0, 0x0000028c94709ab8]
Event: 38.362 Thread 0x0000028ca8f08800 13629       2       com.android.tools.r8.code.b0::a (1 bytes)
Event: 38.362 Thread 0x0000028ca8f08800 nmethod 13629 0x0000028c94709b90 code [0x0000028c94709d40, 0x0000028c94709e38]
Event: 38.363 Thread 0x0000028ca8f08800 13630       2       com.android.tools.r8.code.f::a (1 bytes)
Event: 38.363 Thread 0x0000028ca8f08800 nmethod 13630 0x0000028c94709f10 code [0x0000028c9470a0c0, 0x0000028c9470a1b8]
Event: 38.365 Thread 0x0000028ca8f05800 nmethod 13614 0x0000028c9a97ed90 code [0x0000028c9a97f0e0, 0x0000028c9a981e60]
Event: 38.366 Thread 0x0000028ca8f05800 13626       4       java.util.stream.SpinedBuffer::copyInto (129 bytes)
Event: 38.370 Thread 0x0000028ca8f08800 13633       2       com.android.tools.r8.code.z0::a (1 bytes)
Event: 38.370 Thread 0x0000028ca8f08800 nmethod 13633 0x0000028c9470a290 code [0x0000028c9470a440, 0x0000028c9470a538]
Event: 38.371 Thread 0x0000028ca8f05800 nmethod 13626 0x0000028c9a983990 code [0x0000028c9a983b40, 0x0000028c9a9841f8]
Event: 38.371 Thread 0x0000028ca8f05800 13623       4       java.util.stream.SpinedBuffer::ensureCapacity (138 bytes)
Event: 38.376 Thread 0x0000028ca8f08800 13640       2       com.android.tools.r8.graph.f0$i::a (12 bytes)
Event: 38.376 Thread 0x0000028ca8f08800 nmethod 13640 0x0000028c9470a610 code [0x0000028c9470a7c0, 0x0000028c9470a908]
Event: 38.380 Thread 0x0000028ca8f05800 nmethod 13623 0x0000028c9a984590 code [0x0000028c9a984760, 0x0000028c9a985158]
Event: 38.380 Thread 0x0000028ca8f05800 13634       4       com.android.tools.r8.graph.v0$j::a (169 bytes)
Event: 38.387 Thread 0x0000028ca8f08800 13645       2       com.android.tools.r8.code.N3::a (1 bytes)
Event: 38.387 Thread 0x0000028ca8f08800 nmethod 13645 0x0000028c9470aa10 code [0x0000028c9470abc0, 0x0000028c9470acb8]

GC Heap History (20 events):
Event: 36.308 GC heap after
{Heap after GC invocations=23 (full 0):
 garbage-first heap   total 260096K, used 168960K [0x0000000080000000, 0x0000000100000000)
  region size 1024K, 8 young (8192K), 8 survivors (8192K)
 Metaspace       used 99328K, capacity 101622K, committed 101832K, reserved 1138688K
  class space    used 12836K, capacity 13684K, committed 13696K, reserved 1048576K
}
Event: 36.512 GC heap before
{Heap before GC invocations=23 (full 0):
 garbage-first heap   total 260096K, used 204800K [0x0000000080000000, 0x0000000100000000)
  region size 1024K, 43 young (44032K), 8 survivors (8192K)
 Metaspace       used 99391K, capacity 101689K, committed 101832K, reserved 1138688K
  class space    used 12836K, capacity 13684K, committed 13696K, reserved 1048576K
}
Event: 36.540 GC heap after
{Heap after GC invocations=24 (full 0):
 garbage-first heap   total 260096K, used 187392K [0x0000000080000000, 0x0000000100000000)
  region size 1024K, 6 young (6144K), 6 survivors (6144K)
 Metaspace       used 99391K, capacity 101689K, committed 101832K, reserved 1138688K
  class space    used 12836K, capacity 13684K, committed 13696K, reserved 1048576K
}
Event: 36.895 GC heap before
{Heap before GC invocations=24 (full 0):
 garbage-first heap   total 260096K, used 209920K [0x0000000080000000, 0x0000000100000000)
  region size 1024K, 28 young (28672K), 6 survivors (6144K)
 Metaspace       used 99401K, capacity 101689K, committed 101832K, reserved 1138688K
  class space    used 12836K, capacity 13684K, committed 13696K, reserved 1048576K
}
Event: 36.909 GC heap after
{Heap after GC invocations=25 (full 0):
 garbage-first heap   total 260096K, used 198656K [0x0000000080000000, 0x0000000100000000)
  region size 1024K, 4 young (4096K), 4 survivors (4096K)
 Metaspace       used 99401K, capacity 101689K, committed 101832K, reserved 1138688K
  class space    used 12836K, capacity 13684K, committed 13696K, reserved 1048576K
}
Event: 37.023 GC heap before
{Heap before GC invocations=26 (full 0):
 garbage-first heap   total 260096K, used 214016K [0x0000000080000000, 0x0000000100000000)
  region size 1024K, 20 young (20480K), 4 survivors (4096K)
 Metaspace       used 99428K, capacity 101693K, committed 101832K, reserved 1138688K
  class space    used 12838K, capacity 13685K, committed 13696K, reserved 1048576K
}
Event: 37.032 GC heap after
{Heap after GC invocations=27 (full 0):
 garbage-first heap   total 260096K, used 207360K [0x0000000080000000, 0x0000000100000000)
  region size 1024K, 3 young (3072K), 3 survivors (3072K)
 Metaspace       used 99428K, capacity 101693K, committed 101832K, reserved 1138688K
  class space    used 12838K, capacity 13685K, committed 13696K, reserved 1048576K
}
Event: 37.265 GC heap before
{Heap before GC invocations=27 (full 0):
 garbage-first heap   total 260096K, used 218624K [0x0000000080000000, 0x0000000100000000)
  region size 1024K, 15 young (15360K), 3 survivors (3072K)
 Metaspace       used 101242K, capacity 103582K, committed 103752K, reserved 1138688K
  class space    used 13103K, capacity 13991K, committed 14080K, reserved 1048576K
}
Event: 37.271 GC heap after
{Heap after GC invocations=28 (full 0):
 garbage-first heap   total 260096K, used 210592K [0x0000000080000000, 0x0000000100000000)
  region size 1024K, 2 young (2048K), 2 survivors (2048K)
 Metaspace       used 101242K, capacity 103582K, committed 103752K, reserved 1138688K
  class space    used 13103K, capacity 13991K, committed 14080K, reserved 1048576K
}
Event: 37.390 GC heap before
{Heap before GC invocations=28 (full 0):
 garbage-first heap   total 260096K, used 221856K [0x0000000080000000, 0x0000000100000000)
  region size 1024K, 13 young (13312K), 2 survivors (2048K)
 Metaspace       used 101317K, capacity 103683K, committed 104008K, reserved 1138688K
  class space    used 13114K, capacity 14001K, committed 14080K, reserved 1048576K
}
Event: 37.398 GC heap after
{Heap after GC invocations=29 (full 0):
 garbage-first heap   total 260096K, used 212921K [0x0000000080000000, 0x0000000100000000)
  region size 1024K, 2 young (2048K), 2 survivors (2048K)
 Metaspace       used 101317K, capacity 103683K, committed 104008K, reserved 1138688K
  class space    used 13114K, capacity 14001K, committed 14080K, reserved 1048576K
}
Event: 37.705 GC heap before
{Heap before GC invocations=29 (full 0):
 garbage-first heap   total 260096K, used 210873K [0x0000000080000000, 0x0000000100000000)
  region size 1024K, 12 young (12288K), 2 survivors (2048K)
 Metaspace       used 101802K, capacity 104218K, committed 104392K, reserved 1140736K
  class space    used 13184K, capacity 14108K, committed 14208K, reserved 1048576K
}
Event: 37.711 GC heap after
{Heap after GC invocations=30 (full 0):
 garbage-first heap   total 260096K, used 202778K [0x0000000080000000, 0x0000000100000000)
  region size 1024K, 2 young (2048K), 2 survivors (2048K)
 Metaspace       used 101802K, capacity 104218K, committed 104392K, reserved 1140736K
  class space    used 13184K, capacity 14108K, committed 14208K, reserved 1048576K
}
Event: 37.828 GC heap before
{Heap before GC invocations=31 (full 0):
 garbage-first heap   total 260096K, used 217114K [0x0000000080000000, 0x0000000100000000)
  region size 1024K, 16 young (16384K), 2 survivors (2048K)
 Metaspace       used 101953K, capacity 104399K, committed 104648K, reserved 1140736K
  class space    used 13207K, capacity 14125K, committed 14208K, reserved 1048576K
}
Event: 37.831 GC heap after
{Heap after GC invocations=32 (full 0):
 garbage-first heap   total 260096K, used 204085K [0x0000000080000000, 0x0000000100000000)
  region size 1024K, 2 young (2048K), 2 survivors (2048K)
 Metaspace       used 101953K, capacity 104399K, committed 104648K, reserved 1140736K
  class space    used 13207K, capacity 14125K, committed 14208K, reserved 1048576K
}
Event: 37.904 GC heap before
{Heap before GC invocations=32 (full 0):
 garbage-first heap   total 260096K, used 214325K [0x0000000080000000, 0x0000000100000000)
  region size 1024K, 12 young (12288K), 2 survivors (2048K)
 Metaspace       used 102059K, capacity 104503K, committed 104648K, reserved 1140736K
  class space    used 13218K, capacity 14137K, committed 14208K, reserved 1048576K
}
Event: 37.919 GC heap after
{Heap after GC invocations=33 (full 0):
 garbage-first heap   total 260096K, used 194715K [0x0000000080000000, 0x0000000100000000)
  region size 1024K, 2 young (2048K), 2 survivors (2048K)
 Metaspace       used 102059K, capacity 104503K, committed 104648K, reserved 1140736K
  class space    used 13218K, capacity 14137K, committed 14208K, reserved 1048576K
}
Event: 38.037 GC heap before
{Heap before GC invocations=33 (full 0):
 garbage-first heap   total 260096K, used 213147K [0x0000000080000000, 0x0000000100000000)
  region size 1024K, 20 young (20480K), 2 survivors (2048K)
 Metaspace       used 102314K, capacity 104778K, committed 104904K, reserved 1140736K
  class space    used 13244K, capacity 14180K, committed 14208K, reserved 1048576K
}
Event: 38.041 GC heap after
{Heap after GC invocations=34 (full 0):
 garbage-first heap   total 260096K, used 196479K [0x0000000080000000, 0x0000000100000000)
  region size 1024K, 2 young (2048K), 2 survivors (2048K)
 Metaspace       used 102314K, capacity 104778K, committed 104904K, reserved 1140736K
  class space    used 13244K, capacity 14180K, committed 14208K, reserved 1048576K
}
Event: 38.388 GC heap before
{Heap before GC invocations=34 (full 0):
 garbage-first heap   total 260096K, used 216959K [0x0000000080000000, 0x0000000100000000)
  region size 1024K, 21 young (21504K), 2 survivors (2048K)
 Metaspace       used 102318K, capacity 104751K, committed 104904K, reserved 1140736K
  class space    used 13238K, capacity 14170K, committed 14208K, reserved 1048576K
}

Deoptimization events (20 events):
Event: 38.091 Thread 0x0000028cb09bf800 Uncommon trap: trap_request=0xffffffcc fr.pc=0x0000028c9a95cf64 relative=0x0000000000001cc4
Event: 38.091 Thread 0x0000028cb09bf800 Uncommon trap: reason=intrinsic_or_type_checked_inlining action=make_not_entrant pc=0x0000028c9a95cf64 method=java.util.stream.SpinedBuffer.copyInto([Ljava/lang/Object;I)V @ 51 c2
Event: 38.091 Thread 0x0000028cb09bf800 DEOPT PACKING pc=0x0000028c9a95cf64 sp=0x000000997e0fd5b0
Event: 38.091 Thread 0x0000028cb09bf800 DEOPT UNPACKING pc=0x0000028c9259a1af sp=0x000000997e0fd238 mode 2
Event: 38.178 Thread 0x0000028cb09bf800 Uncommon trap: trap_request=0xffffffcc fr.pc=0x0000028c9a96d564 relative=0x0000000000002484
Event: 38.178 Thread 0x0000028cb09bf800 Uncommon trap: reason=intrinsic_or_type_checked_inlining action=make_not_entrant pc=0x0000028c9a96d564 method=java.util.stream.SpinedBuffer.copyInto([Ljava/lang/Object;I)V @ 87 c2
Event: 38.178 Thread 0x0000028cb09bf800 DEOPT PACKING pc=0x0000028c9a96d564 sp=0x000000997e0fd5b0
Event: 38.178 Thread 0x0000028cb09bf800 DEOPT UNPACKING pc=0x0000028c9259a1af sp=0x000000997e0fd238 mode 2
Event: 38.271 Thread 0x0000028cb09bf800 Uncommon trap: trap_request=0xffffffcc fr.pc=0x0000028c9a97be60 relative=0x0000000000002700
Event: 38.271 Thread 0x0000028cb09bf800 Uncommon trap: reason=intrinsic_or_type_checked_inlining action=make_not_entrant pc=0x0000028c9a97be60 method=java.util.stream.SpinedBuffer.copyInto([Ljava/lang/Object;I)V @ 125 c2
Event: 38.271 Thread 0x0000028cb09bf800 DEOPT PACKING pc=0x0000028c9a97be60 sp=0x000000997e0fd5b0
Event: 38.271 Thread 0x0000028cb09bf800 DEOPT UNPACKING pc=0x0000028c9259a1af sp=0x000000997e0fd238 mode 2
Event: 38.375 Thread 0x0000028cb09bf800 Uncommon trap: trap_request=0xffffff5c fr.pc=0x0000028c9a95979c relative=0x00000000000006fc
Event: 38.375 Thread 0x0000028cb09bf800 Uncommon trap: reason=speculate_null_assert action=make_not_entrant pc=0x0000028c9a95979c method=com.android.tools.r8.graph.S0.a(Lcom/android/tools/r8/graph/v0$i;Lcom/android/tools/r8/graph/X;)Lcom/android/tools/r8/graph/v0$i; @ 143 c2
Event: 38.375 Thread 0x0000028cb09bf800 DEOPT PACKING pc=0x0000028c9a95979c sp=0x000000997e0fd4a0
Event: 38.375 Thread 0x0000028cb09bf800 DEOPT UNPACKING pc=0x0000028c9259a1af sp=0x000000997e0fd240 mode 2
Event: 38.375 Thread 0x0000028cb09bf800 Uncommon trap: trap_request=0xffffff5c fr.pc=0x0000028c9a960c28 relative=0x0000000000000568
Event: 38.375 Thread 0x0000028cb09bf800 Uncommon trap: reason=speculate_null_assert action=make_not_entrant pc=0x0000028c9a960c28 method=com.android.tools.r8.graph.S0.a(Lcom/android/tools/r8/graph/v0$i;Lcom/android/tools/r8/graph/X;)Lcom/android/tools/r8/graph/v0$i; @ 143 c2
Event: 38.375 Thread 0x0000028cb09bf800 DEOPT PACKING pc=0x0000028c9a960c28 sp=0x000000997e0fd3f0
Event: 38.375 Thread 0x0000028cb09bf800 DEOPT UNPACKING pc=0x0000028c9259a1af sp=0x000000997e0fd230 mode 2

Classes redefined (0 events):
No events

Internal exceptions (20 events):
Event: 35.652 Thread 0x0000028cb09be800 Exception <a 'java/lang/NoSuchMethodError'{0x000000008fc06158}: 'java.lang.Object java.lang.invoke.Invokers$Holder.linkToTargetMethod(java.lang.Object, long, java.lang.Object)'> (0x000000008fc06158) thrown at [./src/hotspot/share/interpreter/linkResolver.cpp, line 773]
Event: 35.864 Thread 0x0000028cb09c2000 Exception <a 'java/lang/NoSuchMethodError'{0x000000008f3dbd00}: 'java.lang.Object java.lang.invoke.DirectMethodHandle$Holder.newInvokeSpecial(java.lang.Object, int)'> (0x000000008f3dbd00) thrown at [./src/hotspot/share/interpreter/linkResolver.cpp, line 773]
Event: 35.996 Thread 0x0000028cb09c6000 Exception <a 'java/lang/IncompatibleClassChangeError'{0x000000008f2171f0}: Found class java.lang.Object, but interface was expected> (0x000000008f2171f0) thrown at [./src/hotspot/share/interpreter/linkResolver.cpp, line 839]
Event: 35.996 Thread 0x0000028cb09cb000 Exception <a 'java/lang/IncompatibleClassChangeError'{0x000000008ef7ceb0}: Found class java.lang.Object, but interface was expected> (0x000000008ef7ceb0) thrown at [./src/hotspot/share/interpreter/linkResolver.cpp, line 839]
Event: 35.996 Thread 0x0000028cb09c6800 Exception <a 'java/lang/IncompatibleClassChangeError'{0x000000008f24b778}: Found class java.lang.Object, but interface was expected> (0x000000008f24b778) thrown at [./src/hotspot/share/interpreter/linkResolver.cpp, line 839]
Event: 35.998 Thread 0x0000028cb09c6800 Exception <a 'java/lang/IncompatibleClassChangeError'{0x000000008efe6520}: Found class java.lang.Object, but interface was expected> (0x000000008efe6520) thrown at [./src/hotspot/share/interpreter/linkResolver.cpp, line 839]
Event: 35.999 Thread 0x0000028cb09c6800 Exception <a 'java/lang/IncompatibleClassChangeError'{0x000000008efedbc8}: Found class java.lang.Object, but interface was expected> (0x000000008efedbc8) thrown at [./src/hotspot/share/interpreter/linkResolver.cpp, line 839]
Event: 37.061 Thread 0x0000028cb09bf800 Exception <a 'java/lang/NoSuchMethodError'{0x000000008fc324c8}: 'int java.lang.invoke.DirectMethodHandle$Holder.invokeVirtual(java.lang.Object, java.lang.Object, java.lang.Object, java.lang.Object)'> (0x000000008fc324c8) thrown at [./src/hotspot/share/interpreter/linkResolver.cpp, line 773]
Event: 37.130 Thread 0x0000028cb09bf800 Exception <a 'java/lang/NoSuchMethodError'{0x000000008fa42b98}: 'void java.lang.invoke.DirectMethodHandle$Holder.invokeStatic(java.lang.Object, java.lang.Object, java.lang.Object, int)'> (0x000000008fa42b98) thrown at [./src/hotspot/share/interpreter/linkResolver.cpp, line 773]
Event: 37.130 Thread 0x0000028cb09bf800 Exception <a 'java/lang/IncompatibleClassChangeError'{0x000000008fa4aa38}: Found class java.lang.Object, but interface was expected> (0x000000008fa4aa38) thrown at [./src/hotspot/share/interpreter/linkResolver.cpp, line 839]
Event: 37.140 Thread 0x0000028cb09c6800 Exception <a 'java/lang/NoSuchMethodError'{0x000000008f90e450}: 'int java.lang.invoke.DirectMethodHandle$Holder.invokeVirtual(java.lang.Object, java.lang.Object, java.lang.Object)'> (0x000000008f90e450) thrown at [./src/hotspot/share/interpreter/linkResolver.cpp, line 773]
Event: 37.140 Thread 0x0000028cb09c6000 Exception <a 'java/lang/NoSuchMethodError'{0x000000008f900e20}: 'int java.lang.invoke.DirectMethodHandle$Holder.invokeVirtual(java.lang.Object, java.lang.Object, java.lang.Object)'> (0x000000008f900e20) thrown at [./src/hotspot/share/interpreter/linkResolver.cpp, line 773]
Event: 37.140 Thread 0x0000028cb09cb000 Exception <a 'java/lang/NoSuchMethodError'{0x000000008fafaa00}: 'int java.lang.invoke.DirectMethodHandle$Holder.invokeVirtual(java.lang.Object, java.lang.Object, java.lang.Object)'> (0x000000008fafaa00) thrown at [./src/hotspot/share/interpreter/linkResolver.cpp, line 773]
Event: 37.165 Thread 0x0000028cb09be800 Exception <a 'java/lang/NoSuchMethodError'{0x000000008f85f820}: 'int java.lang.invoke.DirectMethodHandle$Holder.invokeSpecialIFC(java.lang.Object, java.lang.Object, java.lang.Object)'> (0x000000008f85f820) thrown at [./src/hotspot/share/interpreter/linkResolver.cpp, line 773]
Event: 37.488 Thread 0x0000028cb09bf800 Implicit null exception at 0x0000028c9a81fb18 to 0x0000028c9a81fc65
Event: 37.518 Thread 0x0000028cb09bf800 Exception <a 'java/lang/NoSuchMethodError'{0x000000008fafddf8}: 'java.lang.Object java.lang.invoke.Invokers$Holder.linkToTargetMethod(java.lang.Object, int, java.lang.Object, java.lang.Object, java.lang.Object, java.lang.Object)'> (0x000000008fafddf8) thrown at [./src/hotspot/share/interpreter/linkResolver.cpp, line 773]
Event: 37.518 Thread 0x0000028cb09bf800 Exception <a 'java/lang/NoSuchMethodError'{0x000000008f901cf0}: 'void java.lang.invoke.DirectMethodHandle$Holder.invokeSpecial(java.lang.Object, java.lang.Object, java.lang.Object, java.lang.Object, java.lang.Object, java.lang.Object, java.lang.Object, java.lang.Object, java.lang.Object)'> (0x000000008f901cf0) thrown at [./src/hotspot/share/interpreter/linkResolver.cpp, line 773]
Event: 37.518 Thread 0x0000028cb09bf800 Exception <a 'java/lang/NoSuchMethodError'{0x000000008f90aee8}: 'java.lang.Object java.lang.invoke.Invokers$Holder.linkToTargetMethod(java.lang.Object, java.lang.Object, java.lang.Object, java.lang.Object, java.lang.Object, java.lang.Object, java.lang.Object)'> (0x000000008f90aee8) thrown at [./src/hotspot/share/interpreter/linkResolver.cpp, line 773]
Event: 37.527 Thread 0x0000028cb09bf800 Exception <a 'java/lang/IncompatibleClassChangeError'{0x000000008f932900}: Found class java.lang.Object, but interface was expected> (0x000000008f932900) thrown at [./src/hotspot/share/interpreter/linkResolver.cpp, line 839]
Event: 37.625 Thread 0x0000028cb09bf800 Exception <a 'java/lang/NoSuchMethodError'{0x000000008f89c500}: 'void java.lang.invoke.DirectMethodHandle$Holder.invokeStatic(java.lang.Object, java.lang.Object, java.lang.Object, java.lang.Object, java.lang.Object, java.lang.Object, java.lang.Object, java.lang.Object)'> (0x000000008f89c500) thrown at [./src/hotspot/share/interpreter/linkResolver.cpp, line 773]

Events (20 events):
Event: 37.960 loading class com/android/tools/r8/graph/v0$f done
Event: 37.960 loading class com/android/tools/r8/graph/v0$d
Event: 37.960 loading class com/android/tools/r8/graph/v0$d done
Event: 37.960 loading class com/android/tools/r8/graph/v0$f
Event: 37.960 loading class com/android/tools/r8/graph/v0$f done
Event: 37.960 loading class com/android/tools/r8/graph/v0$j
Event: 37.960 loading class com/android/tools/r8/graph/v0$j done
Event: 37.961 loading class com/android/tools/r8/graph/d0
Event: 37.961 loading class com/android/tools/r8/graph/d0 done
Event: 37.961 loading class com/android/tools/r8/graph/d0
Event: 37.961 loading class com/android/tools/r8/graph/d0 done
Event: 37.961 loading class com/android/tools/r8/graph/S0
Event: 37.961 loading class com/android/tools/r8/graph/S0 done
Event: 38.037 Executing VM operation: G1CollectForAllocation
Event: 38.041 Executing VM operation: G1CollectForAllocation done
Event: 38.089 loading class com/android/tools/r8/graph/v0$a
Event: 38.089 loading class com/android/tools/r8/graph/v0$a done
Event: 38.341 Executing VM operation: CGC_Operation
Event: 38.357 Executing VM operation: CGC_Operation done
Event: 38.388 Executing VM operation: G1CollectForAllocation


Dynamic libraries:
0x00007ff63be40000 - 0x00007ff63be4d000 	C:\Users\Usuario\.jdks\corretto-11.0.12\bin\java.exe
0x00007ffafb6b0000 - 0x00007ffafb8a5000 	C:\WINDOWS\SYSTEM32\ntdll.dll
0x00007ffaf9f00000 - 0x00007ffaf9fbe000 	C:\WINDOWS\System32\KERNEL32.DLL
0x00007ffaf8f50000 - 0x00007ffaf9219000 	C:\WINDOWS\System32\KERNELBASE.dll
0x00007ffaf93f0000 - 0x00007ffaf94f0000 	C:\WINDOWS\System32\ucrtbase.dll
0x00007ffae5d50000 - 0x00007ffae5d69000 	C:\Users\Usuario\.jdks\corretto-11.0.12\bin\VCRUNTIME140.dll
0x00007ffae5a70000 - 0x00007ffae5a87000 	C:\Users\Usuario\.jdks\corretto-11.0.12\bin\jli.dll
0x00007ffaf9ca0000 - 0x00007ffaf9e41000 	C:\WINDOWS\System32\USER32.dll
0x00007ffaf8dd0000 - 0x00007ffaf8df2000 	C:\WINDOWS\System32\win32u.dll
0x00007ffaddf90000 - 0x00007ffade22a000 	C:\WINDOWS\WinSxS\amd64_microsoft.windows.common-controls_6595b64144ccf1df_6.0.19041.1110_none_60b5254171f9507e\COMCTL32.dll
0x00007ffafa100000 - 0x00007ffafa12b000 	C:\WINDOWS\System32\GDI32.dll
0x00007ffaf97f0000 - 0x00007ffaf988e000 	C:\WINDOWS\System32\msvcrt.dll
0x00007ffaf92e0000 - 0x00007ffaf93eb000 	C:\WINDOWS\System32\gdi32full.dll
0x00007ffaf8eb0000 - 0x00007ffaf8f4d000 	C:\WINDOWS\System32\msvcp_win.dll
0x00007ffafb640000 - 0x00007ffafb670000 	C:\WINDOWS\System32\IMM32.DLL
0x00007ffad42f0000 - 0x00007ffad438b000 	C:\Users\Usuario\.jdks\corretto-11.0.12\bin\msvcp140.dll
0x00007ffaa1d20000 - 0x00007ffaa287a000 	C:\Users\Usuario\.jdks\corretto-11.0.12\bin\server\jvm.dll
0x00007ffaf99f0000 - 0x00007ffaf9a9c000 	C:\WINDOWS\System32\ADVAPI32.dll
0x00007ffafa930000 - 0x00007ffafa9cb000 	C:\WINDOWS\System32\sechost.dll
0x00007ffafb090000 - 0x00007ffafb1ba000 	C:\WINDOWS\System32\RPCRT4.dll
0x00007ffafa9d0000 - 0x00007ffafa9d8000 	C:\WINDOWS\System32\PSAPI.DLL
0x00007ffade560000 - 0x00007ffade569000 	C:\WINDOWS\SYSTEM32\WSOCK32.dll
0x00007ffae5c00000 - 0x00007ffae5c27000 	C:\WINDOWS\SYSTEM32\WINMM.dll
0x00007ffaefce0000 - 0x00007ffaefcea000 	C:\WINDOWS\SYSTEM32\VERSION.dll
0x00007ffaf98f0000 - 0x00007ffaf995b000 	C:\WINDOWS\System32\WS2_32.dll
0x00007ffaf76a0000 - 0x00007ffaf76b2000 	C:\WINDOWS\SYSTEM32\kernel.appcore.dll
0x00007ffae5a50000 - 0x00007ffae5a60000 	C:\Users\Usuario\.jdks\corretto-11.0.12\bin\verify.dll
0x00007ffae8070000 - 0x00007ffae8254000 	C:\WINDOWS\SYSTEM32\DBGHELP.DLL
0x00007ffae6ec0000 - 0x00007ffae6eec000 	C:\WINDOWS\SYSTEM32\dbgcore.DLL
0x00007ffaf9250000 - 0x00007ffaf92d3000 	C:\WINDOWS\System32\bcryptPrimitives.dll
0x00007ffad49b0000 - 0x00007ffad49d8000 	C:\Users\Usuario\.jdks\corretto-11.0.12\bin\java.dll
0x00007ffae5a40000 - 0x00007ffae5a4a000 	C:\Users\Usuario\.jdks\corretto-11.0.12\bin\jimage.dll
0x00007ffaddbb0000 - 0x00007ffaddbc7000 	C:\Users\Usuario\.jdks\corretto-11.0.12\bin\zip.dll
0x00007ffafa1f0000 - 0x00007ffafa92f000 	C:\WINDOWS\System32\SHELL32.dll
0x00007ffaf6ed0000 - 0x00007ffaf7660000 	C:\WINDOWS\SYSTEM32\windows.storage.dll
0x00007ffafab80000 - 0x00007ffafaed5000 	C:\WINDOWS\System32\combase.dll
0x00007ffaf8820000 - 0x00007ffaf884c000 	C:\WINDOWS\SYSTEM32\Wldp.dll
0x00007ffafa9e0000 - 0x00007ffafaa8d000 	C:\WINDOWS\System32\SHCORE.dll
0x00007ffafa130000 - 0x00007ffafa185000 	C:\WINDOWS\System32\shlwapi.dll
0x00007ffaf8d10000 - 0x00007ffaf8d2f000 	C:\WINDOWS\SYSTEM32\profapi.dll
0x00007ffadda80000 - 0x00007ffadda99000 	C:\Users\Usuario\.jdks\corretto-11.0.12\bin\net.dll
0x00007ffaf2280000 - 0x00007ffaf2388000 	C:\WINDOWS\SYSTEM32\WINHTTP.dll
0x00007ffaf84b0000 - 0x00007ffaf851a000 	C:\WINDOWS\system32\mswsock.dll
0x00007ffadd020000 - 0x00007ffadd032000 	C:\Users\Usuario\.jdks\corretto-11.0.12\bin\nio.dll
0x00007ffad4ee0000 - 0x00007ffad4f07000 	C:\Users\Usuario\.gradle\native\8bec1ad78214c89d9ad589b4d07fe93259594b29d510b10fafb7a158f7737e5d\windows-amd64\native-platform.dll
0x00007ffab7420000 - 0x00007ffab755d000 	C:\Users\Usuario\.gradle\native\53dbd7edfb1c66fb8903c78663c9afc45aea4f116125fa6feffd364cf09443e8\windows-amd64\native-platform-file-events.dll
0x00007ffade860000 - 0x00007ffade869000 	C:\Users\Usuario\.jdks\corretto-11.0.12\bin\management.dll
0x00007ffade690000 - 0x00007ffade69b000 	C:\Users\Usuario\.jdks\corretto-11.0.12\bin\management_ext.dll
0x00007ffaf8700000 - 0x00007ffaf8718000 	C:\WINDOWS\SYSTEM32\CRYPTSP.dll
0x00007ffaf7e30000 - 0x00007ffaf7e64000 	C:\WINDOWS\system32\rsaenh.dll
0x00007ffaf9220000 - 0x00007ffaf9247000 	C:\WINDOWS\System32\bcrypt.dll
0x00007ffaf8cd0000 - 0x00007ffaf8cfe000 	C:\WINDOWS\SYSTEM32\USERENV.dll
0x00007ffaf8720000 - 0x00007ffaf872c000 	C:\WINDOWS\SYSTEM32\CRYPTBASE.dll
0x00007ffaf81a0000 - 0x00007ffaf81db000 	C:\WINDOWS\SYSTEM32\IPHLPAPI.DLL
0x00007ffaf9700000 - 0x00007ffaf9708000 	C:\WINDOWS\System32\NSI.dll
0x00007ffaf2c90000 - 0x00007ffaf2ca7000 	C:\WINDOWS\SYSTEM32\dhcpcsvc6.DLL
0x00007ffaf2c70000 - 0x00007ffaf2c8d000 	C:\WINDOWS\SYSTEM32\dhcpcsvc.DLL
0x00007ffaf81e0000 - 0x00007ffaf82ac000 	C:\WINDOWS\SYSTEM32\DNSAPI.dll

dbghelp: loaded successfully - version: 4.0.5 - missing functions: none
symbol engine: initialized successfully - sym options: 0x614 - pdb path: .;C:\Users\Usuario\.jdks\corretto-11.0.12\bin;C:\WINDOWS\SYSTEM32;C:\WINDOWS\WinSxS\amd64_microsoft.windows.common-controls_6595b64144ccf1df_6.0.19041.1110_none_60b5254171f9507e;C:\Users\Usuario\.jdks\corretto-11.0.12\bin\server;C:\Users\Usuario\.gradle\native\8bec1ad78214c89d9ad589b4d07fe93259594b29d510b10fafb7a158f7737e5d\windows-amd64;C:\Users\Usuario\.gradle\native\53dbd7edfb1c66fb8903c78663c9afc45aea4f116125fa6feffd364cf09443e8\windows-amd64

VM Arguments:
jvm_args: --add-opens=java.base/java.util=ALL-UNNAMED --add-opens=java.base/java.lang=ALL-UNNAMED --add-opens=java.base/java.lang.invoke=ALL-UNNAMED --add-opens=java.base/java.util=ALL-UNNAMED --add-opens=java.prefs/java.util.prefs=ALL-UNNAMED --add-opens=java.prefs/java.util.prefs=ALL-UNNAMED --add-opens=java.base/java.nio.charset=ALL-UNNAMED --add-opens=java.base/java.net=ALL-UNNAMED --add-opens=java.base/java.util.concurrent.atomic=ALL-UNNAMED -Xmx2048m -Dfile.encoding=UTF-8 -Duser.country=BR -Duser.language=pt -Duser.variant 
java_command: org.gradle.launcher.daemon.bootstrap.GradleDaemon 7.0.2
java_class_path (initial): C:\Users\Usuario\.gradle\wrapper\dists\gradle-7.0.2-bin\857tjihv64xamwrf0h14cai3r\gradle-7.0.2\lib\gradle-launcher-7.0.2.jar
Launcher Type: SUN_STANDARD

[Global flags]
     intx CICompilerCount                          = 3                                         {product} {ergonomic}
     uint ConcGCThreads                            = 1                                         {product} {ergonomic}
     uint G1ConcRefinementThreads                  = 4                                         {product} {ergonomic}
   size_t G1HeapRegionSize                         = 1048576                                   {product} {ergonomic}
    uintx GCDrainStackTargetSize                   = 64                                        {product} {ergonomic}
   size_t InitialHeapSize                          = 266338304                                 {product} {ergonomic}
   size_t MarkStackSize                            = 4194304                                   {product} {ergonomic}
   size_t MaxHeapSize                              = 2147483648                                {product} {command line}
   size_t MaxNewSize                               = 1287651328                                {product} {ergonomic}
   size_t MinHeapDeltaBytes                        = 1048576                                   {product} {ergonomic}
    uintx NonNMethodCodeHeapSize                   = 5830732                                {pd product} {ergonomic}
    uintx NonProfiledCodeHeapSize                  = 122913754                              {pd product} {ergonomic}
    uintx ProfiledCodeHeapSize                     = 122913754                              {pd product} {ergonomic}
    uintx ReservedCodeCacheSize                    = 251658240                              {pd product} {ergonomic}
     bool SegmentedCodeCache                       = true                                      {product} {ergonomic}
     bool UseCompressedClassPointers               = true                                 {lp64_product} {ergonomic}
     bool UseCompressedOops                        = true                                 {lp64_product} {ergonomic}
     bool UseG1GC                                  = true                                      {product} {ergonomic}
     bool UseLargePagesIndividualAllocation        = false                                  {pd product} {ergonomic}

Logging:
Log output configuration:
 #0: stdout all=warning uptime,level,tags
 #1: stderr all=off uptime,level,tags

Environment Variables:
JAVA_HOME=C:\Program Files\OpenJDK\openjdk-8u302-b08
PATH=C:\Python27\;C:\Python27\Scripts;C:\Python39\Scripts\;C:\Python39\;C:\Program Files (x86)\Python38-32\Scripts\;C:\Program Files (x86)\Python38-32\;C:\Program Files\Python36\Scripts\;C:\Program Files\Python36\;C:\Program Files (x86)\Common Files\Intel\Shared Files\cpp\bin\Intel64;C:\ProgramData\Oracle\Java\javapath;C:\WINDOWS\system32;C:\WINDOWS;C:\WINDOWS\System32\Wbem;C:\WINDOWS\System32\WindowsPowerShell\v1.0\;%M2_MAVEN%\bin;C:\Program Files\Microsoft SQL Server\130\Tools\Binn\;C:\Program Files\dotnet\;C:\Program Files\Microsoft SQL Server\Client SDK\ODBC\110\Tools\Binn\;C:\Program Files (x86)\Microsoft SQL Server\120\Tools\Binn\;C:\Program Files\Microsoft SQL Server\120\Tools\Binn\;C:\Program Files\Microsoft SQL Server\120\DTS\Binn\;C:\Program Files (x86)\MySQL\MySQL Utilities 1.6\;C:\WINDOWS\System32\OpenSSH\;C:\Program Files\Microsoft VS Code\bin;C:\Program Files\Microsoft\Web Platform Installer\;C:\Program Files\Microsoft SQL Server\Client SDK\ODBC\170\Tools\Binn\;C:\Program Files\LOVE\;C:\Program Files;C:\Users\Usuario\AppData\Local\Microsoft\WindowsApps;C:\Program Files\Microsoft VS Code\bin;C:\Users\Usuario\AppData\Local\Programs\Python\Python36\Scripts;C:\Program Files\Amazon\AWSCLI\bin;C:\Program Files\JetBrains\IntelliJ IDEA Community Edition 2021.1.3\bin;;C:\Program Files\Graphviz\bin;%MVN_HOME%\bin;C:\flutter\bin;C:\Users\Usuario\AppData\Roaming\npm;C:\Users\Usuario\AppData\Local\Yarn\bin
USERNAME=Usuario
OS=Windows_NT
PROCESSOR_IDENTIFIER=Intel64 Family 6 Model 158 Stepping 9, GenuineIntel



---------------  S Y S T E M  ---------------

OS: Windows 10 , 64 bit Build 19041 (10.0.19041.1202)
OS uptime: 1 days 1:35 hours

CPU:total 4 (initial active 4) (4 cores per cpu, 1 threads per core) family 6 model 158 stepping 9 microcode 0xb4, cmov, cx8, fxsr, mmx, sse, sse2, sse3, ssse3, sse4.1, sse4.2, popcnt, avx, avx2, aes, clmul, erms, rtm, 3dnowpref, lzcnt, tsc, tscinvbit, bmi1, bmi2, adx, fma

Memory: 4k page, system-wide physical 16246M (1749M free)
TotalPageFile size 19172M (AvailPageFile size 47M)
current process WorkingSet (physical memory assigned to process): 542M, peak: 542M
current process commit charge ("private bytes"): 588M, peak: 696M

vm_info: OpenJDK 64-Bit Server VM (11.0.12+7-LTS) for windows-amd64 JRE (11.0.12+7-LTS), built on Jul 13 2021 17:58:36 by "Administrator" with unknown MS VC++:1916

END.
